2023-04-27 02:35:21,027 INFO terasort.TeraSort: starting
2023-04-27 02:35:50,490 INFO input.FileInputFormat: Total input files to process : 1
Spent 28560ms computing base-splits.
Spent 2ms computing TeraScheduler splits.
Computing input splits took 28563ms
Sampling 8 splits of 8
Making 1 from 100000 sampled records
Computing parititions took 712ms
Spent 29278ms computing partitions.
2023-04-27 02:35:51,263 INFO impl.MetricsConfig: loaded properties from hadoop-metrics2.properties
2023-04-27 02:35:51,362 INFO impl.MetricsSystemImpl: Scheduled snapshot period at 10 second(s).
2023-04-27 02:35:51,362 INFO impl.MetricsSystemImpl: JobTracker metrics system started
2023-04-27 02:35:51,514 INFO mapreduce.JobSubmitter: number of splits:8
2023-04-27 02:35:51,624 INFO mapreduce.JobSubmitter: Submitting tokens for job: job_local1225399970_0001
2023-04-27 02:35:51,993 INFO mapred.LocalDistributedCacheManager: Creating symlink: /tmp/hadoop-jjwong0915/mapred/local/1682562951821/_partition.lst <- /home/jjwong0915/perf-dx/reproduce/automated/HADOOP-9106/_partition.lst
2023-04-27 02:35:51,999 INFO mapred.LocalDistributedCacheManager: Localized hdfs://localhost:9000/output/_partition.lst as file:/tmp/hadoop-jjwong0915/mapred/local/1682562951821/_partition.lst
2023-04-27 02:35:52,121 INFO mapreduce.Job: The url to track the job: http://localhost:8080/
2023-04-27 02:35:52,125 INFO mapreduce.Job: Running job: job_local1225399970_0001
2023-04-27 02:35:52,125 INFO mapred.LocalJobRunner: OutputCommitter set in config null
2023-04-27 02:35:52,127 INFO output.FileOutputCommitter: File Output Committer Algorithm version is 2
2023-04-27 02:35:52,127 INFO output.FileOutputCommitter: FileOutputCommitter skip cleanup _temporary folders under output directory:false, ignore cleanup failures: false
2023-04-27 02:35:52,129 INFO mapred.LocalJobRunner: OutputCommitter is org.apache.hadoop.mapreduce.lib.output.FileOutputCommitter
2023-04-27 02:35:52,162 INFO mapred.LocalJobRunner: Waiting for map tasks
2023-04-27 02:35:52,163 INFO mapred.LocalJobRunner: Starting task: attempt_local1225399970_0001_m_000000_0
2023-04-27 02:35:52,183 INFO output.FileOutputCommitter: File Output Committer Algorithm version is 2
2023-04-27 02:35:52,185 INFO output.FileOutputCommitter: FileOutputCommitter skip cleanup _temporary folders under output directory:false, ignore cleanup failures: false
2023-04-27 02:35:52,205 INFO mapred.Task:  Using ResourceCalculatorProcessTree : [ ]
2023-04-27 02:35:52,208 INFO mapred.MapTask: Processing split: hdfs://localhost:9000/input/part-m-00000:0+134217728
2023-04-27 02:35:52,249 INFO mapred.MapTask: (EQUATOR) 0 kvi 26214396(104857584)
2023-04-27 02:35:52,249 INFO mapred.MapTask: mapreduce.task.io.sort.mb: 100
2023-04-27 02:35:52,249 INFO mapred.MapTask: soft limit at 83886080
2023-04-27 02:35:52,249 INFO mapred.MapTask: bufstart = 0; bufvoid = 104857600
2023-04-27 02:35:52,249 INFO mapred.MapTask: kvstart = 26214396; length = 6553600
2023-04-27 02:35:52,254 INFO mapred.MapTask: Map output collector class = org.apache.hadoop.mapred.MapTask$MapOutputBuffer
2023-04-27 02:35:53,129 INFO mapreduce.Job: Job job_local1225399970_0001 running in uber mode : false
2023-04-27 02:35:53,130 INFO mapreduce.Job:  map 0% reduce 0%
2023-04-27 02:35:53,167 INFO mapred.MapTask: Spilling map output
2023-04-27 02:35:53,167 INFO mapred.MapTask: bufstart = 0; bufend = 72511698; bufvoid = 104857600
2023-04-27 02:35:53,167 INFO mapred.MapTask: kvstart = 26214396(104857584); kvend = 23370804(93483216); length = 2843593/6553600
2023-04-27 02:35:53,167 INFO mapred.MapTask: (EQUATOR) 75355282 kvi 18838816(75355264)
2023-04-27 02:35:55,798 INFO mapred.MapTask: Finished spill 0
2023-04-27 02:35:55,799 INFO mapred.MapTask: (RESET) equator 75355282 kv 18838816(75355264) kvi 18127932(72511728)
2023-04-27 02:35:56,195 INFO mapred.LocalJobRunner: 
2023-04-27 02:35:56,196 INFO mapred.MapTask: Starting flush of map output
2023-04-27 02:35:56,196 INFO mapred.MapTask: Spilling map output
2023-04-27 02:35:56,196 INFO mapred.MapTask: bufstart = 75355282; bufend = 34888140; bufvoid = 104857600
2023-04-27 02:35:56,196 INFO mapred.MapTask: kvstart = 18838816(75355264); kvend = 16313704(65254816); length = 2525113/6553600
2023-04-27 02:35:58,170 INFO mapred.MapTask: Finished spill 1
2023-04-27 02:35:58,177 INFO mapred.Merger: Merging 2 sorted segments
2023-04-27 02:35:58,184 INFO mapred.Merger: Down to the last merge-pass, with 2 segments left of total size: 139586498 bytes
2023-04-27 02:35:58,204 INFO mapred.LocalJobRunner: map > sort > 
2023-04-27 02:35:59,136 INFO mapreduce.Job:  map 8% reduce 0%
2023-04-27 02:35:59,780 INFO mapred.Task: Task:attempt_local1225399970_0001_m_000000_0 is done. And is in the process of committing
2023-04-27 02:35:59,786 INFO mapred.LocalJobRunner: map > sort
2023-04-27 02:35:59,786 INFO mapred.Task: Task 'attempt_local1225399970_0001_m_000000_0' done.
2023-04-27 02:35:59,786 INFO mapred.LocalJobRunner: Finishing task: attempt_local1225399970_0001_m_000000_0
2023-04-27 02:35:59,786 INFO mapred.LocalJobRunner: Starting task: attempt_local1225399970_0001_m_000001_0
2023-04-27 02:35:59,787 INFO output.FileOutputCommitter: File Output Committer Algorithm version is 2
2023-04-27 02:35:59,788 INFO output.FileOutputCommitter: FileOutputCommitter skip cleanup _temporary folders under output directory:false, ignore cleanup failures: false
2023-04-27 02:35:59,788 INFO mapred.Task:  Using ResourceCalculatorProcessTree : [ ]
2023-04-27 02:35:59,790 INFO mapred.MapTask: Processing split: hdfs://localhost:9000/input/part-m-00000:134217728+134217728
2023-04-27 02:35:59,812 INFO mapred.MapTask: (EQUATOR) 0 kvi 26214396(104857584)
2023-04-27 02:35:59,812 INFO mapred.MapTask: mapreduce.task.io.sort.mb: 100
2023-04-27 02:35:59,812 INFO mapred.MapTask: soft limit at 83886080
2023-04-27 02:35:59,812 INFO mapred.MapTask: bufstart = 0; bufvoid = 104857600
2023-04-27 02:35:59,812 INFO mapred.MapTask: kvstart = 26214396; length = 6553600
2023-04-27 02:35:59,813 INFO mapred.MapTask: Map output collector class = org.apache.hadoop.mapred.MapTask$MapOutputBuffer
2023-04-27 02:36:00,137 INFO mapreduce.Job:  map 100% reduce 0%
2023-04-27 02:36:00,330 INFO mapred.MapTask: Spilling map output
2023-04-27 02:36:00,331 INFO mapred.MapTask: bufstart = 0; bufend = 72511698; bufvoid = 104857600
2023-04-27 02:36:00,331 INFO mapred.MapTask: kvstart = 26214396(104857584); kvend = 23370804(93483216); length = 2843593/6553600
2023-04-27 02:36:00,331 INFO mapred.MapTask: (EQUATOR) 75355282 kvi 18838816(75355264)
2023-04-27 02:36:03,088 INFO mapred.MapTask: Finished spill 0
2023-04-27 02:36:03,088 INFO mapred.MapTask: (RESET) equator 75355282 kv 18838816(75355264) kvi 18127932(72511728)
2023-04-27 02:36:03,583 INFO mapred.LocalJobRunner: 
2023-04-27 02:36:03,584 INFO mapred.MapTask: Starting flush of map output
2023-04-27 02:36:03,584 INFO mapred.MapTask: Spilling map output
2023-04-27 02:36:03,584 INFO mapred.MapTask: bufstart = 75355282; bufend = 34888038; bufvoid = 104857600
2023-04-27 02:36:03,584 INFO mapred.MapTask: kvstart = 18838816(75355264); kvend = 16313708(65254832); length = 2525109/6553600
2023-04-27 02:36:04,139 INFO mapreduce.Job:  map 13% reduce 0%
2023-04-27 02:36:05,506 INFO mapred.MapTask: Finished spill 1
2023-04-27 02:36:05,508 INFO mapred.Merger: Merging 2 sorted segments
2023-04-27 02:36:05,509 INFO mapred.Merger: Down to the last merge-pass, with 2 segments left of total size: 139586394 bytes
2023-04-27 02:36:05,846 INFO mapred.LocalJobRunner: map > sort > 
2023-04-27 02:36:06,140 INFO mapreduce.Job:  map 21% reduce 0%
2023-04-27 02:36:07,132 INFO mapred.Task: Task:attempt_local1225399970_0001_m_000001_0 is done. And is in the process of committing
2023-04-27 02:36:07,137 INFO mapred.LocalJobRunner: map > sort
2023-04-27 02:36:07,137 INFO mapred.Task: Task 'attempt_local1225399970_0001_m_000001_0' done.
2023-04-27 02:36:07,137 INFO mapred.LocalJobRunner: Finishing task: attempt_local1225399970_0001_m_000001_0
2023-04-27 02:36:07,137 INFO mapred.LocalJobRunner: Starting task: attempt_local1225399970_0001_m_000002_0
2023-04-27 02:36:07,140 INFO output.FileOutputCommitter: File Output Committer Algorithm version is 2
2023-04-27 02:36:07,140 INFO mapreduce.Job:  map 100% reduce 0%
2023-04-27 02:36:07,140 INFO output.FileOutputCommitter: FileOutputCommitter skip cleanup _temporary folders under output directory:false, ignore cleanup failures: false
2023-04-27 02:36:07,141 INFO mapred.Task:  Using ResourceCalculatorProcessTree : [ ]
2023-04-27 02:36:07,142 INFO mapred.MapTask: Processing split: hdfs://localhost:9000/input/part-m-00000:268435456+134217728
2023-04-27 02:36:07,160 INFO mapred.MapTask: (EQUATOR) 0 kvi 26214396(104857584)
2023-04-27 02:36:07,160 INFO mapred.MapTask: mapreduce.task.io.sort.mb: 100
2023-04-27 02:36:07,160 INFO mapred.MapTask: soft limit at 83886080
2023-04-27 02:36:07,160 INFO mapred.MapTask: bufstart = 0; bufvoid = 104857600
2023-04-27 02:36:07,160 INFO mapred.MapTask: kvstart = 26214396; length = 6553600
2023-04-27 02:36:07,161 INFO mapred.MapTask: Map output collector class = org.apache.hadoop.mapred.MapTask$MapOutputBuffer
2023-04-27 02:36:07,606 INFO mapred.MapTask: Spilling map output
2023-04-27 02:36:07,606 INFO mapred.MapTask: bufstart = 0; bufend = 72511698; bufvoid = 104857600
2023-04-27 02:36:07,606 INFO mapred.MapTask: kvstart = 26214396(104857584); kvend = 23370804(93483216); length = 2843593/6553600
2023-04-27 02:36:07,606 INFO mapred.MapTask: (EQUATOR) 75355282 kvi 18838816(75355264)
2023-04-27 02:36:09,969 INFO mapred.MapTask: Finished spill 0
2023-04-27 02:36:09,970 INFO mapred.MapTask: (RESET) equator 75355282 kv 18838816(75355264) kvi 18127932(72511728)
2023-04-27 02:36:10,515 INFO mapred.LocalJobRunner: 
2023-04-27 02:36:10,515 INFO mapred.MapTask: Starting flush of map output
2023-04-27 02:36:10,515 INFO mapred.MapTask: Spilling map output
2023-04-27 02:36:10,515 INFO mapred.MapTask: bufstart = 75355282; bufend = 34888038; bufvoid = 104857600
2023-04-27 02:36:10,515 INFO mapred.MapTask: kvstart = 18838816(75355264); kvend = 16313708(65254832); length = 2525109/6553600
2023-04-27 02:36:11,330 INFO mapreduce.Job:  map 25% reduce 0%
2023-04-27 02:36:12,346 INFO mapred.MapTask: Finished spill 1
2023-04-27 02:36:12,347 INFO mapred.Merger: Merging 2 sorted segments
2023-04-27 02:36:12,348 INFO mapred.Merger: Down to the last merge-pass, with 2 segments left of total size: 139586394 bytes
2023-04-27 02:36:13,331 INFO mapred.LocalJobRunner: map > sort > 
2023-04-27 02:36:13,831 INFO mapred.Task: Task:attempt_local1225399970_0001_m_000002_0 is done. And is in the process of committing
2023-04-27 02:36:13,835 INFO mapred.LocalJobRunner: map > sort
2023-04-27 02:36:13,835 INFO mapred.Task: Task 'attempt_local1225399970_0001_m_000002_0' done.
2023-04-27 02:36:13,836 INFO mapred.LocalJobRunner: Finishing task: attempt_local1225399970_0001_m_000002_0
2023-04-27 02:36:13,836 INFO mapred.LocalJobRunner: Starting task: attempt_local1225399970_0001_m_000003_0
2023-04-27 02:36:13,837 INFO output.FileOutputCommitter: File Output Committer Algorithm version is 2
2023-04-27 02:36:13,838 INFO output.FileOutputCommitter: FileOutputCommitter skip cleanup _temporary folders under output directory:false, ignore cleanup failures: false
2023-04-27 02:36:13,838 INFO mapred.Task:  Using ResourceCalculatorProcessTree : [ ]
2023-04-27 02:36:13,840 INFO mapred.MapTask: Processing split: hdfs://localhost:9000/input/part-m-00000:402653184+134217728
2023-04-27 02:36:13,856 INFO mapred.MapTask: (EQUATOR) 0 kvi 26214396(104857584)
2023-04-27 02:36:13,857 INFO mapred.MapTask: mapreduce.task.io.sort.mb: 100
2023-04-27 02:36:13,857 INFO mapred.MapTask: soft limit at 83886080
2023-04-27 02:36:13,857 INFO mapred.MapTask: bufstart = 0; bufvoid = 104857600
2023-04-27 02:36:13,857 INFO mapred.MapTask: kvstart = 26214396; length = 6553600
2023-04-27 02:36:13,858 INFO mapred.MapTask: Map output collector class = org.apache.hadoop.mapred.MapTask$MapOutputBuffer
2023-04-27 02:36:14,253 INFO mapred.MapTask: Spilling map output
2023-04-27 02:36:14,253 INFO mapred.MapTask: bufstart = 0; bufend = 72511698; bufvoid = 104857600
2023-04-27 02:36:14,254 INFO mapred.MapTask: kvstart = 26214396(104857584); kvend = 23370804(93483216); length = 2843593/6553600
2023-04-27 02:36:14,254 INFO mapred.MapTask: (EQUATOR) 75355282 kvi 18838816(75355264)
2023-04-27 02:36:14,332 INFO mapreduce.Job:  map 100% reduce 0%
2023-04-27 02:36:16,384 INFO mapred.MapTask: Finished spill 0
2023-04-27 02:36:16,385 INFO mapred.MapTask: (RESET) equator 75355282 kv 18838816(75355264) kvi 18127932(72511728)
2023-04-27 02:36:16,929 INFO mapred.LocalJobRunner: 
2023-04-27 02:36:16,929 INFO mapred.MapTask: Starting flush of map output
2023-04-27 02:36:16,929 INFO mapred.MapTask: Spilling map output
2023-04-27 02:36:16,929 INFO mapred.MapTask: bufstart = 75355282; bufend = 34888140; bufvoid = 104857600
2023-04-27 02:36:16,930 INFO mapred.MapTask: kvstart = 18838816(75355264); kvend = 16313704(65254816); length = 2525113/6553600
2023-04-27 02:36:17,333 INFO mapreduce.Job:  map 38% reduce 0%
2023-04-27 02:36:18,846 INFO mapred.MapTask: Finished spill 1
2023-04-27 02:36:18,850 INFO mapred.Merger: Merging 2 sorted segments
2023-04-27 02:36:18,851 INFO mapred.Merger: Down to the last merge-pass, with 2 segments left of total size: 139586498 bytes
2023-04-27 02:36:19,840 INFO mapred.LocalJobRunner: map > sort > 
2023-04-27 02:36:20,321 INFO mapred.Task: Task:attempt_local1225399970_0001_m_000003_0 is done. And is in the process of committing
2023-04-27 02:36:20,326 INFO mapred.LocalJobRunner: map > sort
2023-04-27 02:36:20,326 INFO mapred.Task: Task 'attempt_local1225399970_0001_m_000003_0' done.
2023-04-27 02:36:20,326 INFO mapred.LocalJobRunner: Finishing task: attempt_local1225399970_0001_m_000003_0
2023-04-27 02:36:20,326 INFO mapred.LocalJobRunner: Starting task: attempt_local1225399970_0001_m_000004_0
2023-04-27 02:36:20,328 INFO output.FileOutputCommitter: File Output Committer Algorithm version is 2
2023-04-27 02:36:20,328 INFO output.FileOutputCommitter: FileOutputCommitter skip cleanup _temporary folders under output directory:false, ignore cleanup failures: false
2023-04-27 02:36:20,329 INFO mapred.Task:  Using ResourceCalculatorProcessTree : [ ]
2023-04-27 02:36:20,330 INFO mapred.MapTask: Processing split: hdfs://localhost:9000/input/part-m-00000:805306368+134217728
2023-04-27 02:36:20,335 INFO mapreduce.Job:  map 100% reduce 0%
2023-04-27 02:36:20,347 INFO mapred.MapTask: (EQUATOR) 0 kvi 26214396(104857584)
2023-04-27 02:36:20,347 INFO mapred.MapTask: mapreduce.task.io.sort.mb: 100
2023-04-27 02:36:20,347 INFO mapred.MapTask: soft limit at 83886080
2023-04-27 02:36:20,347 INFO mapred.MapTask: bufstart = 0; bufvoid = 104857600
2023-04-27 02:36:20,347 INFO mapred.MapTask: kvstart = 26214396; length = 6553600
2023-04-27 02:36:20,348 INFO mapred.MapTask: Map output collector class = org.apache.hadoop.mapred.MapTask$MapOutputBuffer
2023-04-27 02:36:20,743 INFO mapred.MapTask: Spilling map output
2023-04-27 02:36:20,743 INFO mapred.MapTask: bufstart = 0; bufend = 72511698; bufvoid = 104857600
2023-04-27 02:36:20,743 INFO mapred.MapTask: kvstart = 26214396(104857584); kvend = 23370804(93483216); length = 2843593/6553600
2023-04-27 02:36:20,743 INFO mapred.MapTask: (EQUATOR) 75355282 kvi 18838816(75355264)
2023-04-27 02:36:22,814 INFO mapred.MapTask: Finished spill 0
2023-04-27 02:36:22,815 INFO mapred.MapTask: (RESET) equator 75355282 kv 18838816(75355264) kvi 18127932(72511728)
2023-04-27 02:36:23,063 INFO mapred.LocalJobRunner: 
2023-04-27 02:36:23,064 INFO mapred.MapTask: Starting flush of map output
2023-04-27 02:36:23,064 INFO mapred.MapTask: Spilling map output
2023-04-27 02:36:23,064 INFO mapred.MapTask: bufstart = 75355282; bufend = 34888038; bufvoid = 104857600
2023-04-27 02:36:23,064 INFO mapred.MapTask: kvstart = 18838816(75355264); kvend = 16313708(65254832); length = 2525109/6553600
2023-04-27 02:36:23,337 INFO mapreduce.Job:  map 50% reduce 0%
2023-04-27 02:36:24,745 INFO mapred.MapTask: Finished spill 1
2023-04-27 02:36:24,746 INFO mapred.Merger: Merging 2 sorted segments
2023-04-27 02:36:24,747 INFO mapred.Merger: Down to the last merge-pass, with 2 segments left of total size: 139586394 bytes
2023-04-27 02:36:26,239 INFO mapred.Task: Task:attempt_local1225399970_0001_m_000004_0 is done. And is in the process of committing
2023-04-27 02:36:26,243 INFO mapred.LocalJobRunner: map > sort
2023-04-27 02:36:26,243 INFO mapred.Task: Task 'attempt_local1225399970_0001_m_000004_0' done.
2023-04-27 02:36:26,243 INFO mapred.LocalJobRunner: Finishing task: attempt_local1225399970_0001_m_000004_0
2023-04-27 02:36:26,243 INFO mapred.LocalJobRunner: Starting task: attempt_local1225399970_0001_m_000005_0
2023-04-27 02:36:26,245 INFO output.FileOutputCommitter: File Output Committer Algorithm version is 2
2023-04-27 02:36:26,245 INFO output.FileOutputCommitter: FileOutputCommitter skip cleanup _temporary folders under output directory:false, ignore cleanup failures: false
2023-04-27 02:36:26,245 INFO mapred.Task:  Using ResourceCalculatorProcessTree : [ ]
2023-04-27 02:36:26,246 INFO mapred.MapTask: Processing split: hdfs://localhost:9000/input/part-m-00000:671088640+134217728
2023-04-27 02:36:26,263 INFO mapred.MapTask: (EQUATOR) 0 kvi 26214396(104857584)
2023-04-27 02:36:26,264 INFO mapred.MapTask: mapreduce.task.io.sort.mb: 100
2023-04-27 02:36:26,264 INFO mapred.MapTask: soft limit at 83886080
2023-04-27 02:36:26,264 INFO mapred.MapTask: bufstart = 0; bufvoid = 104857600
2023-04-27 02:36:26,264 INFO mapred.MapTask: kvstart = 26214396; length = 6553600
2023-04-27 02:36:26,265 INFO mapred.MapTask: Map output collector class = org.apache.hadoop.mapred.MapTask$MapOutputBuffer
2023-04-27 02:36:26,338 INFO mapreduce.Job:  map 100% reduce 0%
2023-04-27 02:36:26,660 INFO mapred.MapTask: Spilling map output
2023-04-27 02:36:26,660 INFO mapred.MapTask: bufstart = 0; bufend = 72511698; bufvoid = 104857600
2023-04-27 02:36:26,660 INFO mapred.MapTask: kvstart = 26214396(104857584); kvend = 23370804(93483216); length = 2843593/6553600
2023-04-27 02:36:26,660 INFO mapred.MapTask: (EQUATOR) 75355282 kvi 18838816(75355264)
2023-04-27 02:36:29,097 INFO mapred.MapTask: Finished spill 0
2023-04-27 02:36:29,098 INFO mapred.MapTask: (RESET) equator 75355282 kv 18838816(75355264) kvi 18127932(72511728)
2023-04-27 02:36:29,350 INFO mapred.LocalJobRunner: 
2023-04-27 02:36:29,350 INFO mapred.MapTask: Starting flush of map output
2023-04-27 02:36:29,350 INFO mapred.MapTask: Spilling map output
2023-04-27 02:36:29,350 INFO mapred.MapTask: bufstart = 75355282; bufend = 34888038; bufvoid = 104857600
2023-04-27 02:36:29,350 INFO mapred.MapTask: kvstart = 18838816(75355264); kvend = 16313708(65254832); length = 2525109/6553600
2023-04-27 02:36:30,340 INFO mapreduce.Job:  map 63% reduce 0%
2023-04-27 02:36:31,182 INFO mapred.MapTask: Finished spill 1
2023-04-27 02:36:31,184 INFO mapred.Merger: Merging 2 sorted segments
2023-04-27 02:36:31,184 INFO mapred.Merger: Down to the last merge-pass, with 2 segments left of total size: 139586394 bytes
2023-04-27 02:36:32,247 INFO mapred.LocalJobRunner: map > sort > 
2023-04-27 02:36:32,341 INFO mapreduce.Job:  map 74% reduce 0%
2023-04-27 02:36:32,630 INFO mapred.Task: Task:attempt_local1225399970_0001_m_000005_0 is done. And is in the process of committing
2023-04-27 02:36:32,635 INFO mapred.LocalJobRunner: map > sort
2023-04-27 02:36:32,635 INFO mapred.Task: Task 'attempt_local1225399970_0001_m_000005_0' done.
2023-04-27 02:36:32,635 INFO mapred.LocalJobRunner: Finishing task: attempt_local1225399970_0001_m_000005_0
2023-04-27 02:36:32,636 INFO mapred.LocalJobRunner: Starting task: attempt_local1225399970_0001_m_000006_0
2023-04-27 02:36:32,642 INFO output.FileOutputCommitter: File Output Committer Algorithm version is 2
2023-04-27 02:36:32,642 INFO output.FileOutputCommitter: FileOutputCommitter skip cleanup _temporary folders under output directory:false, ignore cleanup failures: false
2023-04-27 02:36:32,642 INFO mapred.Task:  Using ResourceCalculatorProcessTree : [ ]
2023-04-27 02:36:32,643 INFO mapred.MapTask: Processing split: hdfs://localhost:9000/input/part-m-00000:536870912+134217728
2023-04-27 02:36:32,660 INFO mapred.MapTask: (EQUATOR) 0 kvi 26214396(104857584)
2023-04-27 02:36:32,660 INFO mapred.MapTask: mapreduce.task.io.sort.mb: 100
2023-04-27 02:36:32,660 INFO mapred.MapTask: soft limit at 83886080
2023-04-27 02:36:32,660 INFO mapred.MapTask: bufstart = 0; bufvoid = 104857600
2023-04-27 02:36:32,660 INFO mapred.MapTask: kvstart = 26214396; length = 6553600
2023-04-27 02:36:32,661 INFO mapred.MapTask: Map output collector class = org.apache.hadoop.mapred.MapTask$MapOutputBuffer
2023-04-27 02:36:33,050 INFO mapred.MapTask: Spilling map output
2023-04-27 02:36:33,050 INFO mapred.MapTask: bufstart = 0; bufend = 72511698; bufvoid = 104857600
2023-04-27 02:36:33,050 INFO mapred.MapTask: kvstart = 26214396(104857584); kvend = 23370804(93483216); length = 2843593/6553600
2023-04-27 02:36:33,050 INFO mapred.MapTask: (EQUATOR) 75355282 kvi 18838816(75355264)
2023-04-27 02:36:33,342 INFO mapreduce.Job:  map 100% reduce 0%
2023-04-27 02:36:35,187 INFO mapred.MapTask: Finished spill 0
2023-04-27 02:36:35,188 INFO mapred.MapTask: (RESET) equator 75355282 kv 18838816(75355264) kvi 18127932(72511728)
2023-04-27 02:36:35,442 INFO mapred.LocalJobRunner: 
2023-04-27 02:36:35,442 INFO mapred.MapTask: Starting flush of map output
2023-04-27 02:36:35,442 INFO mapred.MapTask: Spilling map output
2023-04-27 02:36:35,442 INFO mapred.MapTask: bufstart = 75355282; bufend = 34888038; bufvoid = 104857600
2023-04-27 02:36:35,442 INFO mapred.MapTask: kvstart = 18838816(75355264); kvend = 16313708(65254832); length = 2525109/6553600
2023-04-27 02:36:36,343 INFO mapreduce.Job:  map 75% reduce 0%
2023-04-27 02:36:37,236 INFO mapred.MapTask: Finished spill 1
2023-04-27 02:36:37,238 INFO mapred.Merger: Merging 2 sorted segments
2023-04-27 02:36:37,238 INFO mapred.Merger: Down to the last merge-pass, with 2 segments left of total size: 139586394 bytes
2023-04-27 02:36:38,644 INFO mapred.LocalJobRunner: map > sort > 
2023-04-27 02:36:38,723 INFO mapred.Task: Task:attempt_local1225399970_0001_m_000006_0 is done. And is in the process of committing
2023-04-27 02:36:38,727 INFO mapred.LocalJobRunner: map > sort
2023-04-27 02:36:38,727 INFO mapred.Task: Task 'attempt_local1225399970_0001_m_000006_0' done.
2023-04-27 02:36:38,727 INFO mapred.LocalJobRunner: Finishing task: attempt_local1225399970_0001_m_000006_0
2023-04-27 02:36:38,727 INFO mapred.LocalJobRunner: Starting task: attempt_local1225399970_0001_m_000007_0
2023-04-27 02:36:38,728 INFO output.FileOutputCommitter: File Output Committer Algorithm version is 2
2023-04-27 02:36:38,728 INFO output.FileOutputCommitter: FileOutputCommitter skip cleanup _temporary folders under output directory:false, ignore cleanup failures: false
2023-04-27 02:36:38,729 INFO mapred.Task:  Using ResourceCalculatorProcessTree : [ ]
2023-04-27 02:36:38,730 INFO mapred.MapTask: Processing split: hdfs://localhost:9000/input/part-m-00000:939524096+60475904
2023-04-27 02:36:38,750 INFO mapred.MapTask: (EQUATOR) 0 kvi 26214396(104857584)
2023-04-27 02:36:38,750 INFO mapred.MapTask: mapreduce.task.io.sort.mb: 100
2023-04-27 02:36:38,750 INFO mapred.MapTask: soft limit at 83886080
2023-04-27 02:36:38,750 INFO mapred.MapTask: bufstart = 0; bufvoid = 104857600
2023-04-27 02:36:38,750 INFO mapred.MapTask: kvstart = 26214396; length = 6553600
2023-04-27 02:36:38,751 INFO mapred.MapTask: Map output collector class = org.apache.hadoop.mapred.MapTask$MapOutputBuffer
2023-04-27 02:36:39,083 INFO mapred.LocalJobRunner: 
2023-04-27 02:36:39,083 INFO mapred.MapTask: Starting flush of map output
2023-04-27 02:36:39,083 INFO mapred.MapTask: Spilling map output
2023-04-27 02:36:39,084 INFO mapred.MapTask: bufstart = 0; bufend = 61685418; bufvoid = 104857600
2023-04-27 02:36:39,084 INFO mapred.MapTask: kvstart = 26214396(104857584); kvend = 23795364(95181456); length = 2419033/6553600
2023-04-27 02:36:39,344 INFO mapreduce.Job:  map 88% reduce 0%
2023-04-27 02:36:40,756 INFO mapred.MapTask: Finished spill 0
2023-04-27 02:36:40,757 INFO mapred.Task: Task:attempt_local1225399970_0001_m_000007_0 is done. And is in the process of committing
2023-04-27 02:36:40,761 INFO mapred.LocalJobRunner: map
2023-04-27 02:36:40,761 INFO mapred.Task: Task 'attempt_local1225399970_0001_m_000007_0' done.
2023-04-27 02:36:40,761 INFO mapred.LocalJobRunner: Finishing task: attempt_local1225399970_0001_m_000007_0
2023-04-27 02:36:40,761 INFO mapred.LocalJobRunner: map task executor complete.
2023-04-27 02:36:40,765 INFO mapred.LocalJobRunner: Waiting for reduce tasks
2023-04-27 02:36:40,765 INFO mapred.LocalJobRunner: Starting task: attempt_local1225399970_0001_r_000000_0
2023-04-27 02:36:40,771 INFO output.FileOutputCommitter: File Output Committer Algorithm version is 2
2023-04-27 02:36:40,771 INFO output.FileOutputCommitter: FileOutputCommitter skip cleanup _temporary folders under output directory:false, ignore cleanup failures: false
2023-04-27 02:36:40,771 INFO mapred.Task:  Using ResourceCalculatorProcessTree : [ ]
2023-04-27 02:36:40,778 INFO mapred.ReduceTask: Using ShuffleConsumerPlugin: org.apache.hadoop.mapreduce.task.reduce.Shuffle@3d9a467b
2023-04-27 02:36:40,779 WARN impl.MetricsSystemImpl: JobTracker metrics system already initialized!
2023-04-27 02:36:40,797 INFO reduce.MergeManagerImpl: MergerManager: memoryLimit=1297350656, maxSingleShuffleLimit=324337664, mergeThreshold=856251456, ioSortFactor=10, memToMemMergeOutputsThreshold=10
2023-04-27 02:36:40,800 INFO reduce.EventFetcher: attempt_local1225399970_0001_r_000000_0 Thread started: EventFetcher for fetching Map Completion Events
2023-04-27 02:36:40,852 INFO reduce.LocalFetcher: localfetcher#1 about to shuffle output of map attempt_local1225399970_0001_m_000007_0 decomp: 62894938 len: 62894942 to MEMORY
2023-04-27 02:36:40,928 INFO reduce.InMemoryMapOutput: Read 62894938 bytes from map-output for attempt_local1225399970_0001_m_000007_0
2023-04-27 02:36:40,932 INFO reduce.MergeManagerImpl: closeInMemoryFile -> map-output of size: 62894938, inMemoryMapOutputs.size() -> 1, commitMemory -> 0, usedMemory ->62894938
2023-04-27 02:36:40,958 INFO reduce.LocalFetcher: localfetcher#1 about to shuffle output of map attempt_local1225399970_0001_m_000004_0 decomp: 139586410 len: 139586414 to MEMORY
2023-04-27 02:36:41,247 INFO reduce.InMemoryMapOutput: Read 139586410 bytes from map-output for attempt_local1225399970_0001_m_000004_0
2023-04-27 02:36:41,248 INFO reduce.MergeManagerImpl: closeInMemoryFile -> map-output of size: 139586410, inMemoryMapOutputs.size() -> 2, commitMemory -> 62894938, usedMemory ->202481348
2023-04-27 02:36:41,271 INFO reduce.LocalFetcher: localfetcher#1 about to shuffle output of map attempt_local1225399970_0001_m_000001_0 decomp: 139586410 len: 139586414 to MEMORY
2023-04-27 02:36:41,346 INFO mapreduce.Job:  map 100% reduce 0%
2023-04-27 02:36:41,437 INFO reduce.InMemoryMapOutput: Read 139586410 bytes from map-output for attempt_local1225399970_0001_m_000001_0
2023-04-27 02:36:41,437 INFO reduce.MergeManagerImpl: closeInMemoryFile -> map-output of size: 139586410, inMemoryMapOutputs.size() -> 3, commitMemory -> 202481348, usedMemory ->342067758
2023-04-27 02:36:41,941 INFO reduce.LocalFetcher: localfetcher#1 about to shuffle output of map attempt_local1225399970_0001_m_000006_0 decomp: 139586410 len: 139586414 to MEMORY
2023-04-27 02:36:42,208 INFO reduce.InMemoryMapOutput: Read 139586410 bytes from map-output for attempt_local1225399970_0001_m_000006_0
2023-04-27 02:36:42,208 INFO reduce.MergeManagerImpl: closeInMemoryFile -> map-output of size: 139586410, inMemoryMapOutputs.size() -> 4, commitMemory -> 342067758, usedMemory ->481654168
2023-04-27 02:36:42,230 INFO reduce.LocalFetcher: localfetcher#1 about to shuffle output of map attempt_local1225399970_0001_m_000003_0 decomp: 139586514 len: 139586518 to MEMORY
2023-04-27 02:36:42,374 INFO reduce.InMemoryMapOutput: Read 139586514 bytes from map-output for attempt_local1225399970_0001_m_000003_0
2023-04-27 02:36:42,374 INFO reduce.MergeManagerImpl: closeInMemoryFile -> map-output of size: 139586514, inMemoryMapOutputs.size() -> 5, commitMemory -> 481654168, usedMemory ->621240682
2023-04-27 02:36:42,397 INFO reduce.LocalFetcher: localfetcher#1 about to shuffle output of map attempt_local1225399970_0001_m_000000_0 decomp: 139586514 len: 139586518 to MEMORY
2023-04-27 02:36:42,541 INFO reduce.InMemoryMapOutput: Read 139586514 bytes from map-output for attempt_local1225399970_0001_m_000000_0
2023-04-27 02:36:42,541 INFO reduce.MergeManagerImpl: closeInMemoryFile -> map-output of size: 139586514, inMemoryMapOutputs.size() -> 6, commitMemory -> 621240682, usedMemory ->760827196
2023-04-27 02:36:42,563 INFO reduce.LocalFetcher: localfetcher#1 about to shuffle output of map attempt_local1225399970_0001_m_000002_0 decomp: 139586410 len: 139586414 to MEMORY
2023-04-27 02:36:42,703 INFO reduce.InMemoryMapOutput: Read 139586410 bytes from map-output for attempt_local1225399970_0001_m_000002_0
2023-04-27 02:36:42,703 INFO reduce.MergeManagerImpl: closeInMemoryFile -> map-output of size: 139586410, inMemoryMapOutputs.size() -> 7, commitMemory -> 760827196, usedMemory ->900413606
2023-04-27 02:36:42,703 INFO reduce.MergeManagerImpl: Starting inMemoryMerger's merge since commitMemory=900413606 > mergeThreshold=856251456. Current usedMemory=900413606
2023-04-27 02:36:42,703 INFO reduce.MergeThread: InMemoryMerger - Thread to merge in-memory shuffled map-outputs: Starting merge with 7 segments, while ignoring 0 segments
2023-04-27 02:36:43,442 INFO reduce.MergeManagerImpl: Initiating in-memory merge with 7 segments...
2023-04-27 02:36:43,442 INFO mapred.Merger: Merging 7 sorted segments
2023-04-27 02:36:43,461 INFO reduce.LocalFetcher: localfetcher#1 about to shuffle output of map attempt_local1225399970_0001_m_000005_0 decomp: 139586410 len: 139586414 to MEMORY
2023-04-27 02:36:43,461 INFO mapred.Merger: Down to the last merge-pass, with 7 segments left of total size: 900413515 bytes
2023-04-27 02:36:43,787 INFO reduce.InMemoryMapOutput: Read 139586410 bytes from map-output for attempt_local1225399970_0001_m_000005_0
2023-04-27 02:36:43,787 INFO reduce.MergeManagerImpl: closeInMemoryFile -> map-output of size: 139586410, inMemoryMapOutputs.size() -> 1, commitMemory -> 0, usedMemory ->1040000016
2023-04-27 02:36:43,788 INFO reduce.EventFetcher: EventFetcher is interrupted.. Returning
2023-04-27 02:36:43,789 INFO mapred.LocalJobRunner: 8 / 8 copied.
2023-04-27 02:36:46,774 INFO mapred.LocalJobRunner: reduce > sort
2023-04-27 02:36:47,441 INFO mapreduce.Job:  map 100% reduce 33%
2023-04-27 02:36:49,776 INFO mapred.LocalJobRunner: reduce > sort
2023-04-27 02:36:49,991 INFO reduce.MergeManagerImpl: attempt_local1225399970_0001_r_000000_0 Merge of the 7 files in-memory complete. Local file is /tmp/hadoop-jjwong0915/mapred/local/localRunner/jjwong0915/jobcache/job_local1225399970_0001/attempt_local1225399970_0001_r_000000_0/output/map_7.out.merged of size 900413598
2023-04-27 02:36:49,991 INFO reduce.MergeManagerImpl: finalMerge called with 1 in-memory map-outputs and 1 on-disk map-outputs
2023-04-27 02:36:49,992 INFO mapred.Merger: Merging 1 sorted segments
2023-04-27 02:36:49,993 INFO mapred.Merger: Down to the last merge-pass, with 1 segments left of total size: 139586397 bytes
2023-04-27 02:36:50,825 INFO reduce.MergeManagerImpl: Merged 1 segments, 139586410 bytes to disk to satisfy reduce memory limit
2023-04-27 02:36:50,825 INFO reduce.MergeManagerImpl: Merging 2 files, 1040000012 bytes from disk
2023-04-27 02:36:50,826 INFO reduce.MergeManagerImpl: Merging 0 segments, 0 bytes from memory into reduce
2023-04-27 02:36:50,826 INFO mapred.Merger: Merging 2 sorted segments
2023-04-27 02:36:50,827 INFO mapred.Merger: Down to the last merge-pass, with 2 segments left of total size: 1039999978 bytes
2023-04-27 02:36:50,827 INFO mapred.LocalJobRunner: reduce > sort
2023-04-27 02:36:51,100 INFO Configuration.deprecation: mapred.skip.on is deprecated. Instead, use mapreduce.job.skiprecords
2023-04-27 02:36:52,777 INFO mapred.LocalJobRunner: reduce > reduce
2023-04-27 02:36:53,444 INFO mapreduce.Job:  map 100% reduce 71%
2023-04-27 02:36:55,778 INFO mapred.LocalJobRunner: reduce > reduce
2023-04-27 02:36:56,445 INFO mapreduce.Job:  map 100% reduce 80%
2023-04-27 02:36:58,779 INFO mapred.LocalJobRunner: reduce > reduce
2023-04-27 02:36:59,447 INFO mapreduce.Job:  map 100% reduce 89%
2023-04-27 02:37:01,780 INFO mapred.LocalJobRunner: reduce > reduce
2023-04-27 02:37:02,448 INFO mapreduce.Job:  map 100% reduce 99%
2023-04-27 02:37:02,484 INFO mapred.Task: Task:attempt_local1225399970_0001_r_000000_0 is done. And is in the process of committing
2023-04-27 02:37:02,487 INFO mapred.LocalJobRunner: reduce > reduce
2023-04-27 02:37:02,487 INFO mapred.Task: Task attempt_local1225399970_0001_r_000000_0 is allowed to commit now
2023-04-27 02:37:02,501 INFO output.FileOutputCommitter: Saved output of task 'attempt_local1225399970_0001_r_000000_0' to hdfs://localhost:9000/output
2023-04-27 02:37:02,502 INFO mapred.LocalJobRunner: reduce > reduce
2023-04-27 02:37:02,503 INFO mapred.Task: Task 'attempt_local1225399970_0001_r_000000_0' done.
2023-04-27 02:37:02,503 INFO mapred.LocalJobRunner: Finishing task: attempt_local1225399970_0001_r_000000_0
2023-04-27 02:37:02,503 INFO mapred.LocalJobRunner: reduce task executor complete.
2023-04-27 02:37:03,448 INFO mapreduce.Job:  map 100% reduce 100%
2023-04-27 02:37:03,449 INFO mapreduce.Job: Job job_local1225399970_0001 completed successfully
2023-04-27 02:37:03,472 INFO mapreduce.Job: Counters: 35
	File System Counters
		FILE: Number of bytes read=7945387371
		FILE: Number of bytes written=12897292765
		FILE: Number of read operations=0
		FILE: Number of large read operations=0
		FILE: Number of write operations=0
		HDFS: Number of bytes read=5848096700
		HDFS: Number of bytes written=1000000000
		HDFS: Number of read operations=282
		HDFS: Number of large read operations=0
		HDFS: Number of write operations=20
	Map-Reduce Framework
		Map input records=10000000
		Map output records=10000000
		Map output bytes=1020000000
		Map output materialized bytes=1040000048
		Input split bytes=840
		Combine input records=0
		Combine output records=0
		Reduce input groups=10000000
		Reduce shuffle bytes=1040000048
		Reduce input records=10000000
		Reduce output records=10000000
		Spilled Records=29395241
		Shuffled Maps =8
		Failed Shuffles=0
		Merged Map outputs=8
		GC time elapsed (ms)=2189
		Total committed heap usage (bytes)=8965849088
	Shuffle Errors
		BAD_ID=0
		CONNECTION=0
		IO_ERROR=0
		WRONG_LENGTH=0
		WRONG_MAP=0
		WRONG_REDUCE=0
	File Input Format Counters 
		Bytes Read=1000000000
	File Output Format Counters 
		Bytes Written=1000000000
2023-04-27 02:37:03,473 INFO terasort.TeraSort: done
