23/04/27 13:27:05 INFO namenode.SecondaryNameNode: STARTUP_MSG: 
/************************************************************
STARTUP_MSG: Starting SecondaryNameNode
STARTUP_MSG:   host = hadoop-1.us-east1-b.c.workstation-360918.internal/10.142.0.8
STARTUP_MSG:   args = [-checkpoint, force]
STARTUP_MSG:   version = 2.0.2-alpha
STARTUP_MSG:   classpath = /home/jjwong0915/hadoop-2.0.2-alpha/etc/hadoop:/home/jjwong0915/hadoop-2.0.2-alpha/share/hadoop/common/lib/jaxb-api-2.2.2.jar:/home/jjwong0915/hadoop-2.0.2-alpha/share/hadoop/common/lib/commons-cli-1.2.jar:/home/jjwong0915/hadoop-2.0.2-alpha/share/hadoop/common/lib/paranamer-2.3.jar:/home/jjwong0915/hadoop-2.0.2-alpha/share/hadoop/common/lib/jsr305-1.3.9.jar:/home/jjwong0915/hadoop-2.0.2-alpha/share/hadoop/common/lib/jetty-util-6.1.26.jar:/home/jjwong0915/hadoop-2.0.2-alpha/share/hadoop/common/lib/commons-logging-1.1.1.jar:/home/jjwong0915/hadoop-2.0.2-alpha/share/hadoop/common/lib/avro-1.5.3.jar:/home/jjwong0915/hadoop-2.0.2-alpha/share/hadoop/common/lib/xmlenc-0.52.jar:/home/jjwong0915/hadoop-2.0.2-alpha/share/hadoop/common/lib/jersey-server-1.8.jar:/home/jjwong0915/hadoop-2.0.2-alpha/share/hadoop/common/lib/stax-api-1.0.1.jar:/home/jjwong0915/hadoop-2.0.2-alpha/share/hadoop/common/lib/hadoop-annotations-2.0.2-alpha.jar:/home/jjwong0915/hadoop-2.0.2-alpha/share/hadoop/common/lib/jackson-core-asl-1.8.8.jar:/home/jjwong0915/hadoop-2.0.2-alpha/share/hadoop/common/lib/jersey-json-1.8.jar:/home/jjwong0915/hadoop-2.0.2-alpha/share/hadoop/common/lib/commons-collections-3.2.1.jar:/home/jjwong0915/hadoop-2.0.2-alpha/share/hadoop/common/lib/guava-11.0.2.jar:/home/jjwong0915/hadoop-2.0.2-alpha/share/hadoop/common/lib/commons-beanutils-1.7.0.jar:/home/jjwong0915/hadoop-2.0.2-alpha/share/hadoop/common/lib/commons-io-2.1.jar:/home/jjwong0915/hadoop-2.0.2-alpha/share/hadoop/common/lib/commons-lang-2.5.jar:/home/jjwong0915/hadoop-2.0.2-alpha/share/hadoop/common/lib/netty-3.2.4.Final.jar:/home/jjwong0915/hadoop-2.0.2-alpha/share/hadoop/common/lib/jasper-compiler-5.5.23.jar:/home/jjwong0915/hadoop-2.0.2-alpha/share/hadoop/common/lib/protobuf-java-2.4.0a.jar:/home/jjwong0915/hadoop-2.0.2-alpha/share/hadoop/common/lib/commons-httpclient-3.1.jar:/home/jjwong0915/hadoop-2.0.2-alpha/share/hadoop/common/lib/snappy-java-1.0.3.2.jar:/home/jjwong0915/hadoop-2.0.2-alpha/share/hadoop/common/lib/log4j-1.2.17.jar:/home/jjwong0915/hadoop-2.0.2-alpha/share/hadoop/common/lib/jackson-mapper-asl-1.8.8.jar:/home/jjwong0915/hadoop-2.0.2-alpha/share/hadoop/common/lib/commons-el-1.0.jar:/home/jjwong0915/hadoop-2.0.2-alpha/share/hadoop/common/lib/jasper-runtime-5.5.23.jar:/home/jjwong0915/hadoop-2.0.2-alpha/share/hadoop/common/lib/jersey-core-1.8.jar:/home/jjwong0915/hadoop-2.0.2-alpha/share/hadoop/common/lib/slf4j-log4j12-1.6.1.jar:/home/jjwong0915/hadoop-2.0.2-alpha/share/hadoop/common/lib/commons-configuration-1.6.jar:/home/jjwong0915/hadoop-2.0.2-alpha/share/hadoop/common/lib/kfs-0.3.jar:/home/jjwong0915/hadoop-2.0.2-alpha/share/hadoop/common/lib/commons-codec-1.4.jar:/home/jjwong0915/hadoop-2.0.2-alpha/share/hadoop/common/lib/jsch-0.1.42.jar:/home/jjwong0915/hadoop-2.0.2-alpha/share/hadoop/common/lib/jaxb-impl-2.2.3-1.jar:/home/jjwong0915/hadoop-2.0.2-alpha/share/hadoop/common/lib/commons-digester-1.8.jar:/home/jjwong0915/hadoop-2.0.2-alpha/share/hadoop/common/lib/asm-3.2.jar:/home/jjwong0915/hadoop-2.0.2-alpha/share/hadoop/common/lib/hadoop-auth-2.0.2-alpha.jar:/home/jjwong0915/hadoop-2.0.2-alpha/share/hadoop/common/lib/commons-beanutils-core-1.8.0.jar:/home/jjwong0915/hadoop-2.0.2-alpha/share/hadoop/common/lib/jetty-6.1.26.jar:/home/jjwong0915/hadoop-2.0.2-alpha/share/hadoop/common/lib/slf4j-api-1.6.1.jar:/home/jjwong0915/hadoop-2.0.2-alpha/share/hadoop/common/lib/jackson-xc-1.8.8.jar:/home/jjwong0915/hadoop-2.0.2-alpha/share/hadoop/common/lib/commons-net-3.1.jar:/home/jjwong0915/hadoop-2.0.2-alpha/share/hadoop/common/lib/activation-1.1.jar:/home/jjwong0915/hadoop-2.0.2-alpha/share/hadoop/common/lib/commons-math-2.1.jar:/home/jjwong0915/hadoop-2.0.2-alpha/share/hadoop/common/lib/jettison-1.1.jar:/home/jjwong0915/hadoop-2.0.2-alpha/share/hadoop/common/lib/servlet-api-2.5.jar:/home/jjwong0915/hadoop-2.0.2-alpha/share/hadoop/common/lib/jline-0.9.94.jar:/home/jjwong0915/hadoop-2.0.2-alpha/share/hadoop/common/lib/jsp-api-2.1.jar:/home/jjwong0915/hadoop-2.0.2-alpha/share/hadoop/common/lib/zookeeper-3.4.2.jar:/home/jjwong0915/hadoop-2.0.2-alpha/share/hadoop/common/lib/jets3t-0.6.1.jar:/home/jjwong0915/hadoop-2.0.2-alpha/share/hadoop/common/lib/jackson-jaxrs-1.8.8.jar:/home/jjwong0915/hadoop-2.0.2-alpha/share/hadoop/common/hadoop-common-2.0.2-alpha.jar:/home/jjwong0915/hadoop-2.0.2-alpha/share/hadoop/common/hadoop-common-2.0.2-alpha-tests.jar:/home/jjwong0915/hadoop-2.0.2-alpha/share/hadoop/common/hadoop-common-2.0.2-alpha-test-sources.jar:/home/jjwong0915/hadoop-2.0.2-alpha/share/hadoop/common/hadoop-common-2.0.2-alpha-sources.jar:/home/jjwong0915/hadoop-2.0.2-alpha/contrib/capacity-scheduler/*.jar:/home/jjwong0915/hadoop-2.0.2-alpha/share/hadoop/hdfs:/home/jjwong0915/hadoop-2.0.2-alpha/share/hadoop/hdfs/lib/commons-cli-1.2.jar:/home/jjwong0915/hadoop-2.0.2-alpha/share/hadoop/hdfs/lib/jsr305-1.3.9.jar:/home/jjwong0915/hadoop-2.0.2-alpha/share/hadoop/hdfs/lib/jetty-util-6.1.26.jar:/home/jjwong0915/hadoop-2.0.2-alpha/share/hadoop/hdfs/lib/commons-logging-1.1.1.jar:/home/jjwong0915/hadoop-2.0.2-alpha/share/hadoop/hdfs/lib/xmlenc-0.52.jar:/home/jjwong0915/hadoop-2.0.2-alpha/share/hadoop/hdfs/lib/jersey-server-1.8.jar:/home/jjwong0915/hadoop-2.0.2-alpha/share/hadoop/hdfs/lib/jackson-core-asl-1.8.8.jar:/home/jjwong0915/hadoop-2.0.2-alpha/share/hadoop/hdfs/lib/guava-11.0.2.jar:/home/jjwong0915/hadoop-2.0.2-alpha/share/hadoop/hdfs/lib/commons-io-2.1.jar:/home/jjwong0915/hadoop-2.0.2-alpha/share/hadoop/hdfs/lib/commons-lang-2.5.jar:/home/jjwong0915/hadoop-2.0.2-alpha/share/hadoop/hdfs/lib/protobuf-java-2.4.0a.jar:/home/jjwong0915/hadoop-2.0.2-alpha/share/hadoop/hdfs/lib/log4j-1.2.17.jar:/home/jjwong0915/hadoop-2.0.2-alpha/share/hadoop/hdfs/lib/jackson-mapper-asl-1.8.8.jar:/home/jjwong0915/hadoop-2.0.2-alpha/share/hadoop/hdfs/lib/commons-el-1.0.jar:/home/jjwong0915/hadoop-2.0.2-alpha/share/hadoop/hdfs/lib/jasper-runtime-5.5.23.jar:/home/jjwong0915/hadoop-2.0.2-alpha/share/hadoop/hdfs/lib/jersey-core-1.8.jar:/home/jjwong0915/hadoop-2.0.2-alpha/share/hadoop/hdfs/lib/commons-codec-1.4.jar:/home/jjwong0915/hadoop-2.0.2-alpha/share/hadoop/hdfs/lib/commons-daemon-1.0.3.jar:/home/jjwong0915/hadoop-2.0.2-alpha/share/hadoop/hdfs/lib/asm-3.2.jar:/home/jjwong0915/hadoop-2.0.2-alpha/share/hadoop/hdfs/lib/jetty-6.1.26.jar:/home/jjwong0915/hadoop-2.0.2-alpha/share/hadoop/hdfs/lib/servlet-api-2.5.jar:/home/jjwong0915/hadoop-2.0.2-alpha/share/hadoop/hdfs/lib/jsp-api-2.1.jar:/home/jjwong0915/hadoop-2.0.2-alpha/share/hadoop/hdfs/hadoop-hdfs-2.0.2-alpha.jar:/home/jjwong0915/hadoop-2.0.2-alpha/share/hadoop/hdfs/hadoop-hdfs-2.0.2-alpha-tests.jar:/home/jjwong0915/hadoop-2.0.2-alpha/share/hadoop/hdfs/hadoop-hdfs-2.0.2-alpha-sources.jar:/home/jjwong0915/hadoop-2.0.2-alpha/share/hadoop/hdfs/hadoop-hdfs-2.0.2-alpha-test-sources.jar:/home/jjwong0915/hadoop-2.0.2-alpha/share/hadoop/yarn/lib/paranamer-2.3.jar:/home/jjwong0915/hadoop-2.0.2-alpha/share/hadoop/yarn/lib/avro-1.5.3.jar:/home/jjwong0915/hadoop-2.0.2-alpha/share/hadoop/yarn/lib/jersey-server-1.8.jar:/home/jjwong0915/hadoop-2.0.2-alpha/share/hadoop/yarn/lib/hadoop-annotations-2.0.2-alpha.jar:/home/jjwong0915/hadoop-2.0.2-alpha/share/hadoop/yarn/lib/jackson-core-asl-1.8.8.jar:/home/jjwong0915/hadoop-2.0.2-alpha/share/hadoop/yarn/lib/commons-io-2.1.jar:/home/jjwong0915/hadoop-2.0.2-alpha/share/hadoop/yarn/lib/netty-3.2.4.Final.jar:/home/jjwong0915/hadoop-2.0.2-alpha/share/hadoop/yarn/lib/protobuf-java-2.4.0a.jar:/home/jjwong0915/hadoop-2.0.2-alpha/share/hadoop/yarn/lib/snappy-java-1.0.3.2.jar:/home/jjwong0915/hadoop-2.0.2-alpha/share/hadoop/yarn/lib/log4j-1.2.17.jar:/home/jjwong0915/hadoop-2.0.2-alpha/share/hadoop/yarn/lib/jackson-mapper-asl-1.8.8.jar:/home/jjwong0915/hadoop-2.0.2-alpha/share/hadoop/yarn/lib/jersey-core-1.8.jar:/home/jjwong0915/hadoop-2.0.2-alpha/share/hadoop/yarn/lib/asm-3.2.jar:/home/jjwong0915/hadoop-2.0.2-alpha/share/hadoop/yarn/lib/javax.inject-1.jar:/home/jjwong0915/hadoop-2.0.2-alpha/share/hadoop/yarn/lib/guice-3.0.jar:/home/jjwong0915/hadoop-2.0.2-alpha/share/hadoop/yarn/lib/junit-4.8.2.jar:/home/jjwong0915/hadoop-2.0.2-alpha/share/hadoop/yarn/lib/jersey-guice-1.8.jar:/home/jjwong0915/hadoop-2.0.2-alpha/share/hadoop/yarn/lib/aopalliance-1.0.jar:/home/jjwong0915/hadoop-2.0.2-alpha/share/hadoop/yarn/lib/guice-servlet-3.0.jar:/home/jjwong0915/hadoop-2.0.2-alpha/share/hadoop/yarn/hadoop-yarn-applications-unmanaged-am-launcher-2.0.2-alpha.jar:/home/jjwong0915/hadoop-2.0.2-alpha/share/hadoop/yarn/hadoop-yarn-server-nodemanager-2.0.2-alpha.jar:/home/jjwong0915/hadoop-2.0.2-alpha/share/hadoop/yarn/hadoop-yarn-server-common-2.0.2-alpha.jar:/home/jjwong0915/hadoop-2.0.2-alpha/share/hadoop/yarn/hadoop-yarn-server-tests-2.0.2-alpha.jar:/home/jjwong0915/hadoop-2.0.2-alpha/share/hadoop/yarn/hadoop-yarn-applications-distributedshell-2.0.2-alpha.jar:/home/jjwong0915/hadoop-2.0.2-alpha/share/hadoop/yarn/hadoop-yarn-server-tests-2.0.2-alpha-tests.jar:/home/jjwong0915/hadoop-2.0.2-alpha/share/hadoop/yarn/hadoop-yarn-server-resourcemanager-2.0.2-alpha.jar:/home/jjwong0915/hadoop-2.0.2-alpha/share/hadoop/yarn/hadoop-yarn-site-2.0.2-alpha.jar:/home/jjwong0915/hadoop-2.0.2-alpha/share/hadoop/yarn/hadoop-yarn-common-2.0.2-alpha.jar:/home/jjwong0915/hadoop-2.0.2-alpha/share/hadoop/yarn/hadoop-yarn-server-web-proxy-2.0.2-alpha.jar:/home/jjwong0915/hadoop-2.0.2-alpha/share/hadoop/yarn/hadoop-yarn-client-2.0.2-alpha.jar:/home/jjwong0915/hadoop-2.0.2-alpha/share/hadoop/yarn/hadoop-yarn-api-2.0.2-alpha.jar:/home/jjwong0915/hadoop-2.0.2-alpha/share/hadoop/mapreduce/lib/paranamer-2.3.jar:/home/jjwong0915/hadoop-2.0.2-alpha/share/hadoop/mapreduce/lib/avro-1.5.3.jar:/home/jjwong0915/hadoop-2.0.2-alpha/share/hadoop/mapreduce/lib/jersey-server-1.8.jar:/home/jjwong0915/hadoop-2.0.2-alpha/share/hadoop/mapreduce/lib/hadoop-annotations-2.0.2-alpha.jar:/home/jjwong0915/hadoop-2.0.2-alpha/share/hadoop/mapreduce/lib/jackson-core-asl-1.8.8.jar:/home/jjwong0915/hadoop-2.0.2-alpha/share/hadoop/mapreduce/lib/commons-io-2.1.jar:/home/jjwong0915/hadoop-2.0.2-alpha/share/hadoop/mapreduce/lib/netty-3.2.4.Final.jar:/home/jjwong0915/hadoop-2.0.2-alpha/share/hadoop/mapreduce/lib/protobuf-java-2.4.0a.jar:/home/jjwong0915/hadoop-2.0.2-alpha/share/hadoop/mapreduce/lib/snappy-java-1.0.3.2.jar:/home/jjwong0915/hadoop-2.0.2-alpha/share/hadoop/mapreduce/lib/log4j-1.2.17.jar:/home/jjwong0915/hadoop-2.0.2-alpha/share/hadoop/mapreduce/lib/jackson-mapper-asl-1.8.8.jar:/home/jjwong0915/hadoop-2.0.2-alpha/share/hadoop/mapreduce/lib/jersey-core-1.8.jar:/home/jjwong0915/hadoop-2.0.2-alpha/share/hadoop/mapreduce/lib/asm-3.2.jar:/home/jjwong0915/hadoop-2.0.2-alpha/share/hadoop/mapreduce/lib/javax.inject-1.jar:/home/jjwong0915/hadoop-2.0.2-alpha/share/hadoop/mapreduce/lib/guice-3.0.jar:/home/jjwong0915/hadoop-2.0.2-alpha/share/hadoop/mapreduce/lib/junit-4.8.2.jar:/home/jjwong0915/hadoop-2.0.2-alpha/share/hadoop/mapreduce/lib/jersey-guice-1.8.jar:/home/jjwong0915/hadoop-2.0.2-alpha/share/hadoop/mapreduce/lib/aopalliance-1.0.jar:/home/jjwong0915/hadoop-2.0.2-alpha/share/hadoop/mapreduce/lib/guice-servlet-3.0.jar:/home/jjwong0915/hadoop-2.0.2-alpha/share/hadoop/mapreduce/hadoop-mapreduce-examples-2.0.2-alpha.jar:/home/jjwong0915/hadoop-2.0.2-alpha/share/hadoop/mapreduce/hadoop-mapreduce-client-core-2.0.2-alpha.jar:/home/jjwong0915/hadoop-2.0.2-alpha/share/hadoop/mapreduce/hadoop-mapreduce-2.0.2-alpha.jar:/home/jjwong0915/hadoop-2.0.2-alpha/share/hadoop/mapreduce/hadoop-mapreduce-test-2.0.2-alpha-sources.jar:/home/jjwong0915/hadoop-2.0.2-alpha/share/hadoop/mapreduce/hadoop-mapreduce-client-jobclient-2.0.2-alpha-tests.jar:/home/jjwong0915/hadoop-2.0.2-alpha/share/hadoop/mapreduce/hadoop-mapreduce-test-2.0.2-alpha.jar:/home/jjwong0915/hadoop-2.0.2-alpha/share/hadoop/mapreduce/hadoop-mapreduce-client-shuffle-2.0.2-alpha.jar:/home/jjwong0915/hadoop-2.0.2-alpha/share/hadoop/mapreduce/hadoop-mapreduce-client-app-2.0.2-alpha.jar:/home/jjwong0915/hadoop-2.0.2-alpha/share/hadoop/mapreduce/hadoop-mapreduce-client-common-2.0.2-alpha.jar:/home/jjwong0915/hadoop-2.0.2-alpha/share/hadoop/mapreduce/hadoop-2.0.2-alpha-gridmix.jar:/home/jjwong0915/hadoop-2.0.2-alpha/share/hadoop/mapreduce/hadoop-mapreduce-client-jobclient-2.0.2-alpha.jar:/home/jjwong0915/hadoop-2.0.2-alpha/share/hadoop/mapreduce/hadoop-mapreduce-client-hs-2.0.2-alpha.jar:/home/jjwong0915/hadoop-2.0.2-alpha/share/hadoop/mapreduce/hadoop-mapreduce-2.0.2-alpha-sources.jar
STARTUP_MSG:   build = https://svn.apache.org/repos/asf/hadoop/common/branches/branch-2.0.2-alpha/hadoop-common-project/hadoop-common -r 1392682; compiled by 'hortonmu' on Tue Oct  2 00:44:10 UTC 2012
************************************************************/
23/04/27 13:27:05 INFO impl.MetricsConfig: loaded properties from hadoop-metrics2.properties
23/04/27 13:27:05 INFO impl.MetricsSystemImpl: Scheduled snapshot period at 10 second(s).
23/04/27 13:27:05 INFO impl.MetricsSystemImpl: SecondaryNameNode metrics system started
23/04/27 13:27:05 INFO common.Storage: Lock on /tmp/hadoop-jjwong0915/dfs/namesecondary/in_use.lock acquired by nodename 157552@hadoop-1.us-east1-b.c.workstation-360918.internal
23/04/27 13:27:05 INFO util.HostsFileReader: Refreshing hosts (include/exclude) list
23/04/27 13:27:05 INFO blockmanagement.DatanodeManager: dfs.block.invalidate.limit=1000
23/04/27 13:27:05 INFO blockmanagement.BlockManager: dfs.block.access.token.enable=false
23/04/27 13:27:05 INFO blockmanagement.BlockManager: defaultReplication         = 1
23/04/27 13:27:05 INFO blockmanagement.BlockManager: maxReplication             = 512
23/04/27 13:27:05 INFO blockmanagement.BlockManager: minReplication             = 1
23/04/27 13:27:05 INFO blockmanagement.BlockManager: maxReplicationStreams      = 2
23/04/27 13:27:05 INFO blockmanagement.BlockManager: shouldCheckForEnoughRacks  = false
23/04/27 13:27:05 INFO blockmanagement.BlockManager: replicationRecheckInterval = 3000
23/04/27 13:27:05 INFO blockmanagement.BlockManager: encryptDataTransfer        = false
23/04/27 13:27:05 INFO namenode.FSNamesystem: fsOwner             = jjwong0915 (auth:SIMPLE)
23/04/27 13:27:05 INFO namenode.FSNamesystem: supergroup          = supergroup
23/04/27 13:27:05 INFO namenode.FSNamesystem: isPermissionEnabled = true
23/04/27 13:27:05 INFO namenode.FSNamesystem: HA Enabled: false
23/04/27 13:27:05 INFO namenode.FSNamesystem: Append Enabled: true
23/04/27 13:27:05 INFO namenode.NameNode: Caching file names occuring more than 10 times 
23/04/27 13:27:05 INFO namenode.FSNamesystem: dfs.namenode.safemode.threshold-pct = 0.9990000128746033
23/04/27 13:27:05 INFO namenode.FSNamesystem: dfs.namenode.safemode.min.datanodes = 0
23/04/27 13:27:05 INFO namenode.FSNamesystem: dfs.namenode.safemode.extension     = 30000
23/04/27 13:27:05 INFO mortbay.log: Logging to org.slf4j.impl.Log4jLoggerAdapter(org.mortbay.log) via org.mortbay.log.Slf4jLog
23/04/27 13:27:06 INFO http.HttpServer: Added global filter 'safety' (class=org.apache.hadoop.http.HttpServer$QuotingInputFilter)
23/04/27 13:27:06 INFO http.HttpServer: Added filter static_user_filter (class=org.apache.hadoop.http.lib.StaticUserWebFilter$StaticUserFilter) to context secondary
23/04/27 13:27:06 INFO http.HttpServer: Added filter static_user_filter (class=org.apache.hadoop.http.lib.StaticUserWebFilter$StaticUserFilter) to context logs
23/04/27 13:27:06 INFO http.HttpServer: Added filter static_user_filter (class=org.apache.hadoop.http.lib.StaticUserWebFilter$StaticUserFilter) to context static
23/04/27 13:27:06 INFO http.HttpServer: Jetty bound to port 50090
23/04/27 13:27:06 INFO mortbay.log: jetty-6.1.26
23/04/27 13:27:06 INFO mortbay.log: Started SelectChannelConnector@0.0.0.0:50090
23/04/27 13:27:06 INFO namenode.SecondaryNameNode: Web server init done
23/04/27 13:27:06 INFO namenode.SecondaryNameNode: Secondary Web-server up at: 0.0.0.0:50090
23/04/27 13:27:06 INFO namenode.SecondaryNameNode: Checkpoint Period   :3600 secs (60 min)
23/04/27 13:27:06 INFO namenode.SecondaryNameNode: Log Size Trigger    :40000 txns
23/04/27 13:27:35 INFO namenode.SecondaryNameNode: Image has changed. Downloading updated image from NN.
23/04/27 13:27:35 INFO namenode.TransferFsImage: Opening connection to http://localhost:50070/getimage?getimage=1&txid=0&storageInfo=-40:528579282:0:CID-bfbcbfa4-4024-4c41-bb96-66000d4d781b
23/04/27 13:27:35 INFO namenode.TransferFsImage: Transfer took 0.21s at 0.00 KB/s
23/04/27 13:27:35 INFO namenode.TransferFsImage: Downloaded file fsimage.ckpt_0000000000000000000 size 125 bytes.
23/04/27 13:27:35 INFO namenode.TransferFsImage: Opening connection to http://localhost:50070/getimage?getedit=1&startTxId=1&endTxId=2&storageInfo=-40:528579282:0:CID-bfbcbfa4-4024-4c41-bb96-66000d4d781b
23/04/27 13:27:35 INFO namenode.TransferFsImage: Transfer took 0.01s at 0.00 KB/s
23/04/27 13:27:35 INFO namenode.TransferFsImage: Downloaded file edits_0000000000000000001-0000000000000000002 size 30 bytes.
23/04/27 13:27:35 INFO namenode.FSImage: Loading image file /tmp/hadoop-jjwong0915/dfs/namesecondary/current/fsimage_0000000000000000000 using no compression
23/04/27 13:27:35 INFO namenode.FSImage: Number of files = 1
23/04/27 13:27:35 INFO namenode.FSImage: Number of files under construction = 0
23/04/27 13:27:35 INFO namenode.FSImage: Image file of size 125 loaded in 0 seconds.
23/04/27 13:27:35 INFO namenode.FSImage: Loaded image for txid 0 from /tmp/hadoop-jjwong0915/dfs/namesecondary/current/fsimage_0000000000000000000
23/04/27 13:27:35 INFO namenode.Checkpointer: Checkpointer about to load edits from 1 stream(s).
23/04/27 13:27:35 INFO namenode.FSImage: Reading /tmp/hadoop-jjwong0915/dfs/namesecondary/current/edits_0000000000000000001-0000000000000000002 expecting start txid #1
23/04/27 13:27:35 INFO namenode.FSImage: Edits file /tmp/hadoop-jjwong0915/dfs/namesecondary/current/edits_0000000000000000001-0000000000000000002 of size 30 edits # 2 loaded in 0 seconds.
23/04/27 13:27:35 INFO namenode.FSImage: Saving image file /tmp/hadoop-jjwong0915/dfs/namesecondary/current/fsimage.ckpt_0000000000000000002 using no compression
23/04/27 13:27:35 INFO namenode.FSImage: Image file of size 125 saved in 0 seconds.
23/04/27 13:27:35 INFO namenode.FSImageTransactionalStorageInspector: No version file in /tmp/hadoop-jjwong0915/dfs/namesecondary
23/04/27 13:27:35 INFO namenode.FileJournalManager: Purging logs older than 0
23/04/27 13:27:35 INFO namenode.TransferFsImage: Opening connection to http://localhost:50070/getimage?putimage=1&txid=2&port=50090&storageInfo=-40:528579282:0:CID-bfbcbfa4-4024-4c41-bb96-66000d4d781b
23/04/27 13:27:35 INFO namenode.TransferFsImage: Transfer took 0.11s at 0.00 KB/s
23/04/27 13:27:35 INFO namenode.TransferFsImage: Uploaded image with txid 2 to namenode at localhost:50070
23/04/27 13:27:35 WARN namenode.SecondaryNameNode: Checkpoint done. New Image Size: 125
23/04/27 13:27:35 INFO namenode.NNStorageRetentionManager: Going to retain 2 images with txid >= 0
23/04/27 13:27:35 INFO namenode.FileJournalManager: Purging logs older than 0
23/04/27 13:27:35 INFO util.ExitUtil: Exiting with status 0
23/04/27 13:27:35 INFO namenode.SecondaryNameNode: SHUTDOWN_MSG: 
/************************************************************
SHUTDOWN_MSG: Shutting down SecondaryNameNode at hadoop-1.us-east1-b.c.workstation-360918.internal/10.142.0.8
************************************************************/
