2023-03-27 18:57:37,357 INFO org.apache.hadoop.hdfs.server.namenode.NameNode: STARTUP_MSG: 
/************************************************************
STARTUP_MSG: Starting NameNode
STARTUP_MSG:   user = jjwong0915
STARTUP_MSG:   host = hadoop-1.us-east1-b.c.workstation-360918.internal/10.142.0.8
STARTUP_MSG:   args = []
STARTUP_MSG:   version = 3.0.0-alpha1
STARTUP_MSG:   classpath = /home/jjwong0915/hadoop-3.0.0-alpha1/etc/hadoop:/home/jjwong0915/hadoop-3.0.0-alpha1/share/hadoop/common/lib/jaxb-api-2.2.2.jar:/home/jjwong0915/hadoop-3.0.0-alpha1/share/hadoop/common/lib/jersey-json-1.19.jar:/home/jjwong0915/hadoop-3.0.0-alpha1/share/hadoop/common/lib/commons-cli-1.2.jar:/home/jjwong0915/hadoop-3.0.0-alpha1/share/hadoop/common/lib/paranamer-2.3.jar:/home/jjwong0915/hadoop-3.0.0-alpha1/share/hadoop/common/lib/java-xmlbuilder-0.4.jar:/home/jjwong0915/hadoop-3.0.0-alpha1/share/hadoop/common/lib/jackson-jaxrs-1.9.13.jar:/home/jjwong0915/hadoop-3.0.0-alpha1/share/hadoop/common/lib/kerby-util-1.0.0-RC2.jar:/home/jjwong0915/hadoop-3.0.0-alpha1/share/hadoop/common/lib/kerb-client-1.0.0-RC2.jar:/home/jjwong0915/hadoop-3.0.0-alpha1/share/hadoop/common/lib/jetty-util-6.1.26.jar:/home/jjwong0915/hadoop-3.0.0-alpha1/share/hadoop/common/lib/kerb-admin-1.0.0-RC2.jar:/home/jjwong0915/hadoop-3.0.0-alpha1/share/hadoop/common/lib/xz-1.0.jar:/home/jjwong0915/hadoop-3.0.0-alpha1/share/hadoop/common/lib/kerby-config-1.0.0-RC2.jar:/home/jjwong0915/hadoop-3.0.0-alpha1/share/hadoop/common/lib/junit-4.11.jar:/home/jjwong0915/hadoop-3.0.0-alpha1/share/hadoop/common/lib/curator-recipes-2.7.1.jar:/home/jjwong0915/hadoop-3.0.0-alpha1/share/hadoop/common/lib/xmlenc-0.52.jar:/home/jjwong0915/hadoop-3.0.0-alpha1/share/hadoop/common/lib/mockito-all-1.8.5.jar:/home/jjwong0915/hadoop-3.0.0-alpha1/share/hadoop/common/lib/commons-logging-1.1.3.jar:/home/jjwong0915/hadoop-3.0.0-alpha1/share/hadoop/common/lib/avro-1.7.4.jar:/home/jjwong0915/hadoop-3.0.0-alpha1/share/hadoop/common/lib/guava-11.0.2.jar:/home/jjwong0915/hadoop-3.0.0-alpha1/share/hadoop/common/lib/commons-collections-3.2.2.jar:/home/jjwong0915/hadoop-3.0.0-alpha1/share/hadoop/common/lib/commons-beanutils-1.7.0.jar:/home/jjwong0915/hadoop-3.0.0-alpha1/share/hadoop/common/lib/jcip-annotations-1.0.jar:/home/jjwong0915/hadoop-3.0.0-alpha1/share/hadoop/common/lib/nimbus-jose-jwt-3.9.jar:/home/jjwong0915/hadoop-3.0.0-alpha1/share/hadoop/common/lib/kerby-asn1-1.0.0-RC2.jar:/home/jjwong0915/hadoop-3.0.0-alpha1/share/hadoop/common/lib/htrace-core4-4.0.1-incubating.jar:/home/jjwong0915/hadoop-3.0.0-alpha1/share/hadoop/common/lib/commons-io-2.4.jar:/home/jjwong0915/hadoop-3.0.0-alpha1/share/hadoop/common/lib/snappy-java-1.0.4.1.jar:/home/jjwong0915/hadoop-3.0.0-alpha1/share/hadoop/common/lib/jersey-core-1.19.jar:/home/jjwong0915/hadoop-3.0.0-alpha1/share/hadoop/common/lib/gson-2.2.4.jar:/home/jjwong0915/hadoop-3.0.0-alpha1/share/hadoop/common/lib/json-smart-1.1.1.jar:/home/jjwong0915/hadoop-3.0.0-alpha1/share/hadoop/common/lib/log4j-1.2.17.jar:/home/jjwong0915/hadoop-3.0.0-alpha1/share/hadoop/common/lib/kerb-common-1.0.0-RC2.jar:/home/jjwong0915/hadoop-3.0.0-alpha1/share/hadoop/common/lib/kerb-util-1.0.0-RC2.jar:/home/jjwong0915/hadoop-3.0.0-alpha1/share/hadoop/common/lib/commons-math3-3.1.1.jar:/home/jjwong0915/hadoop-3.0.0-alpha1/share/hadoop/common/lib/hadoop-auth-3.0.0-alpha1.jar:/home/jjwong0915/hadoop-3.0.0-alpha1/share/hadoop/common/lib/hadoop-annotations-3.0.0-alpha1.jar:/home/jjwong0915/hadoop-3.0.0-alpha1/share/hadoop/common/lib/curator-framework-2.7.1.jar:/home/jjwong0915/hadoop-3.0.0-alpha1/share/hadoop/common/lib/re2j-1.0.jar:/home/jjwong0915/hadoop-3.0.0-alpha1/share/hadoop/common/lib/httpcore-4.4.4.jar:/home/jjwong0915/hadoop-3.0.0-alpha1/share/hadoop/common/lib/kerb-core-1.0.0-RC2.jar:/home/jjwong0915/hadoop-3.0.0-alpha1/share/hadoop/common/lib/jackson-core-asl-1.9.13.jar:/home/jjwong0915/hadoop-3.0.0-alpha1/share/hadoop/common/lib/commons-configuration-1.6.jar:/home/jjwong0915/hadoop-3.0.0-alpha1/share/hadoop/common/lib/kerb-identity-1.0.0-RC2.jar:/home/jjwong0915/hadoop-3.0.0-alpha1/share/hadoop/common/lib/jersey-server-1.19.jar:/home/jjwong0915/hadoop-3.0.0-alpha1/share/hadoop/common/lib/commons-codec-1.4.jar:/home/jjwong0915/hadoop-3.0.0-alpha1/share/hadoop/common/lib/jersey-servlet-1.19.jar:/home/jjwong0915/hadoop-3.0.0-alpha1/share/hadoop/common/lib/httpclient-4.5.2.jar:/home/jjwong0915/hadoop-3.0.0-alpha1/share/hadoop/common/lib/kerb-crypto-1.0.0-RC2.jar:/home/jjwong0915/hadoop-3.0.0-alpha1/share/hadoop/common/lib/netty-3.10.5.Final.jar:/home/jjwong0915/hadoop-3.0.0-alpha1/share/hadoop/common/lib/jets3t-0.9.0.jar:/home/jjwong0915/hadoop-3.0.0-alpha1/share/hadoop/common/lib/jsr311-api-1.1.1.jar:/home/jjwong0915/hadoop-3.0.0-alpha1/share/hadoop/common/lib/jaxb-impl-2.2.3-1.jar:/home/jjwong0915/hadoop-3.0.0-alpha1/share/hadoop/common/lib/commons-digester-1.8.jar:/home/jjwong0915/hadoop-3.0.0-alpha1/share/hadoop/common/lib/kerby-pkix-1.0.0-RC2.jar:/home/jjwong0915/hadoop-3.0.0-alpha1/share/hadoop/common/lib/slf4j-api-1.7.10.jar:/home/jjwong0915/hadoop-3.0.0-alpha1/share/hadoop/common/lib/jsch-0.1.51.jar:/home/jjwong0915/hadoop-3.0.0-alpha1/share/hadoop/common/lib/commons-beanutils-core-1.8.0.jar:/home/jjwong0915/hadoop-3.0.0-alpha1/share/hadoop/common/lib/jetty-6.1.26.jar:/home/jjwong0915/hadoop-3.0.0-alpha1/share/hadoop/common/lib/zookeeper-3.4.6.jar:/home/jjwong0915/hadoop-3.0.0-alpha1/share/hadoop/common/lib/jsr305-3.0.0.jar:/home/jjwong0915/hadoop-3.0.0-alpha1/share/hadoop/common/lib/protobuf-java-2.5.0.jar:/home/jjwong0915/hadoop-3.0.0-alpha1/share/hadoop/common/lib/commons-lang-2.6.jar:/home/jjwong0915/hadoop-3.0.0-alpha1/share/hadoop/common/lib/commons-compress-1.4.1.jar:/home/jjwong0915/hadoop-3.0.0-alpha1/share/hadoop/common/lib/commons-net-3.1.jar:/home/jjwong0915/hadoop-3.0.0-alpha1/share/hadoop/common/lib/curator-client-2.7.1.jar:/home/jjwong0915/hadoop-3.0.0-alpha1/share/hadoop/common/lib/hamcrest-core-1.3.jar:/home/jjwong0915/hadoop-3.0.0-alpha1/share/hadoop/common/lib/kerb-server-1.0.0-RC2.jar:/home/jjwong0915/hadoop-3.0.0-alpha1/share/hadoop/common/lib/activation-1.1.jar:/home/jjwong0915/hadoop-3.0.0-alpha1/share/hadoop/common/lib/jettison-1.1.jar:/home/jjwong0915/hadoop-3.0.0-alpha1/share/hadoop/common/lib/servlet-api-2.5.jar:/home/jjwong0915/hadoop-3.0.0-alpha1/share/hadoop/common/lib/kerb-simplekdc-1.0.0-RC2.jar:/home/jjwong0915/hadoop-3.0.0-alpha1/share/hadoop/common/lib/jsp-api-2.1.jar:/home/jjwong0915/hadoop-3.0.0-alpha1/share/hadoop/common/lib/slf4j-log4j12-1.7.10.jar:/home/jjwong0915/hadoop-3.0.0-alpha1/share/hadoop/common/lib/jackson-mapper-asl-1.9.13.jar:/home/jjwong0915/hadoop-3.0.0-alpha1/share/hadoop/common/lib/jetty-sslengine-6.1.26.jar:/home/jjwong0915/hadoop-3.0.0-alpha1/share/hadoop/common/lib/stax-api-1.0-2.jar:/home/jjwong0915/hadoop-3.0.0-alpha1/share/hadoop/common/lib/jackson-xc-1.9.13.jar:/home/jjwong0915/hadoop-3.0.0-alpha1/share/hadoop/common/hadoop-nfs-3.0.0-alpha1.jar:/home/jjwong0915/hadoop-3.0.0-alpha1/share/hadoop/common/hadoop-common-3.0.0-alpha1.jar:/home/jjwong0915/hadoop-3.0.0-alpha1/share/hadoop/common/hadoop-common-3.0.0-alpha1-tests.jar:/home/jjwong0915/hadoop-3.0.0-alpha1/share/hadoop/hdfs:/home/jjwong0915/hadoop-3.0.0-alpha1/share/hadoop/hdfs/lib/okio-1.4.0.jar:/home/jjwong0915/hadoop-3.0.0-alpha1/share/hadoop/hdfs/lib/hadoop-hdfs-client-3.0.0-alpha1.jar:/home/jjwong0915/hadoop-3.0.0-alpha1/share/hadoop/hdfs/lib/netty-all-4.1.0.Beta5.jar:/home/jjwong0915/hadoop-3.0.0-alpha1/share/hadoop/hdfs/lib/okhttp-2.4.0.jar:/home/jjwong0915/hadoop-3.0.0-alpha1/share/hadoop/hdfs/lib/xml-apis-1.3.04.jar:/home/jjwong0915/hadoop-3.0.0-alpha1/share/hadoop/hdfs/lib/commons-daemon-1.0.13.jar:/home/jjwong0915/hadoop-3.0.0-alpha1/share/hadoop/hdfs/lib/hpack-0.11.0.jar:/home/jjwong0915/hadoop-3.0.0-alpha1/share/hadoop/hdfs/lib/leveldbjni-all-1.8.jar:/home/jjwong0915/hadoop-3.0.0-alpha1/share/hadoop/hdfs/lib/xercesImpl-2.9.1.jar:/home/jjwong0915/hadoop-3.0.0-alpha1/share/hadoop/hdfs/hadoop-hdfs-native-client-3.0.0-alpha1.jar:/home/jjwong0915/hadoop-3.0.0-alpha1/share/hadoop/hdfs/hadoop-hdfs-3.0.0-alpha1.jar:/home/jjwong0915/hadoop-3.0.0-alpha1/share/hadoop/hdfs/hadoop-hdfs-native-client-3.0.0-alpha1-tests.jar:/home/jjwong0915/hadoop-3.0.0-alpha1/share/hadoop/hdfs/hadoop-hdfs-3.0.0-alpha1-tests.jar:/home/jjwong0915/hadoop-3.0.0-alpha1/share/hadoop/hdfs/hadoop-hdfs-client-3.0.0-alpha1-tests.jar:/home/jjwong0915/hadoop-3.0.0-alpha1/share/hadoop/hdfs/hadoop-hdfs-nfs-3.0.0-alpha1.jar:/home/jjwong0915/hadoop-3.0.0-alpha1/share/hadoop/mapreduce/hadoop-mapreduce-client-jobclient-3.0.0-alpha1-tests.jar:/home/jjwong0915/hadoop-3.0.0-alpha1/share/hadoop/mapreduce/hadoop-mapreduce-client-core-3.0.0-alpha1.jar:/home/jjwong0915/hadoop-3.0.0-alpha1/share/hadoop/mapreduce/hadoop-mapreduce-examples-3.0.0-alpha1.jar:/home/jjwong0915/hadoop-3.0.0-alpha1/share/hadoop/mapreduce/hadoop-mapreduce-client-hs-plugins-3.0.0-alpha1.jar:/home/jjwong0915/hadoop-3.0.0-alpha1/share/hadoop/mapreduce/hadoop-mapreduce-client-common-3.0.0-alpha1.jar:/home/jjwong0915/hadoop-3.0.0-alpha1/share/hadoop/mapreduce/hadoop-mapreduce-client-app-3.0.0-alpha1.jar:/home/jjwong0915/hadoop-3.0.0-alpha1/share/hadoop/mapreduce/hadoop-mapreduce-client-shuffle-3.0.0-alpha1.jar:/home/jjwong0915/hadoop-3.0.0-alpha1/share/hadoop/mapreduce/hadoop-mapreduce-client-nativetask-3.0.0-alpha1.jar:/home/jjwong0915/hadoop-3.0.0-alpha1/share/hadoop/mapreduce/hadoop-mapreduce-client-jobclient-3.0.0-alpha1.jar:/home/jjwong0915/hadoop-3.0.0-alpha1/share/hadoop/mapreduce/hadoop-mapreduce-client-hs-3.0.0-alpha1.jar:/home/jjwong0915/hadoop-3.0.0-alpha1/share/hadoop/yarn/lib/twill-discovery-api-0.6.0-incubating.jar:/home/jjwong0915/hadoop-3.0.0-alpha1/share/hadoop/yarn/lib/jsp-api-2.1-6.1.14.jar:/home/jjwong0915/hadoop-3.0.0-alpha1/share/hadoop/yarn/lib/tephra-api-0.7.0.jar:/home/jjwong0915/hadoop-3.0.0-alpha1/share/hadoop/yarn/lib/antlr-runtime-3.5.jar:/home/jjwong0915/hadoop-3.0.0-alpha1/share/hadoop/yarn/lib/disruptor-3.3.0.jar:/home/jjwong0915/hadoop-3.0.0-alpha1/share/hadoop/yarn/lib/antlr-2.7.7.jar:/home/jjwong0915/hadoop-3.0.0-alpha1/share/hadoop/yarn/lib/tephra-hbase-compat-1.1-0.7.0.jar:/home/jjwong0915/hadoop-3.0.0-alpha1/share/hadoop/yarn/lib/phoenix-core-4.7.0-HBase-1.1.jar:/home/jjwong0915/hadoop-3.0.0-alpha1/share/hadoop/yarn/lib/twill-zookeeper-0.6.0-incubating.jar:/home/jjwong0915/hadoop-3.0.0-alpha1/share/hadoop/yarn/lib/guice-4.0.jar:/home/jjwong0915/hadoop-3.0.0-alpha1/share/hadoop/yarn/lib/libthrift-0.9.0.jar:/home/jjwong0915/hadoop-3.0.0-alpha1/share/hadoop/yarn/lib/hbase-server-1.1.3.jar:/home/jjwong0915/hadoop-3.0.0-alpha1/share/hadoop/yarn/lib/fastutil-6.5.6.jar:/home/jjwong0915/hadoop-3.0.0-alpha1/share/hadoop/yarn/lib/commons-csv-1.0.jar:/home/jjwong0915/hadoop-3.0.0-alpha1/share/hadoop/yarn/lib/joni-2.1.2.jar:/home/jjwong0915/hadoop-3.0.0-alpha1/share/hadoop/yarn/lib/commons-math-2.2.jar:/home/jjwong0915/hadoop-3.0.0-alpha1/share/hadoop/yarn/lib/stringtemplate-3.2.1.jar:/home/jjwong0915/hadoop-3.0.0-alpha1/share/hadoop/yarn/lib/hbase-prefix-tree-1.1.3.jar:/home/jjwong0915/hadoop-3.0.0-alpha1/share/hadoop/yarn/lib/findbugs-annotations-1.3.9-1.jar:/home/jjwong0915/hadoop-3.0.0-alpha1/share/hadoop/yarn/lib/javassist-3.18.1-GA.jar:/home/jjwong0915/hadoop-3.0.0-alpha1/share/hadoop/yarn/lib/jasper-compiler-5.5.23.jar:/home/jjwong0915/hadoop-3.0.0-alpha1/share/hadoop/yarn/lib/hbase-protocol-1.1.3.jar:/home/jjwong0915/hadoop-3.0.0-alpha1/share/hadoop/yarn/lib/commons-httpclient-3.1.jar:/home/jjwong0915/hadoop-3.0.0-alpha1/share/hadoop/yarn/lib/servlet-api-2.5-6.1.14.jar:/home/jjwong0915/hadoop-3.0.0-alpha1/share/hadoop/yarn/lib/twill-discovery-core-0.6.0-incubating.jar:/home/jjwong0915/hadoop-3.0.0-alpha1/share/hadoop/yarn/lib/metrics-core-3.0.1.jar:/home/jjwong0915/hadoop-3.0.0-alpha1/share/hadoop/yarn/lib/objenesis-2.1.jar:/home/jjwong0915/hadoop-3.0.0-alpha1/share/hadoop/yarn/lib/commons-el-1.0.jar:/home/jjwong0915/hadoop-3.0.0-alpha1/share/hadoop/yarn/lib/htrace-core-3.1.0-incubating.jar:/home/jjwong0915/hadoop-3.0.0-alpha1/share/hadoop/yarn/lib/jasper-runtime-5.5.23.jar:/home/jjwong0915/hadoop-3.0.0-alpha1/share/hadoop/yarn/lib/snappy-0.3.jar:/home/jjwong0915/hadoop-3.0.0-alpha1/share/hadoop/yarn/lib/hbase-client-1.1.3.jar:/home/jjwong0915/hadoop-3.0.0-alpha1/share/hadoop/yarn/lib/jcodings-1.0.8.jar:/home/jjwong0915/hadoop-3.0.0-alpha1/share/hadoop/yarn/lib/jersey-client-1.19.jar:/home/jjwong0915/hadoop-3.0.0-alpha1/share/hadoop/yarn/lib/guice-servlet-4.0.jar:/home/jjwong0915/hadoop-3.0.0-alpha1/share/hadoop/yarn/lib/annotations-1.3.2.jar:/home/jjwong0915/hadoop-3.0.0-alpha1/share/hadoop/yarn/lib/zookeeper-3.4.6-tests.jar:/home/jjwong0915/hadoop-3.0.0-alpha1/share/hadoop/yarn/lib/ST4-4.0.7.jar:/home/jjwong0915/hadoop-3.0.0-alpha1/share/hadoop/yarn/lib/twill-common-0.6.0-incubating.jar:/home/jjwong0915/hadoop-3.0.0-alpha1/share/hadoop/yarn/lib/hbase-common-1.1.3.jar:/home/jjwong0915/hadoop-3.0.0-alpha1/share/hadoop/yarn/lib/hbase-annotations-1.1.3.jar:/home/jjwong0915/hadoop-3.0.0-alpha1/share/hadoop/yarn/lib/jersey-guice-1.19.jar:/home/jjwong0915/hadoop-3.0.0-alpha1/share/hadoop/yarn/lib/antlr-3.5.jar:/home/jjwong0915/hadoop-3.0.0-alpha1/share/hadoop/yarn/lib/metrics-core-3.1.0.jar:/home/jjwong0915/hadoop-3.0.0-alpha1/share/hadoop/yarn/lib/twill-api-0.6.0-incubating.jar:/home/jjwong0915/hadoop-3.0.0-alpha1/share/hadoop/yarn/lib/javax.inject-1.jar:/home/jjwong0915/hadoop-3.0.0-alpha1/share/hadoop/yarn/lib/guice-assistedinject-3.0.jar:/home/jjwong0915/hadoop-3.0.0-alpha1/share/hadoop/yarn/lib/hbase-hadoop2-compat-1.1.3.jar:/home/jjwong0915/hadoop-3.0.0-alpha1/share/hadoop/yarn/lib/tephra-core-0.7.0.jar:/home/jjwong0915/hadoop-3.0.0-alpha1/share/hadoop/yarn/lib/metrics-core-2.2.0.jar:/home/jjwong0915/hadoop-3.0.0-alpha1/share/hadoop/yarn/lib/sqlline-1.1.8.jar:/home/jjwong0915/hadoop-3.0.0-alpha1/share/hadoop/yarn/lib/fst-2.24.jar:/home/jjwong0915/hadoop-3.0.0-alpha1/share/hadoop/yarn/lib/asm-all-5.0.2.jar:/home/jjwong0915/hadoop-3.0.0-alpha1/share/hadoop/yarn/lib/curator-test-2.7.1.jar:/home/jjwong0915/hadoop-3.0.0-alpha1/share/hadoop/yarn/lib/aopalliance-1.0.jar:/home/jjwong0915/hadoop-3.0.0-alpha1/share/hadoop/yarn/lib/hbase-procedure-1.1.3.jar:/home/jjwong0915/hadoop-3.0.0-alpha1/share/hadoop/yarn/lib/twill-core-0.6.0-incubating.jar:/home/jjwong0915/hadoop-3.0.0-alpha1/share/hadoop/yarn/lib/jsp-2.1-6.1.14.jar:/home/jjwong0915/hadoop-3.0.0-alpha1/share/hadoop/yarn/lib/hbase-hadoop-compat-1.1.3.jar:/home/jjwong0915/hadoop-3.0.0-alpha1/share/hadoop/yarn/lib/jamon-runtime-2.3.1.jar:/home/jjwong0915/hadoop-3.0.0-alpha1/share/hadoop/yarn/hadoop-yarn-server-sharedcachemanager-3.0.0-alpha1.jar:/home/jjwong0915/hadoop-3.0.0-alpha1/share/hadoop/yarn/hadoop-yarn-server-resourcemanager-3.0.0-alpha1.jar:/home/jjwong0915/hadoop-3.0.0-alpha1/share/hadoop/yarn/hadoop-yarn-common-3.0.0-alpha1.jar:/home/jjwong0915/hadoop-3.0.0-alpha1/share/hadoop/yarn/hadoop-yarn-server-common-3.0.0-alpha1.jar:/home/jjwong0915/hadoop-3.0.0-alpha1/share/hadoop/yarn/hadoop-yarn-api-3.0.0-alpha1.jar:/home/jjwong0915/hadoop-3.0.0-alpha1/share/hadoop/yarn/hadoop-yarn-client-3.0.0-alpha1.jar:/home/jjwong0915/hadoop-3.0.0-alpha1/share/hadoop/yarn/hadoop-yarn-server-timelineservice-hbase-tests-3.0.0-alpha1.jar:/home/jjwong0915/hadoop-3.0.0-alpha1/share/hadoop/yarn/hadoop-yarn-server-web-proxy-3.0.0-alpha1.jar:/home/jjwong0915/hadoop-3.0.0-alpha1/share/hadoop/yarn/hadoop-yarn-applications-distributedshell-3.0.0-alpha1.jar:/home/jjwong0915/hadoop-3.0.0-alpha1/share/hadoop/yarn/hadoop-yarn-server-timeline-pluginstorage-3.0.0-alpha1.jar:/home/jjwong0915/hadoop-3.0.0-alpha1/share/hadoop/yarn/hadoop-yarn-registry-3.0.0-alpha1.jar:/home/jjwong0915/hadoop-3.0.0-alpha1/share/hadoop/yarn/hadoop-yarn-server-applicationhistoryservice-3.0.0-alpha1.jar:/home/jjwong0915/hadoop-3.0.0-alpha1/share/hadoop/yarn/hadoop-yarn-server-timelineservice-3.0.0-alpha1.jar:/home/jjwong0915/hadoop-3.0.0-alpha1/share/hadoop/yarn/hadoop-yarn-server-tests-3.0.0-alpha1.jar:/home/jjwong0915/hadoop-3.0.0-alpha1/share/hadoop/yarn/hadoop-yarn-server-nodemanager-3.0.0-alpha1.jar:/home/jjwong0915/hadoop-3.0.0-alpha1/share/hadoop/yarn/hadoop-yarn-applications-unmanaged-am-launcher-3.0.0-alpha1.jar
STARTUP_MSG:   build = https://git-wip-us.apache.org/repos/asf/hadoop.git -r a990d2ebcd6de5d7dc2d3684930759b0f0ea4dc3; compiled by 'andrew' on 2016-08-30T07:02Z
STARTUP_MSG:   java = 1.8.0_362
************************************************************/
2023-03-27 18:57:37,365 INFO org.apache.hadoop.hdfs.server.namenode.NameNode: registered UNIX signal handlers for [TERM, HUP, INT]
2023-03-27 18:57:37,370 INFO org.apache.hadoop.hdfs.server.namenode.NameNode: createNameNode []
2023-03-27 18:57:37,690 INFO org.apache.hadoop.metrics2.impl.MetricsConfig: loaded properties from hadoop-metrics2.properties
2023-03-27 18:57:37,835 INFO org.apache.hadoop.metrics2.impl.MetricsSystemImpl: Scheduled snapshot period at 10 second(s).
2023-03-27 18:57:37,835 INFO org.apache.hadoop.metrics2.impl.MetricsSystemImpl: NameNode metrics system started
2023-03-27 18:57:37,852 INFO org.apache.hadoop.hdfs.server.namenode.NameNode: fs.defaultFS is hdfs://localhost:9000
2023-03-27 18:57:37,854 INFO org.apache.hadoop.hdfs.server.namenode.NameNode: Clients are to use localhost:9000 to access this namenode/service.
2023-03-27 18:57:38,040 INFO org.apache.hadoop.util.JvmPauseMonitor: Starting JVM pause monitor
2023-03-27 18:57:38,050 INFO org.apache.hadoop.hdfs.DFSUtil: Starting Web-server for hdfs at: http://0.0.0.0:9870
2023-03-27 18:57:38,094 INFO org.mortbay.log: Logging to org.slf4j.impl.Log4jLoggerAdapter(org.mortbay.log) via org.mortbay.log.Slf4jLog
2023-03-27 18:57:38,102 INFO org.apache.hadoop.security.authentication.server.AuthenticationFilter: Unable to initialize FileSignerSecretProvider, falling back to use random secrets.
2023-03-27 18:57:38,107 INFO org.apache.hadoop.http.HttpRequestLog: Http request log for http.requests.namenode is not defined
2023-03-27 18:57:38,112 INFO org.apache.hadoop.http.HttpServer2: Added global filter 'safety' (class=org.apache.hadoop.http.HttpServer2$QuotingInputFilter)
2023-03-27 18:57:38,115 INFO org.apache.hadoop.http.HttpServer2: Added filter static_user_filter (class=org.apache.hadoop.http.lib.StaticUserWebFilter$StaticUserFilter) to context hdfs
2023-03-27 18:57:38,115 INFO org.apache.hadoop.http.HttpServer2: Added filter static_user_filter (class=org.apache.hadoop.http.lib.StaticUserWebFilter$StaticUserFilter) to context static
2023-03-27 18:57:38,115 INFO org.apache.hadoop.http.HttpServer2: Added filter static_user_filter (class=org.apache.hadoop.http.lib.StaticUserWebFilter$StaticUserFilter) to context logs
2023-03-27 18:57:38,125 INFO org.apache.hadoop.http.HttpServer2: Added filter 'org.apache.hadoop.hdfs.web.AuthFilter' (class=org.apache.hadoop.hdfs.web.AuthFilter)
2023-03-27 18:57:38,127 INFO org.apache.hadoop.http.HttpServer2: addJerseyResourcePackage: packageName=org.apache.hadoop.hdfs.server.namenode.web.resources;org.apache.hadoop.hdfs.web.resources, pathSpec=/webhdfs/v1/*
2023-03-27 18:57:38,139 INFO org.apache.hadoop.http.HttpServer2: Jetty bound to port 9870
2023-03-27 18:57:38,139 INFO org.mortbay.log: jetty-6.1.26
2023-03-27 18:57:38,411 INFO org.mortbay.log: Started SelectChannelConnector@0.0.0.0:9870
2023-03-27 18:57:38,433 WARN org.apache.hadoop.hdfs.server.namenode.FSNamesystem: Only one image storage directory (dfs.namenode.name.dir) configured. Beware of data loss due to lack of redundant storage directories!
2023-03-27 18:57:38,433 WARN org.apache.hadoop.hdfs.server.namenode.FSNamesystem: Only one namespace edits storage directory (dfs.namenode.edits.dir) configured. Beware of data loss due to lack of redundant storage directories!
2023-03-27 18:57:38,467 INFO org.apache.hadoop.hdfs.server.namenode.FSEditLog: Edit logging is async:false
2023-03-27 18:57:38,472 INFO org.apache.hadoop.hdfs.server.namenode.FSNamesystem: KeyProvider: null
2023-03-27 18:57:38,472 INFO org.apache.hadoop.hdfs.server.namenode.FSNamesystem: fsLock is fair:true
2023-03-27 18:57:38,477 INFO org.apache.hadoop.hdfs.server.namenode.FSNamesystem: fsOwner             = jjwong0915 (auth:SIMPLE)
2023-03-27 18:57:38,477 INFO org.apache.hadoop.hdfs.server.namenode.FSNamesystem: supergroup          = supergroup
2023-03-27 18:57:38,477 INFO org.apache.hadoop.hdfs.server.namenode.FSNamesystem: isPermissionEnabled = true
2023-03-27 18:57:38,477 INFO org.apache.hadoop.hdfs.server.namenode.FSNamesystem: HA Enabled: false
2023-03-27 18:57:38,511 INFO org.apache.hadoop.hdfs.server.blockmanagement.DatanodeManager: dfs.block.invalidate.limit=1000
2023-03-27 18:57:38,511 INFO org.apache.hadoop.hdfs.server.blockmanagement.DatanodeManager: dfs.namenode.datanode.registration.ip-hostname-check=true
2023-03-27 18:57:38,514 INFO org.apache.hadoop.hdfs.server.blockmanagement.BlockManager: dfs.namenode.startup.delay.block.deletion.sec is set to 000:00:00:00.000
2023-03-27 18:57:38,515 INFO org.apache.hadoop.hdfs.server.blockmanagement.BlockManager: The block deletion will start around 2023 Mar 27 18:57:38
2023-03-27 18:57:38,517 INFO org.apache.hadoop.util.GSet: Computing capacity for map BlocksMap
2023-03-27 18:57:38,517 INFO org.apache.hadoop.util.GSet: VM type       = 64-bit
2023-03-27 18:57:38,518 INFO org.apache.hadoop.util.GSet: 2.0% max memory 873 MB = 17.5 MB
2023-03-27 18:57:38,518 INFO org.apache.hadoop.util.GSet: capacity      = 2^21 = 2097152 entries
2023-03-27 18:57:38,526 INFO org.apache.hadoop.hdfs.server.blockmanagement.BlockManager: dfs.block.access.token.enable=false
2023-03-27 18:57:38,529 INFO org.apache.hadoop.hdfs.server.blockmanagement.BlockManagerSafeMode: dfs.namenode.safemode.threshold-pct = 0.9990000128746033
2023-03-27 18:57:38,529 INFO org.apache.hadoop.hdfs.server.blockmanagement.BlockManagerSafeMode: dfs.namenode.safemode.min.datanodes = 0
2023-03-27 18:57:38,529 INFO org.apache.hadoop.hdfs.server.blockmanagement.BlockManagerSafeMode: dfs.namenode.safemode.extension = 30000
2023-03-27 18:57:38,529 INFO org.apache.hadoop.hdfs.server.blockmanagement.BlockManager: defaultReplication         = 1
2023-03-27 18:57:38,529 INFO org.apache.hadoop.hdfs.server.blockmanagement.BlockManager: maxReplication             = 512
2023-03-27 18:57:38,529 INFO org.apache.hadoop.hdfs.server.blockmanagement.BlockManager: minReplication             = 1
2023-03-27 18:57:38,529 INFO org.apache.hadoop.hdfs.server.blockmanagement.BlockManager: maxReplicationStreams      = 2
2023-03-27 18:57:38,529 INFO org.apache.hadoop.hdfs.server.blockmanagement.BlockManager: replicationRecheckInterval = 3000
2023-03-27 18:57:38,529 INFO org.apache.hadoop.hdfs.server.blockmanagement.BlockManager: encryptDataTransfer        = false
2023-03-27 18:57:38,529 INFO org.apache.hadoop.hdfs.server.blockmanagement.BlockManager: maxNumBlocksToLog          = 1000
2023-03-27 18:57:38,580 INFO org.apache.hadoop.util.GSet: Computing capacity for map INodeMap
2023-03-27 18:57:38,580 INFO org.apache.hadoop.util.GSet: VM type       = 64-bit
2023-03-27 18:57:38,580 INFO org.apache.hadoop.util.GSet: 1.0% max memory 873 MB = 8.7 MB
2023-03-27 18:57:38,580 INFO org.apache.hadoop.util.GSet: capacity      = 2^20 = 1048576 entries
2023-03-27 18:57:38,594 INFO org.apache.hadoop.hdfs.server.namenode.FSDirectory: ACLs enabled? false
2023-03-27 18:57:38,595 INFO org.apache.hadoop.hdfs.server.namenode.FSDirectory: XAttrs enabled? true
2023-03-27 18:57:38,595 INFO org.apache.hadoop.hdfs.server.namenode.NameNode: Caching file names occuring more than 10 times
2023-03-27 18:57:38,605 INFO org.apache.hadoop.util.GSet: Computing capacity for map cachedBlocks
2023-03-27 18:57:38,605 INFO org.apache.hadoop.util.GSet: VM type       = 64-bit
2023-03-27 18:57:38,606 INFO org.apache.hadoop.util.GSet: 0.25% max memory 873 MB = 2.2 MB
2023-03-27 18:57:38,606 INFO org.apache.hadoop.util.GSet: capacity      = 2^18 = 262144 entries
2023-03-27 18:57:38,611 INFO org.apache.hadoop.hdfs.server.namenode.top.metrics.TopMetrics: NNTop conf: dfs.namenode.top.window.num.buckets = 10
2023-03-27 18:57:38,611 INFO org.apache.hadoop.hdfs.server.namenode.top.metrics.TopMetrics: NNTop conf: dfs.namenode.top.num.users = 10
2023-03-27 18:57:38,611 INFO org.apache.hadoop.hdfs.server.namenode.top.metrics.TopMetrics: NNTop conf: dfs.namenode.top.windows.minutes = 1,5,25
2023-03-27 18:57:38,612 INFO org.apache.hadoop.hdfs.server.namenode.FSNamesystem: Retry cache on namenode is enabled
2023-03-27 18:57:38,613 INFO org.apache.hadoop.hdfs.server.namenode.FSNamesystem: Retry cache will use 0.03 of total heap and retry cache entry expiry time is 600000 millis
2023-03-27 18:57:38,614 INFO org.apache.hadoop.util.GSet: Computing capacity for map NameNodeRetryCache
2023-03-27 18:57:38,614 INFO org.apache.hadoop.util.GSet: VM type       = 64-bit
2023-03-27 18:57:38,614 INFO org.apache.hadoop.util.GSet: 0.029999999329447746% max memory 873 MB = 268.2 KB
2023-03-27 18:57:38,614 INFO org.apache.hadoop.util.GSet: capacity      = 2^15 = 32768 entries
2023-03-27 18:57:38,627 INFO org.apache.hadoop.hdfs.server.common.Storage: Lock on /tmp/hadoop-jjwong0915/dfs/name/in_use.lock acquired by nodename 108185@hadoop-1.us-east1-b.c.workstation-360918.internal
2023-03-27 18:57:38,645 INFO org.apache.hadoop.hdfs.server.namenode.FileJournalManager: Recovering unfinalized segments in /tmp/hadoop-jjwong0915/dfs/name/current
2023-03-27 18:57:38,645 INFO org.apache.hadoop.hdfs.server.namenode.FSImage: No edit log streams selected.
2023-03-27 18:57:38,645 INFO org.apache.hadoop.hdfs.server.namenode.FSImage: Planning to load image: FSImageFile(file=/tmp/hadoop-jjwong0915/dfs/name/current/fsimage_0000000000000000000, cpktTxId=0000000000000000000)
2023-03-27 18:57:38,676 INFO org.apache.hadoop.hdfs.server.namenode.FSImageFormatPBINode: Loading 1 INodes.
2023-03-27 18:57:38,698 INFO org.apache.hadoop.hdfs.server.namenode.FSImageFormatProtobuf: Loaded FSImage in 0 seconds.
2023-03-27 18:57:38,698 INFO org.apache.hadoop.hdfs.server.namenode.FSImage: Loaded image for txid 0 from /tmp/hadoop-jjwong0915/dfs/name/current/fsimage_0000000000000000000
2023-03-27 18:57:38,702 INFO org.apache.hadoop.hdfs.server.namenode.FSNamesystem: Need to save fs image? false (staleImage=false, haEnabled=false, isRollingUpgrade=false)
2023-03-27 18:57:38,702 INFO org.apache.hadoop.hdfs.server.namenode.FSEditLog: Starting log segment at 1
2023-03-27 18:57:38,809 INFO org.apache.hadoop.hdfs.server.namenode.NameCache: initialized with 0 entries 0 lookups
2023-03-27 18:57:38,809 INFO org.apache.hadoop.hdfs.server.namenode.FSNamesystem: Finished loading FSImage in 192 msecs
2023-03-27 18:57:38,982 INFO org.apache.hadoop.hdfs.server.namenode.NameNode: RPC server is binding to localhost:9000
2023-03-27 18:57:38,987 INFO org.apache.hadoop.ipc.CallQueueManager: Using callQueue: class java.util.concurrent.LinkedBlockingQueue queueCapacity: 1000 scheduler: class org.apache.hadoop.ipc.DefaultRpcScheduler
2023-03-27 18:57:38,995 INFO org.apache.hadoop.ipc.Server: Starting Socket Reader #1 for port 9000
2023-03-27 18:57:39,041 INFO org.apache.hadoop.hdfs.server.namenode.FSNamesystem: Registered FSNamesystemState MBean
2023-03-27 18:57:39,050 INFO org.apache.hadoop.hdfs.server.namenode.LeaseManager: Number of blocks under construction: 0
2023-03-27 18:57:39,061 WARN org.apache.hadoop.hdfs.server.blockmanagement.BlockManagerSafeMode: forceExit used when normal exist would suffice. Treating force exit as normal safe mode exit.
2023-03-27 18:57:39,061 INFO org.apache.hadoop.hdfs.server.blockmanagement.BlockManager: initializing replication queues
2023-03-27 18:57:39,064 INFO org.apache.hadoop.hdfs.StateChange: STATE* Leaving safe mode after 0 secs
2023-03-27 18:57:39,064 INFO org.apache.hadoop.hdfs.StateChange: STATE* Network topology has 0 racks and 0 datanodes
2023-03-27 18:57:39,064 INFO org.apache.hadoop.hdfs.StateChange: STATE* UnderReplicatedBlocks has 0 blocks
2023-03-27 18:57:39,084 INFO org.apache.hadoop.hdfs.server.blockmanagement.BlockManager: Total number of blocks            = 0
2023-03-27 18:57:39,084 INFO org.apache.hadoop.hdfs.server.blockmanagement.BlockManager: Number of invalid blocks          = 0
2023-03-27 18:57:39,084 INFO org.apache.hadoop.hdfs.server.blockmanagement.BlockManager: Number of under-replicated blocks = 0
2023-03-27 18:57:39,085 INFO org.apache.hadoop.hdfs.server.blockmanagement.BlockManager: Number of  over-replicated blocks = 0
2023-03-27 18:57:39,085 INFO org.apache.hadoop.hdfs.server.blockmanagement.BlockManager: Number of blocks being written    = 0
2023-03-27 18:57:39,085 INFO org.apache.hadoop.hdfs.StateChange: STATE* Replication Queue initialization scan for invalid, over- and under-replicated blocks completed in 11 msec
2023-03-27 18:57:39,095 INFO org.apache.hadoop.ipc.Server: IPC Server Responder: starting
2023-03-27 18:57:39,096 INFO org.apache.hadoop.ipc.Server: IPC Server listener on 9000: starting
2023-03-27 18:57:39,098 INFO org.apache.hadoop.hdfs.server.namenode.NameNode: NameNode RPC up at: localhost/127.0.0.1:9000
2023-03-27 18:57:39,100 INFO org.apache.hadoop.hdfs.server.namenode.FSNamesystem: Starting services required for active state
2023-03-27 18:57:39,100 INFO org.apache.hadoop.hdfs.server.namenode.FSDirectory: Initializing quota with 4 thread(s)
2023-03-27 18:57:39,105 INFO org.apache.hadoop.hdfs.server.namenode.FSDirectory: Quota initialization completed in 5 milliseconds
name space=1
storage space=0
storage types=RAM_DISK=0, SSD=0, DISK=0, ARCHIVE=0
2023-03-27 18:57:39,109 INFO org.apache.hadoop.hdfs.server.blockmanagement.CacheReplicationMonitor: Starting CacheReplicationMonitor with interval 30000 milliseconds
2023-03-27 18:57:41,975 INFO org.apache.hadoop.hdfs.StateChange: BLOCK* registerDatanode: from DatanodeRegistration(127.0.0.1:9866, datanodeUuid=f58eda39-4a23-440d-8313-5961ae2f38ee, infoPort=9864, infoSecurePort=0, ipcPort=9867, storageInfo=lv=-57;cid=CID-95b932b1-e70d-4922-a632-09a5454bb088;nsid=1805970196;c=1679943450225) storage f58eda39-4a23-440d-8313-5961ae2f38ee
2023-03-27 18:57:41,976 INFO org.apache.hadoop.net.NetworkTopology: Adding a new node: /default-rack/127.0.0.1:9866
2023-03-27 18:57:41,976 INFO org.apache.hadoop.hdfs.server.blockmanagement.BlockReportLeaseManager: Registered DN f58eda39-4a23-440d-8313-5961ae2f38ee (127.0.0.1:9866).
2023-03-27 18:57:42,141 INFO org.apache.hadoop.hdfs.server.blockmanagement.DatanodeDescriptor: Adding new storage ID DS-39f00f43-9d22-446b-8189-e4fc6a57c36f for DN 127.0.0.1:9866
2023-03-27 18:57:42,285 INFO BlockStateChange: BLOCK* processReport 0x87ba53e2ea37ccf: Processing first storage report for DS-39f00f43-9d22-446b-8189-e4fc6a57c36f from datanode f58eda39-4a23-440d-8313-5961ae2f38ee
2023-03-27 18:57:42,287 INFO BlockStateChange: BLOCK* processReport 0x87ba53e2ea37ccf: from storage DS-39f00f43-9d22-446b-8189-e4fc6a57c36f node DatanodeRegistration(127.0.0.1:9866, datanodeUuid=f58eda39-4a23-440d-8313-5961ae2f38ee, infoPort=9864, infoSecurePort=0, ipcPort=9867, storageInfo=lv=-57;cid=CID-95b932b1-e70d-4922-a632-09a5454bb088;nsid=1805970196;c=1679943450225), blocks: 0, hasStaleStorage: false, processing time: 2 msecs, invalidatedBlocks: 0
2023-03-27 18:58:10,719 INFO org.apache.hadoop.hdfs.StateChange: BLOCK* allocate blk_1073741825_1001, replicas=127.0.0.1:9866 for /user/jjwong0915/input/capacity-scheduler.xml._COPYING_
2023-03-27 18:58:10,887 INFO org.apache.hadoop.hdfs.server.namenode.FSNamesystem: BLOCK* blk_1073741825_1001 is COMMITTED but not COMPLETE(numNodes= 0 <  minimum = 1) in file /user/jjwong0915/input/capacity-scheduler.xml._COPYING_
2023-03-27 18:58:10,887 INFO org.apache.hadoop.hdfs.server.namenode.EditLogFileOutputStream: Nothing to flush
2023-03-27 18:58:11,297 INFO org.apache.hadoop.hdfs.StateChange: DIR* completeFile: /user/jjwong0915/input/capacity-scheduler.xml._COPYING_ is closed by DFSClient_NONMAPREDUCE_66444181_1
2023-03-27 18:58:11,330 INFO org.apache.hadoop.hdfs.StateChange: BLOCK* allocate blk_1073741826_1002, replicas=127.0.0.1:9866 for /user/jjwong0915/input/core-site.xml._COPYING_
2023-03-27 18:58:11,350 INFO org.apache.hadoop.hdfs.StateChange: DIR* completeFile: /user/jjwong0915/input/core-site.xml._COPYING_ is closed by DFSClient_NONMAPREDUCE_66444181_1
2023-03-27 18:58:11,368 INFO org.apache.hadoop.hdfs.StateChange: BLOCK* allocate blk_1073741827_1003, replicas=127.0.0.1:9866 for /user/jjwong0915/input/hadoop-policy.xml._COPYING_
2023-03-27 18:58:11,388 INFO org.apache.hadoop.hdfs.StateChange: DIR* completeFile: /user/jjwong0915/input/hadoop-policy.xml._COPYING_ is closed by DFSClient_NONMAPREDUCE_66444181_1
2023-03-27 18:58:11,404 INFO org.apache.hadoop.hdfs.StateChange: BLOCK* allocate blk_1073741828_1004, replicas=127.0.0.1:9866 for /user/jjwong0915/input/hdfs-site.xml._COPYING_
2023-03-27 18:58:11,422 INFO org.apache.hadoop.hdfs.StateChange: DIR* completeFile: /user/jjwong0915/input/hdfs-site.xml._COPYING_ is closed by DFSClient_NONMAPREDUCE_66444181_1
2023-03-27 18:58:11,439 INFO org.apache.hadoop.hdfs.StateChange: BLOCK* allocate blk_1073741829_1005, replicas=127.0.0.1:9866 for /user/jjwong0915/input/httpfs-site.xml._COPYING_
2023-03-27 18:58:11,459 INFO org.apache.hadoop.hdfs.StateChange: DIR* completeFile: /user/jjwong0915/input/httpfs-site.xml._COPYING_ is closed by DFSClient_NONMAPREDUCE_66444181_1
2023-03-27 18:58:11,476 INFO org.apache.hadoop.hdfs.StateChange: BLOCK* allocate blk_1073741830_1006, replicas=127.0.0.1:9866 for /user/jjwong0915/input/kms-acls.xml._COPYING_
2023-03-27 18:58:11,500 INFO org.apache.hadoop.hdfs.StateChange: DIR* completeFile: /user/jjwong0915/input/kms-acls.xml._COPYING_ is closed by DFSClient_NONMAPREDUCE_66444181_1
2023-03-27 18:58:11,519 INFO org.apache.hadoop.hdfs.StateChange: BLOCK* allocate blk_1073741831_1007, replicas=127.0.0.1:9866 for /user/jjwong0915/input/kms-site.xml._COPYING_
2023-03-27 18:58:11,538 INFO org.apache.hadoop.hdfs.StateChange: DIR* completeFile: /user/jjwong0915/input/kms-site.xml._COPYING_ is closed by DFSClient_NONMAPREDUCE_66444181_1
2023-03-27 18:58:11,551 INFO org.apache.hadoop.hdfs.StateChange: BLOCK* allocate blk_1073741832_1008, replicas=127.0.0.1:9866 for /user/jjwong0915/input/yarn-site.xml._COPYING_
2023-03-27 18:58:11,570 INFO org.apache.hadoop.hdfs.StateChange: DIR* completeFile: /user/jjwong0915/input/yarn-site.xml._COPYING_ is closed by DFSClient_NONMAPREDUCE_66444181_1
2023-03-27 18:58:44,750 INFO org.apache.hadoop.hdfs.server.namenode.FSNamesystem: Roll Edit Log from 127.0.0.1
2023-03-27 18:58:44,750 INFO org.apache.hadoop.hdfs.server.namenode.FSEditLog: Rolling edit logs
2023-03-27 18:58:44,750 INFO org.apache.hadoop.hdfs.server.namenode.FSEditLog: Ending log segment 1
2023-03-27 18:58:44,750 INFO org.apache.hadoop.hdfs.server.namenode.FSEditLog: Number of transactions: 54 Total time for transactions(ms): 22 Number of transactions batched in Syncs: 15 Number of syncs: 39 SyncTimes(ms): 46 
2023-03-27 18:58:44,751 INFO org.apache.hadoop.hdfs.server.namenode.FSEditLog: Number of transactions: 54 Total time for transactions(ms): 22 Number of transactions batched in Syncs: 15 Number of syncs: 40 SyncTimes(ms): 47 
2023-03-27 18:58:44,752 INFO org.apache.hadoop.hdfs.server.namenode.FileJournalManager: Finalizing edits file /tmp/hadoop-jjwong0915/dfs/name/current/edits_inprogress_0000000000000000001 -> /tmp/hadoop-jjwong0915/dfs/name/current/edits_0000000000000000001-0000000000000000054
2023-03-27 18:58:44,791 INFO org.apache.hadoop.hdfs.server.namenode.FSEditLog: Starting log segment at 55
2023-03-27 18:58:46,094 INFO org.apache.hadoop.hdfs.server.namenode.TransferFsImage: Combined time for fsimage download and fsync to all disks took 0.00s. The fsimage download took 0.00s at 0.00 KB/s. Synchronous (fsync) write to disk of /tmp/hadoop-jjwong0915/dfs/name/current/fsimage.ckpt_0000000000000000054 took 0.00s.
2023-03-27 18:58:46,094 INFO org.apache.hadoop.hdfs.server.namenode.TransferFsImage: Downloaded file fsimage.ckpt_0000000000000000054 size 483 bytes.
2023-03-27 18:58:46,101 INFO org.apache.hadoop.hdfs.server.namenode.NNStorageRetentionManager: Going to retain 2 images with txid >= 0
2023-03-27 18:59:29,288 INFO org.apache.hadoop.hdfs.StateChange: BLOCK* allocate blk_1073741833_1009, replicas=127.0.0.1:9866 for /user/jjwong0915/input/_temporary/0/_temporary/attempt_local227564641_0001_m_000000_0/part-m-00000
2023-03-27 18:59:31,864 INFO org.apache.hadoop.hdfs.StateChange: BLOCK* allocate blk_1073741834_1010, replicas=127.0.0.1:9866 for /user/jjwong0915/input/_temporary/0/_temporary/attempt_local227564641_0001_m_000000_0/part-m-00000
2023-03-27 18:59:33,406 INFO org.apache.hadoop.hdfs.StateChange: BLOCK* allocate blk_1073741835_1011, replicas=127.0.0.1:9866 for /user/jjwong0915/input/_temporary/0/_temporary/attempt_local227564641_0001_m_000000_0/part-m-00000
2023-03-27 18:59:35,042 INFO org.apache.hadoop.hdfs.StateChange: BLOCK* allocate blk_1073741836_1012, replicas=127.0.0.1:9866 for /user/jjwong0915/input/_temporary/0/_temporary/attempt_local227564641_0001_m_000000_0/part-m-00000
2023-03-27 18:59:36,613 INFO org.apache.hadoop.hdfs.StateChange: BLOCK* allocate blk_1073741837_1013, replicas=127.0.0.1:9866 for /user/jjwong0915/input/_temporary/0/_temporary/attempt_local227564641_0001_m_000000_0/part-m-00000
2023-03-27 18:59:37,917 INFO org.apache.hadoop.hdfs.StateChange: BLOCK* allocate blk_1073741838_1014, replicas=127.0.0.1:9866 for /user/jjwong0915/input/_temporary/0/_temporary/attempt_local227564641_0001_m_000000_0/part-m-00000
2023-03-27 18:59:39,313 INFO org.apache.hadoop.hdfs.StateChange: BLOCK* allocate blk_1073741839_1015, replicas=127.0.0.1:9866 for /user/jjwong0915/input/_temporary/0/_temporary/attempt_local227564641_0001_m_000000_0/part-m-00000
2023-03-27 18:59:40,591 INFO org.apache.hadoop.hdfs.StateChange: BLOCK* allocate blk_1073741840_1016, replicas=127.0.0.1:9866 for /user/jjwong0915/input/_temporary/0/_temporary/attempt_local227564641_0001_m_000000_0/part-m-00000
2023-03-27 18:59:42,008 INFO org.apache.hadoop.hdfs.StateChange: BLOCK* allocate blk_1073741841_1017, replicas=127.0.0.1:9866 for /user/jjwong0915/input/_temporary/0/_temporary/attempt_local227564641_0001_m_000000_0/part-m-00000
2023-03-27 18:59:42,303 INFO org.apache.hadoop.hdfs.StateChange: DIR* completeFile: /user/jjwong0915/input/_temporary/0/_temporary/attempt_local227564641_0001_m_000000_0/part-m-00000 is closed by DFSClient_NONMAPREDUCE_1627593271_1
2023-03-27 18:59:42,348 INFO org.apache.hadoop.hdfs.StateChange: DIR* completeFile: /user/jjwong0915/input/_SUCCESS is closed by DFSClient_NONMAPREDUCE_1627593271_1
2023-03-27 19:02:31,629 INFO org.apache.hadoop.hdfs.server.namenode.FSEditLog: Number of transactions: 42 Total time for transactions(ms): 4 Number of transactions batched in Syncs: 22 Number of syncs: 18 SyncTimes(ms): 338 
2023-03-27 19:05:33,425 INFO org.apache.hadoop.hdfs.server.namenode.FSEditLog: Number of transactions: 45 Total time for transactions(ms): 4 Number of transactions batched in Syncs: 24 Number of syncs: 19 SyncTimes(ms): 339 
2023-03-27 19:05:33,488 INFO org.apache.hadoop.hdfs.StateChange: BLOCK* allocate blk_1073741842_1018, replicas=127.0.0.1:9866 for /user/jjwong0915/output/_temporary/0/_temporary/attempt_local1322365963_0001_r_000000_0/part-r-00000
2023-03-27 19:05:37,204 INFO org.apache.hadoop.hdfs.StateChange: DIR* completeFile: /user/jjwong0915/output/_temporary/0/_temporary/attempt_local1322365963_0001_r_000000_0/part-r-00000 is closed by DFSClient_NONMAPREDUCE_1135516224_1
2023-03-27 19:05:37,248 INFO org.apache.hadoop.hdfs.StateChange: DIR* completeFile: /user/jjwong0915/output/_SUCCESS is closed by DFSClient_NONMAPREDUCE_1135516224_1
2023-03-27 19:07:39,063 INFO org.apache.hadoop.hdfs.server.blockmanagement.BlockManager: StorageInfo TreeSet fill ratio DS-39f00f43-9d22-446b-8189-e4fc6a57c36f : 1.0
2023-03-27 19:08:05,970 INFO org.apache.hadoop.hdfs.server.namenode.FSEditLog: Number of transactions: 54 Total time for transactions(ms): 4 Number of transactions batched in Syncs: 28 Number of syncs: 26 SyncTimes(ms): 349 
2023-03-27 19:08:21,511 ERROR org.apache.hadoop.hdfs.server.namenode.NameNode: RECEIVED SIGNAL 15: SIGTERM
2023-03-27 19:08:21,515 INFO org.apache.hadoop.hdfs.server.namenode.NameNode: SHUTDOWN_MSG: 
/************************************************************
SHUTDOWN_MSG: Shutting down NameNode at hadoop-1.us-east1-b.c.workstation-360918.internal/10.142.0.8
************************************************************/
2023-03-27 19:09:38,272 INFO org.apache.hadoop.hdfs.server.namenode.NameNode: STARTUP_MSG: 
/************************************************************
STARTUP_MSG: Starting NameNode
STARTUP_MSG:   user = jjwong0915
STARTUP_MSG:   host = hadoop-1.us-east1-b.c.workstation-360918.internal/10.142.0.8
STARTUP_MSG:   args = []
STARTUP_MSG:   version = 3.0.0-alpha1
STARTUP_MSG:   classpath = /home/jjwong0915/hadoop-3.0.0-alpha1/etc/hadoop:/home/jjwong0915/hadoop-3.0.0-alpha1/share/hadoop/common/lib/jaxb-api-2.2.2.jar:/home/jjwong0915/hadoop-3.0.0-alpha1/share/hadoop/common/lib/jersey-json-1.19.jar:/home/jjwong0915/hadoop-3.0.0-alpha1/share/hadoop/common/lib/commons-cli-1.2.jar:/home/jjwong0915/hadoop-3.0.0-alpha1/share/hadoop/common/lib/paranamer-2.3.jar:/home/jjwong0915/hadoop-3.0.0-alpha1/share/hadoop/common/lib/java-xmlbuilder-0.4.jar:/home/jjwong0915/hadoop-3.0.0-alpha1/share/hadoop/common/lib/jackson-jaxrs-1.9.13.jar:/home/jjwong0915/hadoop-3.0.0-alpha1/share/hadoop/common/lib/kerby-util-1.0.0-RC2.jar:/home/jjwong0915/hadoop-3.0.0-alpha1/share/hadoop/common/lib/kerb-client-1.0.0-RC2.jar:/home/jjwong0915/hadoop-3.0.0-alpha1/share/hadoop/common/lib/jetty-util-6.1.26.jar:/home/jjwong0915/hadoop-3.0.0-alpha1/share/hadoop/common/lib/kerb-admin-1.0.0-RC2.jar:/home/jjwong0915/hadoop-3.0.0-alpha1/share/hadoop/common/lib/xz-1.0.jar:/home/jjwong0915/hadoop-3.0.0-alpha1/share/hadoop/common/lib/kerby-config-1.0.0-RC2.jar:/home/jjwong0915/hadoop-3.0.0-alpha1/share/hadoop/common/lib/junit-4.11.jar:/home/jjwong0915/hadoop-3.0.0-alpha1/share/hadoop/common/lib/curator-recipes-2.7.1.jar:/home/jjwong0915/hadoop-3.0.0-alpha1/share/hadoop/common/lib/xmlenc-0.52.jar:/home/jjwong0915/hadoop-3.0.0-alpha1/share/hadoop/common/lib/mockito-all-1.8.5.jar:/home/jjwong0915/hadoop-3.0.0-alpha1/share/hadoop/common/lib/commons-logging-1.1.3.jar:/home/jjwong0915/hadoop-3.0.0-alpha1/share/hadoop/common/lib/avro-1.7.4.jar:/home/jjwong0915/hadoop-3.0.0-alpha1/share/hadoop/common/lib/guava-11.0.2.jar:/home/jjwong0915/hadoop-3.0.0-alpha1/share/hadoop/common/lib/commons-collections-3.2.2.jar:/home/jjwong0915/hadoop-3.0.0-alpha1/share/hadoop/common/lib/commons-beanutils-1.7.0.jar:/home/jjwong0915/hadoop-3.0.0-alpha1/share/hadoop/common/lib/jcip-annotations-1.0.jar:/home/jjwong0915/hadoop-3.0.0-alpha1/share/hadoop/common/lib/nimbus-jose-jwt-3.9.jar:/home/jjwong0915/hadoop-3.0.0-alpha1/share/hadoop/common/lib/kerby-asn1-1.0.0-RC2.jar:/home/jjwong0915/hadoop-3.0.0-alpha1/share/hadoop/common/lib/htrace-core4-4.0.1-incubating.jar:/home/jjwong0915/hadoop-3.0.0-alpha1/share/hadoop/common/lib/commons-io-2.4.jar:/home/jjwong0915/hadoop-3.0.0-alpha1/share/hadoop/common/lib/snappy-java-1.0.4.1.jar:/home/jjwong0915/hadoop-3.0.0-alpha1/share/hadoop/common/lib/jersey-core-1.19.jar:/home/jjwong0915/hadoop-3.0.0-alpha1/share/hadoop/common/lib/gson-2.2.4.jar:/home/jjwong0915/hadoop-3.0.0-alpha1/share/hadoop/common/lib/json-smart-1.1.1.jar:/home/jjwong0915/hadoop-3.0.0-alpha1/share/hadoop/common/lib/log4j-1.2.17.jar:/home/jjwong0915/hadoop-3.0.0-alpha1/share/hadoop/common/lib/kerb-common-1.0.0-RC2.jar:/home/jjwong0915/hadoop-3.0.0-alpha1/share/hadoop/common/lib/kerb-util-1.0.0-RC2.jar:/home/jjwong0915/hadoop-3.0.0-alpha1/share/hadoop/common/lib/commons-math3-3.1.1.jar:/home/jjwong0915/hadoop-3.0.0-alpha1/share/hadoop/common/lib/hadoop-auth-3.0.0-alpha1.jar:/home/jjwong0915/hadoop-3.0.0-alpha1/share/hadoop/common/lib/hadoop-annotations-3.0.0-alpha1.jar:/home/jjwong0915/hadoop-3.0.0-alpha1/share/hadoop/common/lib/curator-framework-2.7.1.jar:/home/jjwong0915/hadoop-3.0.0-alpha1/share/hadoop/common/lib/re2j-1.0.jar:/home/jjwong0915/hadoop-3.0.0-alpha1/share/hadoop/common/lib/httpcore-4.4.4.jar:/home/jjwong0915/hadoop-3.0.0-alpha1/share/hadoop/common/lib/kerb-core-1.0.0-RC2.jar:/home/jjwong0915/hadoop-3.0.0-alpha1/share/hadoop/common/lib/jackson-core-asl-1.9.13.jar:/home/jjwong0915/hadoop-3.0.0-alpha1/share/hadoop/common/lib/commons-configuration-1.6.jar:/home/jjwong0915/hadoop-3.0.0-alpha1/share/hadoop/common/lib/kerb-identity-1.0.0-RC2.jar:/home/jjwong0915/hadoop-3.0.0-alpha1/share/hadoop/common/lib/jersey-server-1.19.jar:/home/jjwong0915/hadoop-3.0.0-alpha1/share/hadoop/common/lib/commons-codec-1.4.jar:/home/jjwong0915/hadoop-3.0.0-alpha1/share/hadoop/common/lib/jersey-servlet-1.19.jar:/home/jjwong0915/hadoop-3.0.0-alpha1/share/hadoop/common/lib/httpclient-4.5.2.jar:/home/jjwong0915/hadoop-3.0.0-alpha1/share/hadoop/common/lib/kerb-crypto-1.0.0-RC2.jar:/home/jjwong0915/hadoop-3.0.0-alpha1/share/hadoop/common/lib/netty-3.10.5.Final.jar:/home/jjwong0915/hadoop-3.0.0-alpha1/share/hadoop/common/lib/jets3t-0.9.0.jar:/home/jjwong0915/hadoop-3.0.0-alpha1/share/hadoop/common/lib/jsr311-api-1.1.1.jar:/home/jjwong0915/hadoop-3.0.0-alpha1/share/hadoop/common/lib/jaxb-impl-2.2.3-1.jar:/home/jjwong0915/hadoop-3.0.0-alpha1/share/hadoop/common/lib/commons-digester-1.8.jar:/home/jjwong0915/hadoop-3.0.0-alpha1/share/hadoop/common/lib/kerby-pkix-1.0.0-RC2.jar:/home/jjwong0915/hadoop-3.0.0-alpha1/share/hadoop/common/lib/slf4j-api-1.7.10.jar:/home/jjwong0915/hadoop-3.0.0-alpha1/share/hadoop/common/lib/jsch-0.1.51.jar:/home/jjwong0915/hadoop-3.0.0-alpha1/share/hadoop/common/lib/commons-beanutils-core-1.8.0.jar:/home/jjwong0915/hadoop-3.0.0-alpha1/share/hadoop/common/lib/jetty-6.1.26.jar:/home/jjwong0915/hadoop-3.0.0-alpha1/share/hadoop/common/lib/zookeeper-3.4.6.jar:/home/jjwong0915/hadoop-3.0.0-alpha1/share/hadoop/common/lib/jsr305-3.0.0.jar:/home/jjwong0915/hadoop-3.0.0-alpha1/share/hadoop/common/lib/protobuf-java-2.5.0.jar:/home/jjwong0915/hadoop-3.0.0-alpha1/share/hadoop/common/lib/commons-lang-2.6.jar:/home/jjwong0915/hadoop-3.0.0-alpha1/share/hadoop/common/lib/commons-compress-1.4.1.jar:/home/jjwong0915/hadoop-3.0.0-alpha1/share/hadoop/common/lib/commons-net-3.1.jar:/home/jjwong0915/hadoop-3.0.0-alpha1/share/hadoop/common/lib/curator-client-2.7.1.jar:/home/jjwong0915/hadoop-3.0.0-alpha1/share/hadoop/common/lib/hamcrest-core-1.3.jar:/home/jjwong0915/hadoop-3.0.0-alpha1/share/hadoop/common/lib/kerb-server-1.0.0-RC2.jar:/home/jjwong0915/hadoop-3.0.0-alpha1/share/hadoop/common/lib/activation-1.1.jar:/home/jjwong0915/hadoop-3.0.0-alpha1/share/hadoop/common/lib/jettison-1.1.jar:/home/jjwong0915/hadoop-3.0.0-alpha1/share/hadoop/common/lib/servlet-api-2.5.jar:/home/jjwong0915/hadoop-3.0.0-alpha1/share/hadoop/common/lib/kerb-simplekdc-1.0.0-RC2.jar:/home/jjwong0915/hadoop-3.0.0-alpha1/share/hadoop/common/lib/jsp-api-2.1.jar:/home/jjwong0915/hadoop-3.0.0-alpha1/share/hadoop/common/lib/slf4j-log4j12-1.7.10.jar:/home/jjwong0915/hadoop-3.0.0-alpha1/share/hadoop/common/lib/jackson-mapper-asl-1.9.13.jar:/home/jjwong0915/hadoop-3.0.0-alpha1/share/hadoop/common/lib/jetty-sslengine-6.1.26.jar:/home/jjwong0915/hadoop-3.0.0-alpha1/share/hadoop/common/lib/stax-api-1.0-2.jar:/home/jjwong0915/hadoop-3.0.0-alpha1/share/hadoop/common/lib/jackson-xc-1.9.13.jar:/home/jjwong0915/hadoop-3.0.0-alpha1/share/hadoop/common/hadoop-nfs-3.0.0-alpha1.jar:/home/jjwong0915/hadoop-3.0.0-alpha1/share/hadoop/common/hadoop-common-3.0.0-alpha1.jar:/home/jjwong0915/hadoop-3.0.0-alpha1/share/hadoop/common/hadoop-common-3.0.0-alpha1-tests.jar:/home/jjwong0915/hadoop-3.0.0-alpha1/share/hadoop/hdfs:/home/jjwong0915/hadoop-3.0.0-alpha1/share/hadoop/hdfs/lib/okio-1.4.0.jar:/home/jjwong0915/hadoop-3.0.0-alpha1/share/hadoop/hdfs/lib/hadoop-hdfs-client-3.0.0-alpha1.jar:/home/jjwong0915/hadoop-3.0.0-alpha1/share/hadoop/hdfs/lib/netty-all-4.1.0.Beta5.jar:/home/jjwong0915/hadoop-3.0.0-alpha1/share/hadoop/hdfs/lib/okhttp-2.4.0.jar:/home/jjwong0915/hadoop-3.0.0-alpha1/share/hadoop/hdfs/lib/xml-apis-1.3.04.jar:/home/jjwong0915/hadoop-3.0.0-alpha1/share/hadoop/hdfs/lib/commons-daemon-1.0.13.jar:/home/jjwong0915/hadoop-3.0.0-alpha1/share/hadoop/hdfs/lib/hpack-0.11.0.jar:/home/jjwong0915/hadoop-3.0.0-alpha1/share/hadoop/hdfs/lib/leveldbjni-all-1.8.jar:/home/jjwong0915/hadoop-3.0.0-alpha1/share/hadoop/hdfs/lib/xercesImpl-2.9.1.jar:/home/jjwong0915/hadoop-3.0.0-alpha1/share/hadoop/hdfs/hadoop-hdfs-native-client-3.0.0-alpha1.jar:/home/jjwong0915/hadoop-3.0.0-alpha1/share/hadoop/hdfs/hadoop-hdfs-3.0.0-alpha1.jar:/home/jjwong0915/hadoop-3.0.0-alpha1/share/hadoop/hdfs/hadoop-hdfs-native-client-3.0.0-alpha1-tests.jar:/home/jjwong0915/hadoop-3.0.0-alpha1/share/hadoop/hdfs/hadoop-hdfs-3.0.0-alpha1-tests.jar:/home/jjwong0915/hadoop-3.0.0-alpha1/share/hadoop/hdfs/hadoop-hdfs-client-3.0.0-alpha1-tests.jar:/home/jjwong0915/hadoop-3.0.0-alpha1/share/hadoop/hdfs/hadoop-hdfs-nfs-3.0.0-alpha1.jar:/home/jjwong0915/hadoop-3.0.0-alpha1/share/hadoop/mapreduce/hadoop-mapreduce-client-jobclient-3.0.0-alpha1-tests.jar:/home/jjwong0915/hadoop-3.0.0-alpha1/share/hadoop/mapreduce/hadoop-mapreduce-client-core-3.0.0-alpha1.jar:/home/jjwong0915/hadoop-3.0.0-alpha1/share/hadoop/mapreduce/hadoop-mapreduce-examples-3.0.0-alpha1.jar:/home/jjwong0915/hadoop-3.0.0-alpha1/share/hadoop/mapreduce/hadoop-mapreduce-client-hs-plugins-3.0.0-alpha1.jar:/home/jjwong0915/hadoop-3.0.0-alpha1/share/hadoop/mapreduce/hadoop-mapreduce-client-common-3.0.0-alpha1.jar:/home/jjwong0915/hadoop-3.0.0-alpha1/share/hadoop/mapreduce/hadoop-mapreduce-client-app-3.0.0-alpha1.jar:/home/jjwong0915/hadoop-3.0.0-alpha1/share/hadoop/mapreduce/hadoop-mapreduce-client-shuffle-3.0.0-alpha1.jar:/home/jjwong0915/hadoop-3.0.0-alpha1/share/hadoop/mapreduce/hadoop-mapreduce-client-nativetask-3.0.0-alpha1.jar:/home/jjwong0915/hadoop-3.0.0-alpha1/share/hadoop/mapreduce/hadoop-mapreduce-client-jobclient-3.0.0-alpha1.jar:/home/jjwong0915/hadoop-3.0.0-alpha1/share/hadoop/mapreduce/hadoop-mapreduce-client-hs-3.0.0-alpha1.jar:/home/jjwong0915/hadoop-3.0.0-alpha1/share/hadoop/yarn/lib/twill-discovery-api-0.6.0-incubating.jar:/home/jjwong0915/hadoop-3.0.0-alpha1/share/hadoop/yarn/lib/jsp-api-2.1-6.1.14.jar:/home/jjwong0915/hadoop-3.0.0-alpha1/share/hadoop/yarn/lib/tephra-api-0.7.0.jar:/home/jjwong0915/hadoop-3.0.0-alpha1/share/hadoop/yarn/lib/antlr-runtime-3.5.jar:/home/jjwong0915/hadoop-3.0.0-alpha1/share/hadoop/yarn/lib/disruptor-3.3.0.jar:/home/jjwong0915/hadoop-3.0.0-alpha1/share/hadoop/yarn/lib/antlr-2.7.7.jar:/home/jjwong0915/hadoop-3.0.0-alpha1/share/hadoop/yarn/lib/tephra-hbase-compat-1.1-0.7.0.jar:/home/jjwong0915/hadoop-3.0.0-alpha1/share/hadoop/yarn/lib/phoenix-core-4.7.0-HBase-1.1.jar:/home/jjwong0915/hadoop-3.0.0-alpha1/share/hadoop/yarn/lib/twill-zookeeper-0.6.0-incubating.jar:/home/jjwong0915/hadoop-3.0.0-alpha1/share/hadoop/yarn/lib/guice-4.0.jar:/home/jjwong0915/hadoop-3.0.0-alpha1/share/hadoop/yarn/lib/libthrift-0.9.0.jar:/home/jjwong0915/hadoop-3.0.0-alpha1/share/hadoop/yarn/lib/hbase-server-1.1.3.jar:/home/jjwong0915/hadoop-3.0.0-alpha1/share/hadoop/yarn/lib/fastutil-6.5.6.jar:/home/jjwong0915/hadoop-3.0.0-alpha1/share/hadoop/yarn/lib/commons-csv-1.0.jar:/home/jjwong0915/hadoop-3.0.0-alpha1/share/hadoop/yarn/lib/joni-2.1.2.jar:/home/jjwong0915/hadoop-3.0.0-alpha1/share/hadoop/yarn/lib/commons-math-2.2.jar:/home/jjwong0915/hadoop-3.0.0-alpha1/share/hadoop/yarn/lib/stringtemplate-3.2.1.jar:/home/jjwong0915/hadoop-3.0.0-alpha1/share/hadoop/yarn/lib/hbase-prefix-tree-1.1.3.jar:/home/jjwong0915/hadoop-3.0.0-alpha1/share/hadoop/yarn/lib/findbugs-annotations-1.3.9-1.jar:/home/jjwong0915/hadoop-3.0.0-alpha1/share/hadoop/yarn/lib/javassist-3.18.1-GA.jar:/home/jjwong0915/hadoop-3.0.0-alpha1/share/hadoop/yarn/lib/jasper-compiler-5.5.23.jar:/home/jjwong0915/hadoop-3.0.0-alpha1/share/hadoop/yarn/lib/hbase-protocol-1.1.3.jar:/home/jjwong0915/hadoop-3.0.0-alpha1/share/hadoop/yarn/lib/commons-httpclient-3.1.jar:/home/jjwong0915/hadoop-3.0.0-alpha1/share/hadoop/yarn/lib/servlet-api-2.5-6.1.14.jar:/home/jjwong0915/hadoop-3.0.0-alpha1/share/hadoop/yarn/lib/twill-discovery-core-0.6.0-incubating.jar:/home/jjwong0915/hadoop-3.0.0-alpha1/share/hadoop/yarn/lib/metrics-core-3.0.1.jar:/home/jjwong0915/hadoop-3.0.0-alpha1/share/hadoop/yarn/lib/objenesis-2.1.jar:/home/jjwong0915/hadoop-3.0.0-alpha1/share/hadoop/yarn/lib/commons-el-1.0.jar:/home/jjwong0915/hadoop-3.0.0-alpha1/share/hadoop/yarn/lib/htrace-core-3.1.0-incubating.jar:/home/jjwong0915/hadoop-3.0.0-alpha1/share/hadoop/yarn/lib/jasper-runtime-5.5.23.jar:/home/jjwong0915/hadoop-3.0.0-alpha1/share/hadoop/yarn/lib/snappy-0.3.jar:/home/jjwong0915/hadoop-3.0.0-alpha1/share/hadoop/yarn/lib/hbase-client-1.1.3.jar:/home/jjwong0915/hadoop-3.0.0-alpha1/share/hadoop/yarn/lib/jcodings-1.0.8.jar:/home/jjwong0915/hadoop-3.0.0-alpha1/share/hadoop/yarn/lib/jersey-client-1.19.jar:/home/jjwong0915/hadoop-3.0.0-alpha1/share/hadoop/yarn/lib/guice-servlet-4.0.jar:/home/jjwong0915/hadoop-3.0.0-alpha1/share/hadoop/yarn/lib/annotations-1.3.2.jar:/home/jjwong0915/hadoop-3.0.0-alpha1/share/hadoop/yarn/lib/zookeeper-3.4.6-tests.jar:/home/jjwong0915/hadoop-3.0.0-alpha1/share/hadoop/yarn/lib/ST4-4.0.7.jar:/home/jjwong0915/hadoop-3.0.0-alpha1/share/hadoop/yarn/lib/twill-common-0.6.0-incubating.jar:/home/jjwong0915/hadoop-3.0.0-alpha1/share/hadoop/yarn/lib/hbase-common-1.1.3.jar:/home/jjwong0915/hadoop-3.0.0-alpha1/share/hadoop/yarn/lib/hbase-annotations-1.1.3.jar:/home/jjwong0915/hadoop-3.0.0-alpha1/share/hadoop/yarn/lib/jersey-guice-1.19.jar:/home/jjwong0915/hadoop-3.0.0-alpha1/share/hadoop/yarn/lib/antlr-3.5.jar:/home/jjwong0915/hadoop-3.0.0-alpha1/share/hadoop/yarn/lib/metrics-core-3.1.0.jar:/home/jjwong0915/hadoop-3.0.0-alpha1/share/hadoop/yarn/lib/twill-api-0.6.0-incubating.jar:/home/jjwong0915/hadoop-3.0.0-alpha1/share/hadoop/yarn/lib/javax.inject-1.jar:/home/jjwong0915/hadoop-3.0.0-alpha1/share/hadoop/yarn/lib/guice-assistedinject-3.0.jar:/home/jjwong0915/hadoop-3.0.0-alpha1/share/hadoop/yarn/lib/hbase-hadoop2-compat-1.1.3.jar:/home/jjwong0915/hadoop-3.0.0-alpha1/share/hadoop/yarn/lib/tephra-core-0.7.0.jar:/home/jjwong0915/hadoop-3.0.0-alpha1/share/hadoop/yarn/lib/metrics-core-2.2.0.jar:/home/jjwong0915/hadoop-3.0.0-alpha1/share/hadoop/yarn/lib/sqlline-1.1.8.jar:/home/jjwong0915/hadoop-3.0.0-alpha1/share/hadoop/yarn/lib/fst-2.24.jar:/home/jjwong0915/hadoop-3.0.0-alpha1/share/hadoop/yarn/lib/asm-all-5.0.2.jar:/home/jjwong0915/hadoop-3.0.0-alpha1/share/hadoop/yarn/lib/curator-test-2.7.1.jar:/home/jjwong0915/hadoop-3.0.0-alpha1/share/hadoop/yarn/lib/aopalliance-1.0.jar:/home/jjwong0915/hadoop-3.0.0-alpha1/share/hadoop/yarn/lib/hbase-procedure-1.1.3.jar:/home/jjwong0915/hadoop-3.0.0-alpha1/share/hadoop/yarn/lib/twill-core-0.6.0-incubating.jar:/home/jjwong0915/hadoop-3.0.0-alpha1/share/hadoop/yarn/lib/jsp-2.1-6.1.14.jar:/home/jjwong0915/hadoop-3.0.0-alpha1/share/hadoop/yarn/lib/hbase-hadoop-compat-1.1.3.jar:/home/jjwong0915/hadoop-3.0.0-alpha1/share/hadoop/yarn/lib/jamon-runtime-2.3.1.jar:/home/jjwong0915/hadoop-3.0.0-alpha1/share/hadoop/yarn/hadoop-yarn-server-sharedcachemanager-3.0.0-alpha1.jar:/home/jjwong0915/hadoop-3.0.0-alpha1/share/hadoop/yarn/hadoop-yarn-server-resourcemanager-3.0.0-alpha1.jar:/home/jjwong0915/hadoop-3.0.0-alpha1/share/hadoop/yarn/hadoop-yarn-common-3.0.0-alpha1.jar:/home/jjwong0915/hadoop-3.0.0-alpha1/share/hadoop/yarn/hadoop-yarn-server-common-3.0.0-alpha1.jar:/home/jjwong0915/hadoop-3.0.0-alpha1/share/hadoop/yarn/hadoop-yarn-api-3.0.0-alpha1.jar:/home/jjwong0915/hadoop-3.0.0-alpha1/share/hadoop/yarn/hadoop-yarn-client-3.0.0-alpha1.jar:/home/jjwong0915/hadoop-3.0.0-alpha1/share/hadoop/yarn/hadoop-yarn-server-timelineservice-hbase-tests-3.0.0-alpha1.jar:/home/jjwong0915/hadoop-3.0.0-alpha1/share/hadoop/yarn/hadoop-yarn-server-web-proxy-3.0.0-alpha1.jar:/home/jjwong0915/hadoop-3.0.0-alpha1/share/hadoop/yarn/hadoop-yarn-applications-distributedshell-3.0.0-alpha1.jar:/home/jjwong0915/hadoop-3.0.0-alpha1/share/hadoop/yarn/hadoop-yarn-server-timeline-pluginstorage-3.0.0-alpha1.jar:/home/jjwong0915/hadoop-3.0.0-alpha1/share/hadoop/yarn/hadoop-yarn-registry-3.0.0-alpha1.jar:/home/jjwong0915/hadoop-3.0.0-alpha1/share/hadoop/yarn/hadoop-yarn-server-applicationhistoryservice-3.0.0-alpha1.jar:/home/jjwong0915/hadoop-3.0.0-alpha1/share/hadoop/yarn/hadoop-yarn-server-timelineservice-3.0.0-alpha1.jar:/home/jjwong0915/hadoop-3.0.0-alpha1/share/hadoop/yarn/hadoop-yarn-server-tests-3.0.0-alpha1.jar:/home/jjwong0915/hadoop-3.0.0-alpha1/share/hadoop/yarn/hadoop-yarn-server-nodemanager-3.0.0-alpha1.jar:/home/jjwong0915/hadoop-3.0.0-alpha1/share/hadoop/yarn/hadoop-yarn-applications-unmanaged-am-launcher-3.0.0-alpha1.jar
STARTUP_MSG:   build = https://git-wip-us.apache.org/repos/asf/hadoop.git -r a990d2ebcd6de5d7dc2d3684930759b0f0ea4dc3; compiled by 'andrew' on 2016-08-30T07:02Z
STARTUP_MSG:   java = 1.8.0_362
************************************************************/
2023-03-27 19:09:38,285 INFO org.apache.hadoop.hdfs.server.namenode.NameNode: registered UNIX signal handlers for [TERM, HUP, INT]
2023-03-27 19:09:38,289 INFO org.apache.hadoop.hdfs.server.namenode.NameNode: createNameNode []
2023-03-27 19:09:38,577 INFO org.apache.hadoop.metrics2.impl.MetricsConfig: loaded properties from hadoop-metrics2.properties
2023-03-27 19:09:38,723 INFO org.apache.hadoop.metrics2.impl.MetricsSystemImpl: Scheduled snapshot period at 10 second(s).
2023-03-27 19:09:38,723 INFO org.apache.hadoop.metrics2.impl.MetricsSystemImpl: NameNode metrics system started
2023-03-27 19:09:38,741 INFO org.apache.hadoop.hdfs.server.namenode.NameNode: fs.defaultFS is hdfs://localhost:9000
2023-03-27 19:09:38,743 INFO org.apache.hadoop.hdfs.server.namenode.NameNode: Clients are to use localhost:9000 to access this namenode/service.
2023-03-27 19:09:38,934 INFO org.apache.hadoop.util.JvmPauseMonitor: Starting JVM pause monitor
2023-03-27 19:09:38,948 INFO org.apache.hadoop.hdfs.DFSUtil: Starting Web-server for hdfs at: http://0.0.0.0:9870
2023-03-27 19:09:38,997 INFO org.mortbay.log: Logging to org.slf4j.impl.Log4jLoggerAdapter(org.mortbay.log) via org.mortbay.log.Slf4jLog
2023-03-27 19:09:39,004 INFO org.apache.hadoop.security.authentication.server.AuthenticationFilter: Unable to initialize FileSignerSecretProvider, falling back to use random secrets.
2023-03-27 19:09:39,010 INFO org.apache.hadoop.http.HttpRequestLog: Http request log for http.requests.namenode is not defined
2023-03-27 19:09:39,016 INFO org.apache.hadoop.http.HttpServer2: Added global filter 'safety' (class=org.apache.hadoop.http.HttpServer2$QuotingInputFilter)
2023-03-27 19:09:39,018 INFO org.apache.hadoop.http.HttpServer2: Added filter static_user_filter (class=org.apache.hadoop.http.lib.StaticUserWebFilter$StaticUserFilter) to context hdfs
2023-03-27 19:09:39,018 INFO org.apache.hadoop.http.HttpServer2: Added filter static_user_filter (class=org.apache.hadoop.http.lib.StaticUserWebFilter$StaticUserFilter) to context static
2023-03-27 19:09:39,019 INFO org.apache.hadoop.http.HttpServer2: Added filter static_user_filter (class=org.apache.hadoop.http.lib.StaticUserWebFilter$StaticUserFilter) to context logs
2023-03-27 19:09:39,030 INFO org.apache.hadoop.http.HttpServer2: Added filter 'org.apache.hadoop.hdfs.web.AuthFilter' (class=org.apache.hadoop.hdfs.web.AuthFilter)
2023-03-27 19:09:39,031 INFO org.apache.hadoop.http.HttpServer2: addJerseyResourcePackage: packageName=org.apache.hadoop.hdfs.server.namenode.web.resources;org.apache.hadoop.hdfs.web.resources, pathSpec=/webhdfs/v1/*
2023-03-27 19:09:39,042 INFO org.apache.hadoop.http.HttpServer2: Jetty bound to port 9870
2023-03-27 19:09:39,042 INFO org.mortbay.log: jetty-6.1.26
2023-03-27 19:09:39,309 INFO org.mortbay.log: Started SelectChannelConnector@0.0.0.0:9870
2023-03-27 19:09:39,341 WARN org.apache.hadoop.hdfs.server.namenode.FSNamesystem: Only one image storage directory (dfs.namenode.name.dir) configured. Beware of data loss due to lack of redundant storage directories!
2023-03-27 19:09:39,341 WARN org.apache.hadoop.hdfs.server.namenode.FSNamesystem: Only one namespace edits storage directory (dfs.namenode.edits.dir) configured. Beware of data loss due to lack of redundant storage directories!
2023-03-27 19:09:39,377 INFO org.apache.hadoop.hdfs.server.namenode.FSEditLog: Edit logging is async:false
2023-03-27 19:09:39,381 INFO org.apache.hadoop.hdfs.server.namenode.FSNamesystem: KeyProvider: null
2023-03-27 19:09:39,381 INFO org.apache.hadoop.hdfs.server.namenode.FSNamesystem: fsLock is fair:true
2023-03-27 19:09:39,387 INFO org.apache.hadoop.hdfs.server.namenode.FSNamesystem: fsOwner             = jjwong0915 (auth:SIMPLE)
2023-03-27 19:09:39,387 INFO org.apache.hadoop.hdfs.server.namenode.FSNamesystem: supergroup          = supergroup
2023-03-27 19:09:39,387 INFO org.apache.hadoop.hdfs.server.namenode.FSNamesystem: isPermissionEnabled = true
2023-03-27 19:09:39,387 INFO org.apache.hadoop.hdfs.server.namenode.FSNamesystem: HA Enabled: false
2023-03-27 19:09:39,427 INFO org.apache.hadoop.hdfs.server.blockmanagement.DatanodeManager: dfs.block.invalidate.limit=1000
2023-03-27 19:09:39,427 INFO org.apache.hadoop.hdfs.server.blockmanagement.DatanodeManager: dfs.namenode.datanode.registration.ip-hostname-check=true
2023-03-27 19:09:39,430 INFO org.apache.hadoop.hdfs.server.blockmanagement.BlockManager: dfs.namenode.startup.delay.block.deletion.sec is set to 000:00:00:00.000
2023-03-27 19:09:39,431 INFO org.apache.hadoop.hdfs.server.blockmanagement.BlockManager: The block deletion will start around 2023 Mar 27 19:09:39
2023-03-27 19:09:39,432 INFO org.apache.hadoop.util.GSet: Computing capacity for map BlocksMap
2023-03-27 19:09:39,432 INFO org.apache.hadoop.util.GSet: VM type       = 64-bit
2023-03-27 19:09:39,433 INFO org.apache.hadoop.util.GSet: 2.0% max memory 873 MB = 17.5 MB
2023-03-27 19:09:39,433 INFO org.apache.hadoop.util.GSet: capacity      = 2^21 = 2097152 entries
2023-03-27 19:09:39,438 INFO org.apache.hadoop.hdfs.server.blockmanagement.BlockManager: dfs.block.access.token.enable=false
2023-03-27 19:09:39,441 INFO org.apache.hadoop.hdfs.server.blockmanagement.BlockManagerSafeMode: dfs.namenode.safemode.threshold-pct = 0.9990000128746033
2023-03-27 19:09:39,441 INFO org.apache.hadoop.hdfs.server.blockmanagement.BlockManagerSafeMode: dfs.namenode.safemode.min.datanodes = 0
2023-03-27 19:09:39,441 INFO org.apache.hadoop.hdfs.server.blockmanagement.BlockManagerSafeMode: dfs.namenode.safemode.extension = 30000
2023-03-27 19:09:39,441 INFO org.apache.hadoop.hdfs.server.blockmanagement.BlockManager: defaultReplication         = 1
2023-03-27 19:09:39,441 INFO org.apache.hadoop.hdfs.server.blockmanagement.BlockManager: maxReplication             = 512
2023-03-27 19:09:39,441 INFO org.apache.hadoop.hdfs.server.blockmanagement.BlockManager: minReplication             = 1
2023-03-27 19:09:39,441 INFO org.apache.hadoop.hdfs.server.blockmanagement.BlockManager: maxReplicationStreams      = 2
2023-03-27 19:09:39,441 INFO org.apache.hadoop.hdfs.server.blockmanagement.BlockManager: replicationRecheckInterval = 3000
2023-03-27 19:09:39,441 INFO org.apache.hadoop.hdfs.server.blockmanagement.BlockManager: encryptDataTransfer        = false
2023-03-27 19:09:39,441 INFO org.apache.hadoop.hdfs.server.blockmanagement.BlockManager: maxNumBlocksToLog          = 1000
2023-03-27 19:09:39,513 INFO org.apache.hadoop.util.GSet: Computing capacity for map INodeMap
2023-03-27 19:09:39,513 INFO org.apache.hadoop.util.GSet: VM type       = 64-bit
2023-03-27 19:09:39,513 INFO org.apache.hadoop.util.GSet: 1.0% max memory 873 MB = 8.7 MB
2023-03-27 19:09:39,513 INFO org.apache.hadoop.util.GSet: capacity      = 2^20 = 1048576 entries
2023-03-27 19:09:39,514 INFO org.apache.hadoop.hdfs.server.namenode.FSDirectory: ACLs enabled? false
2023-03-27 19:09:39,514 INFO org.apache.hadoop.hdfs.server.namenode.FSDirectory: XAttrs enabled? true
2023-03-27 19:09:39,514 INFO org.apache.hadoop.hdfs.server.namenode.NameNode: Caching file names occuring more than 10 times
2023-03-27 19:09:39,521 INFO org.apache.hadoop.util.GSet: Computing capacity for map cachedBlocks
2023-03-27 19:09:39,521 INFO org.apache.hadoop.util.GSet: VM type       = 64-bit
2023-03-27 19:09:39,521 INFO org.apache.hadoop.util.GSet: 0.25% max memory 873 MB = 2.2 MB
2023-03-27 19:09:39,521 INFO org.apache.hadoop.util.GSet: capacity      = 2^18 = 262144 entries
2023-03-27 19:09:39,525 INFO org.apache.hadoop.hdfs.server.namenode.top.metrics.TopMetrics: NNTop conf: dfs.namenode.top.window.num.buckets = 10
2023-03-27 19:09:39,525 INFO org.apache.hadoop.hdfs.server.namenode.top.metrics.TopMetrics: NNTop conf: dfs.namenode.top.num.users = 10
2023-03-27 19:09:39,525 INFO org.apache.hadoop.hdfs.server.namenode.top.metrics.TopMetrics: NNTop conf: dfs.namenode.top.windows.minutes = 1,5,25
2023-03-27 19:09:39,531 INFO org.apache.hadoop.hdfs.server.namenode.FSNamesystem: Retry cache on namenode is enabled
2023-03-27 19:09:39,532 INFO org.apache.hadoop.hdfs.server.namenode.FSNamesystem: Retry cache will use 0.03 of total heap and retry cache entry expiry time is 600000 millis
2023-03-27 19:09:39,534 INFO org.apache.hadoop.util.GSet: Computing capacity for map NameNodeRetryCache
2023-03-27 19:09:39,534 INFO org.apache.hadoop.util.GSet: VM type       = 64-bit
2023-03-27 19:09:39,534 INFO org.apache.hadoop.util.GSet: 0.029999999329447746% max memory 873 MB = 268.2 KB
2023-03-27 19:09:39,534 INFO org.apache.hadoop.util.GSet: capacity      = 2^15 = 32768 entries
2023-03-27 19:09:39,550 INFO org.apache.hadoop.hdfs.server.common.Storage: Lock on /tmp/hadoop-jjwong0915/dfs/name/in_use.lock acquired by nodename 110397@hadoop-1.us-east1-b.c.workstation-360918.internal
2023-03-27 19:09:39,572 INFO org.apache.hadoop.hdfs.server.namenode.FileJournalManager: Recovering unfinalized segments in /tmp/hadoop-jjwong0915/dfs/name/current
2023-03-27 19:09:39,597 INFO org.apache.hadoop.hdfs.server.namenode.FileJournalManager: Finalizing edits file /tmp/hadoop-jjwong0915/dfs/name/current/edits_inprogress_0000000000000000055 -> /tmp/hadoop-jjwong0915/dfs/name/current/edits_0000000000000000055-0000000000000000108
2023-03-27 19:09:39,665 INFO org.apache.hadoop.hdfs.server.namenode.FSImage: Planning to load image: FSImageFile(file=/tmp/hadoop-jjwong0915/dfs/name/current/fsimage_0000000000000000054, cpktTxId=0000000000000000054)
2023-03-27 19:09:39,707 INFO org.apache.hadoop.hdfs.server.namenode.FSImageFormatPBINode: Loading 3 INodes.
2023-03-27 19:09:39,735 INFO org.apache.hadoop.hdfs.server.namenode.FSImageFormatProtobuf: Loaded FSImage in 0 seconds.
2023-03-27 19:09:39,735 INFO org.apache.hadoop.hdfs.server.namenode.FSImage: Loaded image for txid 54 from /tmp/hadoop-jjwong0915/dfs/name/current/fsimage_0000000000000000054
2023-03-27 19:09:39,735 INFO org.apache.hadoop.hdfs.server.namenode.FSImage: Reading org.apache.hadoop.hdfs.server.namenode.RedundantEditLogInputStream@6bca7e0d expecting start txid #55
2023-03-27 19:09:39,735 INFO org.apache.hadoop.hdfs.server.namenode.FSImage: Start loading edits file /tmp/hadoop-jjwong0915/dfs/name/current/edits_0000000000000000055-0000000000000000108
2023-03-27 19:09:39,737 INFO org.apache.hadoop.hdfs.server.namenode.RedundantEditLogInputStream: Fast-forwarding stream '/tmp/hadoop-jjwong0915/dfs/name/current/edits_0000000000000000055-0000000000000000108' to transaction ID 55
2023-03-27 19:09:39,917 INFO org.apache.hadoop.hdfs.server.namenode.FSImage: Edits file /tmp/hadoop-jjwong0915/dfs/name/current/edits_0000000000000000055-0000000000000000108 of size 1048576 edits # 54 loaded in 0 seconds
2023-03-27 19:09:39,918 INFO org.apache.hadoop.hdfs.server.namenode.FSNamesystem: Need to save fs image? false (staleImage=false, haEnabled=false, isRollingUpgrade=false)
2023-03-27 19:09:39,918 INFO org.apache.hadoop.hdfs.server.namenode.FSEditLog: Starting log segment at 109
2023-03-27 19:09:40,036 INFO org.apache.hadoop.hdfs.server.namenode.NameCache: initialized with 0 entries 0 lookups
2023-03-27 19:09:40,037 INFO org.apache.hadoop.hdfs.server.namenode.FSNamesystem: Finished loading FSImage in 499 msecs
2023-03-27 19:09:40,201 INFO org.apache.hadoop.hdfs.server.namenode.NameNode: RPC server is binding to localhost:9000
2023-03-27 19:09:40,207 INFO org.apache.hadoop.ipc.CallQueueManager: Using callQueue: class java.util.concurrent.LinkedBlockingQueue queueCapacity: 1000 scheduler: class org.apache.hadoop.ipc.DefaultRpcScheduler
2023-03-27 19:09:40,222 INFO org.apache.hadoop.ipc.Server: Starting Socket Reader #1 for port 9000
2023-03-27 19:09:40,257 INFO org.apache.hadoop.hdfs.server.namenode.FSNamesystem: Registered FSNamesystemState MBean
2023-03-27 19:09:40,266 INFO org.apache.hadoop.hdfs.server.namenode.LeaseManager: Number of blocks under construction: 0
2023-03-27 19:09:40,278 INFO org.apache.hadoop.hdfs.StateChange: STATE* Safe mode ON. 
The reported blocks 0 needs additional 8 blocks to reach the threshold 0.9990 of total blocks 9.
The number of live datanodes 0 has reached the minimum number 0. Safe mode will be turned off automatically once the thresholds have been reached.
2023-03-27 19:09:40,298 INFO org.apache.hadoop.ipc.Server: IPC Server Responder: starting
2023-03-27 19:09:40,300 INFO org.apache.hadoop.ipc.Server: IPC Server listener on 9000: starting
2023-03-27 19:09:40,303 INFO org.apache.hadoop.hdfs.server.namenode.NameNode: NameNode RPC up at: localhost/127.0.0.1:9000
2023-03-27 19:09:40,306 INFO org.apache.hadoop.hdfs.server.namenode.FSNamesystem: Starting services required for active state
2023-03-27 19:09:40,306 INFO org.apache.hadoop.hdfs.server.namenode.FSDirectory: Initializing quota with 4 thread(s)
2023-03-27 19:09:40,309 INFO org.apache.hadoop.hdfs.server.namenode.FSDirectory: Quota initialization completed in 3 milliseconds
name space=6
storage space=1102236587
storage types=RAM_DISK=0, SSD=0, DISK=0, ARCHIVE=0
2023-03-27 19:09:40,312 INFO org.apache.hadoop.hdfs.server.blockmanagement.CacheReplicationMonitor: Starting CacheReplicationMonitor with interval 30000 milliseconds
2023-03-27 19:09:43,227 INFO org.apache.hadoop.hdfs.StateChange: BLOCK* registerDatanode: from DatanodeRegistration(127.0.0.1:9866, datanodeUuid=f58eda39-4a23-440d-8313-5961ae2f38ee, infoPort=9864, infoSecurePort=0, ipcPort=9867, storageInfo=lv=-57;cid=CID-95b932b1-e70d-4922-a632-09a5454bb088;nsid=1805970196;c=1679943450225) storage f58eda39-4a23-440d-8313-5961ae2f38ee
2023-03-27 19:09:43,227 INFO org.apache.hadoop.net.NetworkTopology: Adding a new node: /default-rack/127.0.0.1:9866
2023-03-27 19:09:43,228 INFO org.apache.hadoop.hdfs.server.blockmanagement.BlockReportLeaseManager: Registered DN f58eda39-4a23-440d-8313-5961ae2f38ee (127.0.0.1:9866).
2023-03-27 19:09:43,325 INFO org.apache.hadoop.hdfs.server.blockmanagement.DatanodeDescriptor: Adding new storage ID DS-39f00f43-9d22-446b-8189-e4fc6a57c36f for DN 127.0.0.1:9866
2023-03-27 19:09:43,459 INFO BlockStateChange: BLOCK* processReport 0xdf2bff20965f3b1d: Processing first storage report for DS-39f00f43-9d22-446b-8189-e4fc6a57c36f from datanode f58eda39-4a23-440d-8313-5961ae2f38ee
2023-03-27 19:09:43,481 INFO org.apache.hadoop.hdfs.server.blockmanagement.BlockManager: initializing replication queues
2023-03-27 19:09:43,485 INFO org.apache.hadoop.hdfs.StateChange: STATE* Safe mode extension entered. 
The reported blocks 8 has reached the threshold 0.9990 of total blocks 9. The number of live datanodes 1 has reached the minimum number 0. In safe mode extension. Safe mode will be turned off automatically in 29 seconds.
2023-03-27 19:09:43,487 INFO BlockStateChange: BLOCK* processReport 0xdf2bff20965f3b1d: from storage DS-39f00f43-9d22-446b-8189-e4fc6a57c36f node DatanodeRegistration(127.0.0.1:9866, datanodeUuid=f58eda39-4a23-440d-8313-5961ae2f38ee, infoPort=9864, infoSecurePort=0, ipcPort=9867, storageInfo=lv=-57;cid=CID-95b932b1-e70d-4922-a632-09a5454bb088;nsid=1805970196;c=1679943450225), blocks: 9, hasStaleStorage: false, processing time: 28 msecs, invalidatedBlocks: 0
2023-03-27 19:09:43,499 INFO org.apache.hadoop.hdfs.server.blockmanagement.BlockManager: Total number of blocks            = 9
2023-03-27 19:09:43,499 INFO org.apache.hadoop.hdfs.server.blockmanagement.BlockManager: Number of invalid blocks          = 0
2023-03-27 19:09:43,499 INFO org.apache.hadoop.hdfs.server.blockmanagement.BlockManager: Number of under-replicated blocks = 0
2023-03-27 19:09:43,499 INFO org.apache.hadoop.hdfs.server.blockmanagement.BlockManager: Number of  over-replicated blocks = 0
2023-03-27 19:09:43,499 INFO org.apache.hadoop.hdfs.server.blockmanagement.BlockManager: Number of blocks being written    = 0
2023-03-27 19:09:43,499 INFO org.apache.hadoop.hdfs.StateChange: STATE* Replication Queue initialization scan for invalid, over- and under-replicated blocks completed in 12 msec
2023-03-27 19:10:03,499 INFO org.apache.hadoop.hdfs.StateChange: STATE* Safe mode ON, in safe mode extension. 
The reported blocks 9 has reached the threshold 0.9990 of total blocks 9. The number of live datanodes 1 has reached the minimum number 0. In safe mode extension. Safe mode will be turned off automatically in 9 seconds.
2023-03-27 19:10:13,502 INFO org.apache.hadoop.hdfs.StateChange: STATE* Safe mode is OFF
2023-03-27 19:10:13,502 INFO org.apache.hadoop.hdfs.StateChange: STATE* Leaving safe mode after 33 secs
2023-03-27 19:10:13,502 INFO org.apache.hadoop.hdfs.StateChange: STATE* Network topology has 1 racks and 1 datanodes
2023-03-27 19:10:13,503 INFO org.apache.hadoop.hdfs.StateChange: STATE* UnderReplicatedBlocks has 0 blocks
2023-03-27 19:10:45,958 INFO org.apache.hadoop.hdfs.server.namenode.FSNamesystem: Roll Edit Log from 127.0.0.1
2023-03-27 19:10:45,959 INFO org.apache.hadoop.hdfs.server.namenode.FSEditLog: Rolling edit logs
2023-03-27 19:10:45,959 INFO org.apache.hadoop.hdfs.server.namenode.FSEditLog: Ending log segment 109
2023-03-27 19:10:45,960 INFO org.apache.hadoop.hdfs.server.namenode.FSEditLog: Number of transactions: 2 Total time for transactions(ms): 2 Number of transactions batched in Syncs: 108 Number of syncs: 2 SyncTimes(ms): 7 
2023-03-27 19:10:45,962 INFO org.apache.hadoop.hdfs.server.namenode.FSEditLog: Number of transactions: 2 Total time for transactions(ms): 2 Number of transactions batched in Syncs: 108 Number of syncs: 3 SyncTimes(ms): 8 
2023-03-27 19:10:45,964 INFO org.apache.hadoop.hdfs.server.namenode.FileJournalManager: Finalizing edits file /tmp/hadoop-jjwong0915/dfs/name/current/edits_inprogress_0000000000000000109 -> /tmp/hadoop-jjwong0915/dfs/name/current/edits_0000000000000000109-0000000000000000110
2023-03-27 19:10:45,964 INFO org.apache.hadoop.hdfs.server.namenode.FSEditLog: Starting log segment at 111
2023-03-27 19:10:47,127 INFO org.apache.hadoop.hdfs.server.namenode.TransferFsImage: Combined time for fsimage download and fsync to all disks took 0.00s. The fsimage download took 0.00s at 0.00 KB/s. Synchronous (fsync) write to disk of /tmp/hadoop-jjwong0915/dfs/name/current/fsimage.ckpt_0000000000000000110 took 0.00s.
2023-03-27 19:10:47,128 INFO org.apache.hadoop.hdfs.server.namenode.TransferFsImage: Downloaded file fsimage.ckpt_0000000000000000110 size 816 bytes.
2023-03-27 19:10:47,132 INFO org.apache.hadoop.hdfs.server.namenode.NNStorageRetentionManager: Going to retain 2 images with txid >= 54
2023-03-27 19:10:47,132 INFO org.apache.hadoop.hdfs.server.namenode.NNStorageRetentionManager: Purging old image FSImageFile(file=/tmp/hadoop-jjwong0915/dfs/name/current/fsimage_0000000000000000000, cpktTxId=0000000000000000000)
