23/04/27 13:29:36 INFO terasort.TeraSort: starting
23/04/27 13:29:37 INFO input.FileInputFormat: Total input paths to process : 1
Spent 137ms computing base-splits.
Spent 2ms computing TeraScheduler splits.
Computing input splits took 140ms
Sampling 8 splits of 8
Making 1 from 100000 sampled records
Computing parititions took 425ms
Spent 568ms computing partitions.
23/04/27 13:29:37 INFO Configuration.deprecation: session.id is deprecated. Instead, use dfs.metrics.session-id
23/04/27 13:29:37 INFO jvm.JvmMetrics: Initializing JVM Metrics with processName=JobTracker, sessionId=
23/04/27 13:29:37 INFO mapreduce.JobSubmitter: number of splits:8
23/04/27 13:29:37 INFO mapreduce.JobSubmitter: Submitting tokens for job: job_local301854119_0001
23/04/27 13:29:37 WARN conf.Configuration: file:/tmp/hadoop-jjwong0915/mapred/staging/jjwong0915301854119/.staging/job_local301854119_0001/job.xml:an attempt to override final parameter: mapreduce.job.end-notification.max.retry.interval;  Ignoring.
23/04/27 13:29:37 WARN conf.Configuration: file:/tmp/hadoop-jjwong0915/mapred/staging/jjwong0915301854119/.staging/job_local301854119_0001/job.xml:an attempt to override final parameter: mapreduce.job.end-notification.max.attempts;  Ignoring.
23/04/27 13:29:38 INFO mapred.LocalDistributedCacheManager: Creating symlink: /tmp/hadoop-jjwong0915/mapred/local/1682602178025/_partition.lst <- /home/jjwong0915/perf-dx/reproduce/automated/HADOOP-11252/_partition.lst
23/04/27 13:29:38 INFO mapred.LocalDistributedCacheManager: Localized hdfs://localhost:9000/output/_partition.lst as file:/tmp/hadoop-jjwong0915/mapred/local/1682602178025/_partition.lst
23/04/27 13:29:38 WARN conf.Configuration: file:/tmp/hadoop-jjwong0915/mapred/local/localRunner/jjwong0915/job_local301854119_0001/job_local301854119_0001.xml:an attempt to override final parameter: mapreduce.job.end-notification.max.retry.interval;  Ignoring.
23/04/27 13:29:38 WARN conf.Configuration: file:/tmp/hadoop-jjwong0915/mapred/local/localRunner/jjwong0915/job_local301854119_0001/job_local301854119_0001.xml:an attempt to override final parameter: mapreduce.job.end-notification.max.attempts;  Ignoring.
23/04/27 13:29:38 INFO mapreduce.Job: The url to track the job: http://localhost:8080/
23/04/27 13:29:38 INFO mapreduce.Job: Running job: job_local301854119_0001
23/04/27 13:29:38 INFO mapred.LocalJobRunner: OutputCommitter set in config null
23/04/27 13:29:38 INFO mapred.LocalJobRunner: OutputCommitter is org.apache.hadoop.mapreduce.lib.output.FileOutputCommitter
23/04/27 13:29:38 INFO mapred.LocalJobRunner: Waiting for map tasks
23/04/27 13:29:38 INFO mapred.LocalJobRunner: Starting task: attempt_local301854119_0001_m_000000_0
23/04/27 13:29:38 INFO mapred.Task:  Using ResourceCalculatorProcessTree : [ ]
23/04/27 13:29:38 INFO mapred.MapTask: Processing split: hdfs://localhost:9000/input/part-m-00000:0+134217728
23/04/27 13:29:38 INFO mapred.MapTask: Map output collector class = org.apache.hadoop.mapred.MapTask$MapOutputBuffer
23/04/27 13:29:38 INFO mapred.MapTask: (EQUATOR) 0 kvi 26214396(104857584)
23/04/27 13:29:38 INFO mapred.MapTask: mapreduce.task.io.sort.mb: 100
23/04/27 13:29:38 INFO mapred.MapTask: soft limit at 83886080
23/04/27 13:29:38 INFO mapred.MapTask: bufstart = 0; bufvoid = 104857600
23/04/27 13:29:38 INFO mapred.MapTask: kvstart = 26214396; length = 6553600
23/04/27 13:29:38 INFO mapred.MapTask: Spilling map output
23/04/27 13:29:38 INFO mapred.MapTask: bufstart = 0; bufend = 72511698; bufvoid = 104857600
23/04/27 13:29:38 INFO mapred.MapTask: kvstart = 26214396(104857584); kvend = 23370804(93483216); length = 2843593/6553600
23/04/27 13:29:38 INFO mapred.MapTask: (EQUATOR) 75355282 kvi 18838816(75355264)
23/04/27 13:29:39 INFO mapreduce.Job: Job job_local301854119_0001 running in uber mode : false
23/04/27 13:29:39 INFO mapreduce.Job:  map 0% reduce 0%
23/04/27 13:29:41 INFO mapred.MapTask: Finished spill 0
23/04/27 13:29:41 INFO mapred.MapTask: (RESET) equator 75355282 kv 18838816(75355264) kvi 18127932(72511728)
23/04/27 13:29:42 WARN util.Progress: Illegal progress value found, progress is larger than 1. Progress will be changed to 1
23/04/27 13:29:42 WARN util.Progress: Illegal progress value found, progress is larger than 1. Progress will be changed to 1
23/04/27 13:29:42 INFO mapred.LocalJobRunner: 
23/04/27 13:29:42 INFO mapred.MapTask: Starting flush of map output
23/04/27 13:29:42 INFO mapred.MapTask: Spilling map output
23/04/27 13:29:42 INFO mapred.MapTask: bufstart = 75355282; bufend = 34888140; bufvoid = 104857600
23/04/27 13:29:42 INFO mapred.MapTask: kvstart = 18838816(75355264); kvend = 16313704(65254816); length = 2525113/6553600
23/04/27 13:29:44 INFO mapred.MapTask: Finished spill 1
23/04/27 13:29:44 INFO mapred.Merger: Merging 2 sorted segments
23/04/27 13:29:44 INFO mapred.Merger: Down to the last merge-pass, with 2 segments left of total size: 139586498 bytes
23/04/27 13:29:44 INFO mapred.LocalJobRunner: map > sort > 
23/04/27 13:29:45 INFO mapreduce.Job:  map 9% reduce 0%
23/04/27 13:29:45 INFO mapred.Task: Task:attempt_local301854119_0001_m_000000_0 is done. And is in the process of committing
23/04/27 13:29:45 INFO mapred.LocalJobRunner: map > sort
23/04/27 13:29:45 INFO mapred.Task: Task 'attempt_local301854119_0001_m_000000_0' done.
23/04/27 13:29:45 INFO mapred.LocalJobRunner: Finishing task: attempt_local301854119_0001_m_000000_0
23/04/27 13:29:45 INFO mapred.LocalJobRunner: Starting task: attempt_local301854119_0001_m_000001_0
23/04/27 13:29:45 INFO mapred.Task:  Using ResourceCalculatorProcessTree : [ ]
23/04/27 13:29:45 INFO mapred.MapTask: Processing split: hdfs://localhost:9000/input/part-m-00000:134217728+134217728
23/04/27 13:29:45 INFO mapred.MapTask: Map output collector class = org.apache.hadoop.mapred.MapTask$MapOutputBuffer
23/04/27 13:29:45 INFO mapred.MapTask: (EQUATOR) 0 kvi 26214396(104857584)
23/04/27 13:29:45 INFO mapred.MapTask: mapreduce.task.io.sort.mb: 100
23/04/27 13:29:45 INFO mapred.MapTask: soft limit at 83886080
23/04/27 13:29:45 INFO mapred.MapTask: bufstart = 0; bufvoid = 104857600
23/04/27 13:29:45 INFO mapred.MapTask: kvstart = 26214396; length = 6553600
23/04/27 13:29:46 INFO mapred.MapTask: Spilling map output
23/04/27 13:29:46 INFO mapred.MapTask: bufstart = 0; bufend = 72511698; bufvoid = 104857600
23/04/27 13:29:46 INFO mapred.MapTask: kvstart = 26214396(104857584); kvend = 23370804(93483216); length = 2843593/6553600
23/04/27 13:29:46 INFO mapred.MapTask: (EQUATOR) 75355282 kvi 18838816(75355264)
23/04/27 13:29:46 INFO mapreduce.Job:  map 100% reduce 0%
23/04/27 13:29:48 INFO mapred.MapTask: Finished spill 0
23/04/27 13:29:48 INFO mapred.MapTask: (RESET) equator 75355282 kv 18838816(75355264) kvi 18127932(72511728)
23/04/27 13:29:48 WARN util.Progress: Illegal progress value found, progress is larger than 1. Progress will be changed to 1
23/04/27 13:29:48 WARN util.Progress: Illegal progress value found, progress is larger than 1. Progress will be changed to 1
23/04/27 13:29:48 INFO mapred.LocalJobRunner: 
23/04/27 13:29:48 INFO mapred.MapTask: Starting flush of map output
23/04/27 13:29:48 INFO mapred.MapTask: Spilling map output
23/04/27 13:29:48 INFO mapred.MapTask: bufstart = 75355282; bufend = 34888038; bufvoid = 104857600
23/04/27 13:29:48 INFO mapred.MapTask: kvstart = 18838816(75355264); kvend = 16313708(65254832); length = 2525109/6553600
23/04/27 13:29:49 INFO mapreduce.Job:  map 13% reduce 0%
23/04/27 13:29:50 INFO mapred.MapTask: Finished spill 1
23/04/27 13:29:50 INFO mapred.Merger: Merging 2 sorted segments
23/04/27 13:29:50 INFO mapred.Merger: Down to the last merge-pass, with 2 segments left of total size: 139586394 bytes
23/04/27 13:29:51 INFO mapred.LocalJobRunner: map > sort > 
23/04/27 13:29:51 INFO mapred.Task: Task:attempt_local301854119_0001_m_000001_0 is done. And is in the process of committing
23/04/27 13:29:51 INFO mapred.LocalJobRunner: map > sort
23/04/27 13:29:51 INFO mapred.Task: Task 'attempt_local301854119_0001_m_000001_0' done.
23/04/27 13:29:51 INFO mapred.LocalJobRunner: Finishing task: attempt_local301854119_0001_m_000001_0
23/04/27 13:29:51 INFO mapred.LocalJobRunner: Starting task: attempt_local301854119_0001_m_000002_0
23/04/27 13:29:51 INFO mapred.Task:  Using ResourceCalculatorProcessTree : [ ]
23/04/27 13:29:51 INFO mapred.MapTask: Processing split: hdfs://localhost:9000/input/part-m-00000:805306368+134217728
23/04/27 13:29:51 INFO mapred.MapTask: Map output collector class = org.apache.hadoop.mapred.MapTask$MapOutputBuffer
23/04/27 13:29:51 INFO mapred.MapTask: (EQUATOR) 0 kvi 26214396(104857584)
23/04/27 13:29:51 INFO mapred.MapTask: mapreduce.task.io.sort.mb: 100
23/04/27 13:29:51 INFO mapred.MapTask: soft limit at 83886080
23/04/27 13:29:51 INFO mapred.MapTask: bufstart = 0; bufvoid = 104857600
23/04/27 13:29:51 INFO mapred.MapTask: kvstart = 26214396; length = 6553600
23/04/27 13:29:52 INFO mapreduce.Job:  map 100% reduce 0%
23/04/27 13:29:52 INFO mapred.MapTask: Spilling map output
23/04/27 13:29:52 INFO mapred.MapTask: bufstart = 0; bufend = 72511698; bufvoid = 104857600
23/04/27 13:29:52 INFO mapred.MapTask: kvstart = 26214396(104857584); kvend = 23370804(93483216); length = 2843593/6553600
23/04/27 13:29:52 INFO mapred.MapTask: (EQUATOR) 75355282 kvi 18838816(75355264)
23/04/27 13:29:55 INFO mapred.MapTask: Finished spill 0
23/04/27 13:29:55 INFO mapred.MapTask: (RESET) equator 75355282 kv 18838816(75355264) kvi 18127932(72511728)
23/04/27 13:29:55 INFO mapred.LocalJobRunner: 
23/04/27 13:29:55 INFO mapred.MapTask: Starting flush of map output
23/04/27 13:29:55 INFO mapred.MapTask: Spilling map output
23/04/27 13:29:55 INFO mapred.MapTask: bufstart = 75355282; bufend = 34888038; bufvoid = 104857600
23/04/27 13:29:55 INFO mapred.MapTask: kvstart = 18838816(75355264); kvend = 16313708(65254832); length = 2525109/6553600
23/04/27 13:29:56 INFO mapreduce.Job:  map 25% reduce 0%
23/04/27 13:29:57 INFO mapred.LocalJobRunner: map > sort
23/04/27 13:29:58 INFO mapreduce.Job:  map 33% reduce 0%
23/04/27 13:29:58 INFO mapred.MapTask: Finished spill 1
23/04/27 13:29:58 INFO mapred.Merger: Merging 2 sorted segments
23/04/27 13:29:58 INFO mapred.Merger: Down to the last merge-pass, with 2 segments left of total size: 139586394 bytes
23/04/27 13:30:00 INFO mapred.LocalJobRunner: map > sort > 
23/04/27 13:30:01 INFO mapreduce.Job:  map 36% reduce 0%
23/04/27 13:30:01 INFO mapred.Task: Task:attempt_local301854119_0001_m_000002_0 is done. And is in the process of committing
23/04/27 13:30:01 INFO mapred.LocalJobRunner: map > sort
23/04/27 13:30:01 INFO mapred.Task: Task 'attempt_local301854119_0001_m_000002_0' done.
23/04/27 13:30:01 INFO mapred.LocalJobRunner: Finishing task: attempt_local301854119_0001_m_000002_0
23/04/27 13:30:01 INFO mapred.LocalJobRunner: Starting task: attempt_local301854119_0001_m_000003_0
23/04/27 13:30:01 INFO mapred.Task:  Using ResourceCalculatorProcessTree : [ ]
23/04/27 13:30:01 INFO mapred.MapTask: Processing split: hdfs://localhost:9000/input/part-m-00000:671088640+134217728
23/04/27 13:30:01 INFO mapred.MapTask: Map output collector class = org.apache.hadoop.mapred.MapTask$MapOutputBuffer
23/04/27 13:30:01 INFO mapred.MapTask: (EQUATOR) 0 kvi 26214396(104857584)
23/04/27 13:30:01 INFO mapred.MapTask: mapreduce.task.io.sort.mb: 100
23/04/27 13:30:01 INFO mapred.MapTask: soft limit at 83886080
23/04/27 13:30:01 INFO mapred.MapTask: bufstart = 0; bufvoid = 104857600
23/04/27 13:30:01 INFO mapred.MapTask: kvstart = 26214396; length = 6553600
23/04/27 13:30:02 INFO mapreduce.Job:  map 100% reduce 0%
23/04/27 13:30:03 INFO mapred.MapTask: Spilling map output
23/04/27 13:30:03 INFO mapred.MapTask: bufstart = 0; bufend = 72511698; bufvoid = 104857600
23/04/27 13:30:03 INFO mapred.MapTask: kvstart = 26214396(104857584); kvend = 23370804(93483216); length = 2843593/6553600
23/04/27 13:30:03 INFO mapred.MapTask: (EQUATOR) 75355282 kvi 18838816(75355264)
23/04/27 13:30:07 INFO mapred.MapTask: Finished spill 0
23/04/27 13:30:07 INFO mapred.MapTask: (RESET) equator 75355282 kv 18838816(75355264) kvi 18127932(72511728)
23/04/27 13:30:07 WARN util.Progress: Illegal progress value found, progress is larger than 1. Progress will be changed to 1
23/04/27 13:30:07 WARN util.Progress: Illegal progress value found, progress is larger than 1. Progress will be changed to 1
23/04/27 13:30:07 INFO mapred.LocalJobRunner: 
23/04/27 13:30:07 INFO mapred.MapTask: Starting flush of map output
23/04/27 13:30:07 INFO mapred.MapTask: Spilling map output
23/04/27 13:30:07 INFO mapred.MapTask: bufstart = 75355282; bufend = 34888038; bufvoid = 104857600
23/04/27 13:30:07 INFO mapred.MapTask: kvstart = 18838816(75355264); kvend = 16313708(65254832); length = 2525109/6553600
23/04/27 13:30:07 INFO mapreduce.Job:  map 38% reduce 0%
23/04/27 13:30:07 INFO mapred.LocalJobRunner: map > sort
23/04/27 13:30:08 INFO mapreduce.Job:  map 46% reduce 0%
23/04/27 13:30:09 INFO mapred.MapTask: Finished spill 1
23/04/27 13:30:09 INFO mapred.Merger: Merging 2 sorted segments
23/04/27 13:30:09 INFO mapred.Merger: Down to the last merge-pass, with 2 segments left of total size: 139586394 bytes
23/04/27 13:30:10 INFO mapred.LocalJobRunner: map > sort > 
23/04/27 13:30:10 INFO mapred.Task: Task:attempt_local301854119_0001_m_000003_0 is done. And is in the process of committing
23/04/27 13:30:11 INFO mapreduce.Job:  map 50% reduce 0%
23/04/27 13:30:13 INFO mapred.LocalJobRunner: map > sort
23/04/27 13:30:16 INFO mapred.LocalJobRunner: map > sort
23/04/27 13:30:35 INFO mapred.LocalJobRunner: map > sort
23/04/27 13:30:35 INFO mapred.Task: Task 'attempt_local301854119_0001_m_000003_0' done.
23/04/27 13:30:35 INFO mapred.LocalJobRunner: Finishing task: attempt_local301854119_0001_m_000003_0
23/04/27 13:30:35 INFO mapred.LocalJobRunner: Starting task: attempt_local301854119_0001_m_000004_0
23/04/27 13:30:35 INFO mapred.Task:  Using ResourceCalculatorProcessTree : [ ]
23/04/27 13:30:35 INFO mapred.MapTask: Processing split: hdfs://localhost:9000/input/part-m-00000:536870912+134217728
23/04/27 13:30:35 INFO mapred.MapTask: Map output collector class = org.apache.hadoop.mapred.MapTask$MapOutputBuffer
23/04/27 13:30:35 INFO mapred.MapTask: (EQUATOR) 0 kvi 26214396(104857584)
23/04/27 13:30:35 INFO mapred.MapTask: mapreduce.task.io.sort.mb: 100
23/04/27 13:30:35 INFO mapred.MapTask: soft limit at 83886080
23/04/27 13:30:35 INFO mapred.MapTask: bufstart = 0; bufvoid = 104857600
23/04/27 13:30:35 INFO mapred.MapTask: kvstart = 26214396; length = 6553600
23/04/27 13:30:36 INFO mapred.MapTask: Spilling map output
23/04/27 13:30:36 INFO mapred.MapTask: bufstart = 0; bufend = 72511698; bufvoid = 104857600
23/04/27 13:30:36 INFO mapred.MapTask: kvstart = 26214396(104857584); kvend = 23370804(93483216); length = 2843593/6553600
23/04/27 13:30:36 INFO mapred.MapTask: (EQUATOR) 75355282 kvi 18838816(75355264)
23/04/27 13:30:36 INFO mapreduce.Job:  map 100% reduce 0%
23/04/27 13:30:38 INFO mapred.MapTask: Finished spill 0
23/04/27 13:30:38 INFO mapred.MapTask: (RESET) equator 75355282 kv 18838816(75355264) kvi 18127932(72511728)
23/04/27 13:30:38 WARN util.Progress: Illegal progress value found, progress is larger than 1. Progress will be changed to 1
23/04/27 13:30:38 WARN util.Progress: Illegal progress value found, progress is larger than 1. Progress will be changed to 1
23/04/27 13:30:38 INFO mapred.LocalJobRunner: 
23/04/27 13:30:38 INFO mapred.MapTask: Starting flush of map output
23/04/27 13:30:38 INFO mapred.MapTask: Spilling map output
23/04/27 13:30:38 INFO mapred.MapTask: bufstart = 75355282; bufend = 34888038; bufvoid = 104857600
23/04/27 13:30:38 INFO mapred.MapTask: kvstart = 18838816(75355264); kvend = 16313708(65254832); length = 2525109/6553600
23/04/27 13:30:39 INFO mapreduce.Job:  map 50% reduce 0%
23/04/27 13:30:40 INFO mapred.MapTask: Finished spill 1
23/04/27 13:30:40 INFO mapred.Merger: Merging 2 sorted segments
23/04/27 13:30:40 INFO mapred.Merger: Down to the last merge-pass, with 2 segments left of total size: 139586394 bytes
23/04/27 13:30:41 INFO mapred.LocalJobRunner: map > sort > 
23/04/27 13:30:42 INFO mapred.Task: Task:attempt_local301854119_0001_m_000004_0 is done. And is in the process of committing
23/04/27 13:30:42 INFO mapred.LocalJobRunner: map > sort
23/04/27 13:30:42 INFO mapred.Task: Task 'attempt_local301854119_0001_m_000004_0' done.
23/04/27 13:30:42 INFO mapred.LocalJobRunner: Finishing task: attempt_local301854119_0001_m_000004_0
23/04/27 13:30:42 INFO mapred.LocalJobRunner: Starting task: attempt_local301854119_0001_m_000005_0
23/04/27 13:30:42 INFO mapred.Task:  Using ResourceCalculatorProcessTree : [ ]
23/04/27 13:30:42 INFO mapred.MapTask: Processing split: hdfs://localhost:9000/input/part-m-00000:402653184+134217728
23/04/27 13:30:42 INFO mapred.MapTask: Map output collector class = org.apache.hadoop.mapred.MapTask$MapOutputBuffer
23/04/27 13:30:42 INFO mapred.MapTask: (EQUATOR) 0 kvi 26214396(104857584)
23/04/27 13:30:42 INFO mapred.MapTask: mapreduce.task.io.sort.mb: 100
23/04/27 13:30:42 INFO mapred.MapTask: soft limit at 83886080
23/04/27 13:30:42 INFO mapred.MapTask: bufstart = 0; bufvoid = 104857600
23/04/27 13:30:42 INFO mapred.MapTask: kvstart = 26214396; length = 6553600
23/04/27 13:30:42 INFO mapreduce.Job:  map 100% reduce 0%
23/04/27 13:30:42 INFO mapred.MapTask: Spilling map output
23/04/27 13:30:42 INFO mapred.MapTask: bufstart = 0; bufend = 72511698; bufvoid = 104857600
23/04/27 13:30:42 INFO mapred.MapTask: kvstart = 26214396(104857584); kvend = 23370804(93483216); length = 2843593/6553600
23/04/27 13:30:42 INFO mapred.MapTask: (EQUATOR) 75355282 kvi 18838816(75355264)
23/04/27 13:30:44 INFO mapred.MapTask: Finished spill 0
23/04/27 13:30:44 INFO mapred.MapTask: (RESET) equator 75355282 kv 18838816(75355264) kvi 18127932(72511728)
23/04/27 13:30:45 WARN util.Progress: Illegal progress value found, progress is larger than 1. Progress will be changed to 1
23/04/27 13:30:45 WARN util.Progress: Illegal progress value found, progress is larger than 1. Progress will be changed to 1
23/04/27 13:30:45 INFO mapred.LocalJobRunner: 
23/04/27 13:30:45 INFO mapred.MapTask: Starting flush of map output
23/04/27 13:30:45 INFO mapred.MapTask: Spilling map output
23/04/27 13:30:45 INFO mapred.MapTask: bufstart = 75355282; bufend = 34888140; bufvoid = 104857600
23/04/27 13:30:45 INFO mapred.MapTask: kvstart = 18838816(75355264); kvend = 16313704(65254816); length = 2525113/6553600
23/04/27 13:30:45 INFO mapreduce.Job:  map 63% reduce 0%
23/04/27 13:30:47 INFO mapred.MapTask: Finished spill 1
23/04/27 13:30:47 INFO mapred.Merger: Merging 2 sorted segments
23/04/27 13:30:47 INFO mapred.Merger: Down to the last merge-pass, with 2 segments left of total size: 139586498 bytes
23/04/27 13:30:48 INFO mapred.LocalJobRunner: map > sort > 
23/04/27 13:30:48 INFO mapred.Task: Task:attempt_local301854119_0001_m_000005_0 is done. And is in the process of committing
23/04/27 13:30:48 INFO mapred.LocalJobRunner: map > sort
23/04/27 13:30:48 INFO mapred.Task: Task 'attempt_local301854119_0001_m_000005_0' done.
23/04/27 13:30:48 INFO mapred.LocalJobRunner: Finishing task: attempt_local301854119_0001_m_000005_0
23/04/27 13:30:48 INFO mapred.LocalJobRunner: Starting task: attempt_local301854119_0001_m_000006_0
23/04/27 13:30:48 INFO mapred.Task:  Using ResourceCalculatorProcessTree : [ ]
23/04/27 13:30:48 INFO mapred.MapTask: Processing split: hdfs://localhost:9000/input/part-m-00000:268435456+134217728
23/04/27 13:30:48 INFO mapred.MapTask: Map output collector class = org.apache.hadoop.mapred.MapTask$MapOutputBuffer
23/04/27 13:30:48 INFO mapreduce.Job:  map 100% reduce 0%
23/04/27 13:30:48 INFO mapred.MapTask: (EQUATOR) 0 kvi 26214396(104857584)
23/04/27 13:30:48 INFO mapred.MapTask: mapreduce.task.io.sort.mb: 100
23/04/27 13:30:48 INFO mapred.MapTask: soft limit at 83886080
23/04/27 13:30:48 INFO mapred.MapTask: bufstart = 0; bufvoid = 104857600
23/04/27 13:30:48 INFO mapred.MapTask: kvstart = 26214396; length = 6553600
23/04/27 13:30:49 INFO mapred.MapTask: Spilling map output
23/04/27 13:30:49 INFO mapred.MapTask: bufstart = 0; bufend = 72511698; bufvoid = 104857600
23/04/27 13:30:49 INFO mapred.MapTask: kvstart = 26214396(104857584); kvend = 23370804(93483216); length = 2843593/6553600
23/04/27 13:30:49 INFO mapred.MapTask: (EQUATOR) 75355282 kvi 18838816(75355264)
23/04/27 13:30:51 INFO mapred.MapTask: Finished spill 0
23/04/27 13:30:51 INFO mapred.MapTask: (RESET) equator 75355282 kv 18838816(75355264) kvi 18127932(72511728)
23/04/27 13:30:51 WARN util.Progress: Illegal progress value found, progress is larger than 1. Progress will be changed to 1
23/04/27 13:30:51 WARN util.Progress: Illegal progress value found, progress is larger than 1. Progress will be changed to 1
23/04/27 13:30:51 INFO mapred.LocalJobRunner: 
23/04/27 13:30:51 INFO mapred.MapTask: Starting flush of map output
23/04/27 13:30:51 INFO mapred.MapTask: Spilling map output
23/04/27 13:30:51 INFO mapred.MapTask: bufstart = 75355282; bufend = 34888038; bufvoid = 104857600
23/04/27 13:30:51 INFO mapred.MapTask: kvstart = 18838816(75355264); kvend = 16313708(65254832); length = 2525109/6553600
23/04/27 13:30:51 INFO mapreduce.Job:  map 75% reduce 0%
23/04/27 13:30:53 INFO mapred.MapTask: Finished spill 1
23/04/27 13:30:53 INFO mapred.Merger: Merging 2 sorted segments
23/04/27 13:30:53 INFO mapred.Merger: Down to the last merge-pass, with 2 segments left of total size: 139586394 bytes
23/04/27 13:30:54 INFO mapred.LocalJobRunner: map > sort > 
23/04/27 13:30:54 INFO mapreduce.Job:  map 87% reduce 0%
23/04/27 13:30:54 INFO mapred.Task: Task:attempt_local301854119_0001_m_000006_0 is done. And is in the process of committing
23/04/27 13:30:54 INFO mapred.LocalJobRunner: map > sort
23/04/27 13:30:54 INFO mapred.Task: Task 'attempt_local301854119_0001_m_000006_0' done.
23/04/27 13:30:54 INFO mapred.LocalJobRunner: Finishing task: attempt_local301854119_0001_m_000006_0
23/04/27 13:30:54 INFO mapred.LocalJobRunner: Starting task: attempt_local301854119_0001_m_000007_0
23/04/27 13:30:54 INFO mapred.Task:  Using ResourceCalculatorProcessTree : [ ]
23/04/27 13:30:54 INFO mapred.MapTask: Processing split: hdfs://localhost:9000/input/part-m-00000:939524096+60475904
23/04/27 13:30:54 INFO mapred.MapTask: Map output collector class = org.apache.hadoop.mapred.MapTask$MapOutputBuffer
23/04/27 13:30:54 INFO mapred.MapTask: (EQUATOR) 0 kvi 26214396(104857584)
23/04/27 13:30:54 INFO mapred.MapTask: mapreduce.task.io.sort.mb: 100
23/04/27 13:30:54 INFO mapred.MapTask: soft limit at 83886080
23/04/27 13:30:54 INFO mapred.MapTask: bufstart = 0; bufvoid = 104857600
23/04/27 13:30:54 INFO mapred.MapTask: kvstart = 26214396; length = 6553600
23/04/27 13:30:55 INFO mapred.LocalJobRunner: 
23/04/27 13:30:55 INFO mapred.MapTask: Starting flush of map output
23/04/27 13:30:55 INFO mapred.MapTask: Spilling map output
23/04/27 13:30:55 INFO mapred.MapTask: bufstart = 0; bufend = 61685418; bufvoid = 104857600
23/04/27 13:30:55 INFO mapred.MapTask: kvstart = 26214396(104857584); kvend = 23795364(95181456); length = 2419033/6553600
23/04/27 13:30:55 INFO mapreduce.Job:  map 88% reduce 0%
23/04/27 13:30:57 INFO mapred.MapTask: Finished spill 0
23/04/27 13:30:57 INFO mapred.Task: Task:attempt_local301854119_0001_m_000007_0 is done. And is in the process of committing
23/04/27 13:30:57 INFO mapred.LocalJobRunner: map
23/04/27 13:30:57 INFO mapred.Task: Task 'attempt_local301854119_0001_m_000007_0' done.
23/04/27 13:30:57 INFO mapred.LocalJobRunner: Finishing task: attempt_local301854119_0001_m_000007_0
23/04/27 13:30:57 INFO mapred.LocalJobRunner: map task executor complete.
23/04/27 13:30:57 INFO mapred.LocalJobRunner: Waiting for reduce tasks
23/04/27 13:30:57 INFO mapred.LocalJobRunner: Starting task: attempt_local301854119_0001_r_000000_0
23/04/27 13:30:57 INFO mapred.Task:  Using ResourceCalculatorProcessTree : [ ]
23/04/27 13:30:57 INFO mapred.ReduceTask: Using ShuffleConsumerPlugin: org.apache.hadoop.mapreduce.task.reduce.Shuffle@5992c397
23/04/27 13:30:57 INFO reduce.MergeManagerImpl: MergerManager: memoryLimit=368469600, maxSingleShuffleLimit=92117400, mergeThreshold=243189952, ioSortFactor=10, memToMemMergeOutputsThreshold=10
23/04/27 13:30:57 INFO reduce.EventFetcher: attempt_local301854119_0001_r_000000_0 Thread started: EventFetcher for fetching Map Completion Events
23/04/27 13:30:57 INFO reduce.MergeManagerImpl: attempt_local301854119_0001_m_000004_0: Shuffling to disk since 139586410 is greater than maxSingleShuffleLimit (92117400)
23/04/27 13:30:57 INFO reduce.LocalFetcher: localfetcher#1 about to shuffle output of map attempt_local301854119_0001_m_000004_0 decomp: 139586410 len: 139586414 to DISK
23/04/27 13:30:57 INFO reduce.OnDiskMapOutput: Read 139586414 bytes from map-output for attempt_local301854119_0001_m_000004_0
23/04/27 13:30:57 INFO reduce.LocalFetcher: localfetcher#1 about to shuffle output of map attempt_local301854119_0001_m_000007_0 decomp: 62894938 len: 62894942 to MEMORY
23/04/27 13:30:57 INFO mapreduce.Job:  map 100% reduce 0%
23/04/27 13:30:57 INFO reduce.InMemoryMapOutput: Read 62894938 bytes from map-output for attempt_local301854119_0001_m_000007_0
23/04/27 13:30:57 INFO reduce.MergeManagerImpl: closeInMemoryFile -> map-output of size: 62894938, inMemoryMapOutputs.size() -> 1, commitMemory -> 0, usedMemory ->62894938
23/04/27 13:30:57 INFO reduce.MergeManagerImpl: attempt_local301854119_0001_m_000001_0: Shuffling to disk since 139586410 is greater than maxSingleShuffleLimit (92117400)
23/04/27 13:30:57 INFO reduce.LocalFetcher: localfetcher#1 about to shuffle output of map attempt_local301854119_0001_m_000001_0 decomp: 139586410 len: 139586414 to DISK
23/04/27 13:30:58 INFO reduce.OnDiskMapOutput: Read 139586414 bytes from map-output for attempt_local301854119_0001_m_000001_0
23/04/27 13:30:58 INFO reduce.MergeManagerImpl: attempt_local301854119_0001_m_000002_0: Shuffling to disk since 139586410 is greater than maxSingleShuffleLimit (92117400)
23/04/27 13:30:58 INFO reduce.LocalFetcher: localfetcher#1 about to shuffle output of map attempt_local301854119_0001_m_000002_0 decomp: 139586410 len: 139586414 to DISK
23/04/27 13:30:58 INFO reduce.OnDiskMapOutput: Read 139586414 bytes from map-output for attempt_local301854119_0001_m_000002_0
23/04/27 13:30:58 INFO reduce.MergeManagerImpl: attempt_local301854119_0001_m_000005_0: Shuffling to disk since 139586514 is greater than maxSingleShuffleLimit (92117400)
23/04/27 13:30:58 INFO reduce.LocalFetcher: localfetcher#1 about to shuffle output of map attempt_local301854119_0001_m_000005_0 decomp: 139586514 len: 139586518 to DISK
23/04/27 13:30:59 INFO reduce.OnDiskMapOutput: Read 139586518 bytes from map-output for attempt_local301854119_0001_m_000005_0
23/04/27 13:30:59 INFO reduce.MergeManagerImpl: attempt_local301854119_0001_m_000006_0: Shuffling to disk since 139586410 is greater than maxSingleShuffleLimit (92117400)
23/04/27 13:30:59 INFO reduce.LocalFetcher: localfetcher#1 about to shuffle output of map attempt_local301854119_0001_m_000006_0 decomp: 139586410 len: 139586414 to DISK
23/04/27 13:30:59 INFO reduce.OnDiskMapOutput: Read 139586414 bytes from map-output for attempt_local301854119_0001_m_000006_0
23/04/27 13:30:59 INFO reduce.MergeManagerImpl: attempt_local301854119_0001_m_000000_0: Shuffling to disk since 139586514 is greater than maxSingleShuffleLimit (92117400)
23/04/27 13:30:59 INFO reduce.LocalFetcher: localfetcher#1 about to shuffle output of map attempt_local301854119_0001_m_000000_0 decomp: 139586514 len: 139586518 to DISK
23/04/27 13:31:00 INFO reduce.OnDiskMapOutput: Read 139586518 bytes from map-output for attempt_local301854119_0001_m_000000_0
23/04/27 13:31:00 INFO reduce.MergeManagerImpl: attempt_local301854119_0001_m_000003_0: Shuffling to disk since 139586410 is greater than maxSingleShuffleLimit (92117400)
23/04/27 13:31:00 INFO reduce.LocalFetcher: localfetcher#1 about to shuffle output of map attempt_local301854119_0001_m_000003_0 decomp: 139586410 len: 139586414 to DISK
23/04/27 13:31:01 INFO reduce.OnDiskMapOutput: Read 139586414 bytes from map-output for attempt_local301854119_0001_m_000003_0
23/04/27 13:31:01 INFO reduce.EventFetcher: EventFetcher is interrupted.. Returning
23/04/27 13:31:01 INFO mapred.LocalJobRunner: 8 / 8 copied.
23/04/27 13:31:01 INFO reduce.MergeManagerImpl: finalMerge called with 1 in-memory map-outputs and 7 on-disk map-outputs
23/04/27 13:31:01 INFO mapred.Merger: Merging 1 sorted segments
23/04/27 13:31:01 INFO mapred.Merger: Down to the last merge-pass, with 1 segments left of total size: 62894925 bytes
23/04/27 13:31:01 INFO reduce.MergeManagerImpl: Merged 1 segments, 62894938 bytes to disk to satisfy reduce memory limit
23/04/27 13:31:01 INFO reduce.MergeManagerImpl: Merging 8 files, 1040000048 bytes from disk
23/04/27 13:31:01 INFO reduce.MergeManagerImpl: Merging 0 segments, 0 bytes from memory into reduce
23/04/27 13:31:01 INFO mapred.Merger: Merging 8 sorted segments
23/04/27 13:31:01 INFO mapred.Merger: Down to the last merge-pass, with 8 segments left of total size: 1039999912 bytes
23/04/27 13:31:01 INFO mapred.LocalJobRunner: 8 / 8 copied.
23/04/27 13:31:02 INFO Configuration.deprecation: mapred.skip.on is deprecated. Instead, use mapreduce.job.skiprecords
23/04/27 13:31:03 INFO mapred.LocalJobRunner: reduce > reduce
23/04/27 13:31:03 INFO mapreduce.Job:  map 100% reduce 69%
23/04/27 13:31:06 INFO mapred.LocalJobRunner: reduce > reduce
23/04/27 13:31:06 INFO mapreduce.Job:  map 100% reduce 76%
23/04/27 13:31:09 INFO mapred.LocalJobRunner: reduce > reduce
23/04/27 13:31:09 INFO mapreduce.Job:  map 100% reduce 85%
23/04/27 13:31:12 INFO mapred.LocalJobRunner: reduce > reduce
23/04/27 13:31:12 INFO mapreduce.Job:  map 100% reduce 93%
23/04/27 13:31:14 INFO mapred.Task: Task:attempt_local301854119_0001_r_000000_0 is done. And is in the process of committing
23/04/27 13:31:14 INFO mapred.LocalJobRunner: reduce > reduce
23/04/27 13:31:14 INFO mapred.Task: Task attempt_local301854119_0001_r_000000_0 is allowed to commit now
23/04/27 13:31:14 INFO output.FileOutputCommitter: Saved output of task 'attempt_local301854119_0001_r_000000_0' to hdfs://localhost:9000/output/_temporary/0/task_local301854119_0001_r_000000
23/04/27 13:31:14 INFO mapred.LocalJobRunner: reduce > reduce
23/04/27 13:31:14 INFO mapred.Task: Task 'attempt_local301854119_0001_r_000000_0' done.
23/04/27 13:31:14 INFO mapred.LocalJobRunner: Finishing task: attempt_local301854119_0001_r_000000_0
23/04/27 13:31:14 INFO mapred.LocalJobRunner: reduce task executor complete.
23/04/27 13:31:15 INFO mapreduce.Job:  map 100% reduce 100%
23/04/27 13:31:15 INFO mapreduce.Job: Job job_local301854119_0001 completed successfully
23/04/27 13:31:15 INFO mapreduce.Job: Counters: 38
	File System Counters
		FILE: Number of bytes read=7945102025
		FILE: Number of bytes written=12903293634
		FILE: Number of read operations=0
		FILE: Number of large read operations=0
		FILE: Number of write operations=0
		HDFS: Number of bytes read=5848096500
		HDFS: Number of bytes written=1000000000
		HDFS: Number of read operations=271
		HDFS: Number of large read operations=0
		HDFS: Number of write operations=20
	Map-Reduce Framework
		Map input records=10000000
		Map output records=10000000
		Map output bytes=1020000000
		Map output materialized bytes=1040000048
		Input split bytes=840
		Combine input records=0
		Combine output records=0
		Reduce input groups=10000000
		Reduce shuffle bytes=1040000048
		Reduce input records=10000000
		Reduce output records=10000000
		Spilled Records=29395241
		Shuffled Maps =8
		Failed Shuffles=0
		Merged Map outputs=8
		GC time elapsed (ms)=1206
		CPU time spent (ms)=0
		Physical memory (bytes) snapshot=0
		Virtual memory (bytes) snapshot=0
		Total committed heap usage (bytes)=3980394496
	Shuffle Errors
		BAD_ID=0
		CONNECTION=0
		IO_ERROR=0
		WRONG_LENGTH=0
		WRONG_MAP=0
		WRONG_REDUCE=0
	File Input Format Counters 
		Bytes Read=1000000000
	File Output Format Counters 
		Bytes Written=1000000000
23/04/27 13:31:15 INFO terasort.TeraSort: done
